Starting Dynare (version 4.5.7).
Starting preprocessing of the model file ...
Found 49 equation(s).
Evaluating expressions...done
Computing static model derivatives:
 - order 1
Computing dynamic model derivatives:
 - order 1
 - order 2
Processing outputs ...
done
Preprocessing completed.

EIGENVALUES:
         Modulus             Real        Imaginary

               0                0                0
               0               -0                0
               0                0                0
               0               -0                0
       3.859e-17       -3.859e-17                0
       5.287e-16        5.287e-16                0
       9.558e-16        9.558e-16                0
         0.06033          0.06033                0
          0.1266           0.1266                0
          0.2514           0.2514                0
          0.3147           0.3147                0
          0.3269           0.3269                0
          0.5114           0.5114                0
          0.7242           0.7242                0
          0.7818           0.7765          0.09127
          0.7818           0.7765         -0.09127
             0.8              0.8                0
             0.9              0.9                0
          0.9796           0.9796                0
          0.9866           0.9865          0.01353
          0.9866           0.9865         -0.01353
          0.9974           0.9974         0.008257
          0.9974           0.9974        -0.008257
           1.014            1.014         0.001005
           1.014            1.014        -0.001005
           1.055            1.055                0
           1.055            1.055                0
           1.121             1.11           0.1558
           1.121             1.11          -0.1558
           1.123            1.123                0
       9.697e+18       -9.697e+18                0
             Inf             -Inf                0


There are 9 eigenvalue(s) larger than 1 in modulus 
for 9 forward-looking variable(s)

The rank condition is verified.


STEADY-STATE RESULTS:

cs     		 0
cn     		 0
R      		 0
i      		 0
k      		 0
v      		 0
l      		 0
y      		 0
gc     		 0
c      		 0
q      		 0
rk     		 0
w      		 0
pi     		 0
b      		 0
sb     		 0
tauk   		 0
taul   		 0
tauc   		 0
r      		 0
z      		 0
mc     		 0
kbar   		 0
lambda 		 0
Pb     		 0
cstar  		 0
piL    		 0
rL     		 0
S      		 0
rb     		 0
Tk     		 0
Tl     		 0
Tc     		 0
cobs   		 0
iobs   		 0
gcobs  		 0
wobs   		 0
bobs   		 0
Robs   		 0
Piobs  		 0
Lobs   		 0
ugc    		 0
uz     		 0
ua     		 0
ub     		 0
um     		 0
ui     		 0
uw     		 0
up     		 0

MODEL SUMMARY

  Number of variables:         49
  Number of stochastic shocks: 8
  Number of state variables:   23
  Number of jumpers:           9
  Number of static variables:  22


MATRIX OF COVARIANCE OF EXOGENOUS SHOCKS
Variables           eugc          euz          eua          eub          eum          eui          euw          eup
eugc            3.357538     0.000000     0.000000     0.000000     0.000000     0.000000     0.000000     0.000000
euz             0.000000     7.188618     0.000000     0.000000     0.000000     0.000000     0.000000     0.000000
eua             0.000000     0.000000     1.066930     0.000000     0.000000     0.000000     0.000000     0.000000
eub             0.000000     0.000000     0.000000  1819.527938     0.000000     0.000000     0.000000     0.000000
eum             0.000000     0.000000     0.000000     0.000000     0.053448     0.000000     0.000000     0.000000
eui             0.000000     0.000000     0.000000     0.000000     0.000000     0.958327     0.000000     0.000000
euw             0.000000     0.000000     0.000000     0.000000     0.000000     0.000000     0.062679     0.000000
eup             0.000000     0.000000     0.000000     0.000000     0.000000     0.000000     0.000000     0.009765

POLICY AND TRANSITION FUNCTIONS
                                  cs              cn               R               i               k               v               l               y              gc               c               q              rk               w              pi               b              sb            tauk            taul            tauc               r               z              mc            kbar          lambda              Pb           cstar             piL              rL               S              rb              Tk              Tl              Tc            cobs            iobs           gcobs            wobs            bobs            Robs           Piobs            Lobs             ugc              uz              ua              ub              um              ui              uw              up
R(-1)                      -0.029510       -0.210046        0.745374       -0.966456       -0.213078       -0.213078       -0.232645       -0.257854               0       -0.029510       -2.203834       -0.030801       -0.011235        0.000291       -2.115506       -1.857652               0               0               0        0.744798               0       -0.017692       -0.026448        2.350375       -2.244040       -0.030396        0.075598        2.168442       -3.260470       -2.126956       -0.243879       -0.243879       -0.029510       -2.950997      -96.645649               0       -1.123472     -211.550587       74.537369        0.029088      -23.264450               0               0               0               0               0               0               0               0
gc(-1)                      0.026590        0.105439        0.008548       -0.103875        0.106960        0.106960        0.123963        0.134922        0.984048        0.026590       -0.061099        0.015462       -0.001541        0.009678       -0.256864       -0.391786               0               0               0       -0.001751               0        0.004070       -0.002843        0.166932       -0.317637       -0.002159        0.244917        0.072720       -5.640506       -0.310701        0.122422        0.122422        0.026590        2.659038      -10.387503       -1.595204       -0.154140      -25.686419        0.854823        0.967785       12.396344               0               0               0               0               0               0               0               0
c(-1)                              0               0               0               0               0               0               0               0               0               0               0               0               0               0               0               0               0               0               0               0               0               0               0               0               0               0               0               0               0               0               0               0               0     -100.000000               0               0               0               0               0               0               0               0               0               0               0               0               0               0               0
b(-1)                       0.000618        0.000987        0.001086        0.001377        0.001001        0.001001        0.000752        0.000951               0        0.000618        0.007391        0.000145        0.000393        0.003754        0.937325        0.936374               0               0               0       -0.002928               0        0.000311        0.000038       -0.049220       -0.071897        0.000637        0.078900       -0.007003        0.015839       -0.071890        0.001146        0.001146        0.000618        0.061798        0.137677               0        0.039333       -6.267499        0.108561        0.375363        0.075249               0               0               0               0               0               0               0               0
sb(-1)                     -0.000092       -0.000288       -0.000028        0.000363       -0.000372       -0.000372       -0.000431       -0.000469       -0.003429       -0.000092        0.000223       -0.000054        0.000006       -0.000029        0.000826        0.001296               0               0               0        0.000002        0.000565       -0.000014        0.000010       -0.000626        0.001005        0.000008       -0.000743       -0.000262        0.016324        0.000981       -0.000426       -0.000426       -0.000092       -0.009211        0.036259       -0.342899        0.000563        0.082631       -0.002839       -0.002880       -0.043141               0               0               0               0               0               0               0               0
z(-1)                       0.000955        0.137165        0.002428        0.001098        0.001229        0.001229        0.000958        0.001194               0        0.000955        0.017323        0.000178        0.000449        0.008541       -0.119270       -0.120464               0               0               0       -0.006710        0.980000        0.000359        0.000030       -0.076041       -0.176553        0.000983        0.191747       -0.015194       -5.778201       -0.175860        0.001406        0.001406        0.000955        0.095472        0.109809               0        0.044858      -11.927037        0.242811        0.854120        0.095779               0               0               0               0               0               0               0               0
kbar(-1)                    0.005859       -0.231530       -0.012433        0.160917       -0.108574       -1.108574       -0.275978       -0.251638               0        0.005859        0.119411       -0.160250        0.007154       -0.005435        0.272133        0.523770               0               0               0       -0.007334               0       -0.048089        0.977038       -0.466662        0.241063        0.006035       -0.050514       -0.190549       -3.552247        0.233889       -0.268824       -0.268824        0.005859        0.585914       16.091678               0        0.715406       27.213287       -1.243336       -0.543501      -27.597794               0               0               0               0               0               0               0               0
cstar(-1)                   0.938799        0.540078        0.024018       -0.559712        0.547873        0.547873        0.639375        0.694464               0        0.938799       -0.467251        0.079198       -0.012304       -0.022006       -0.235442       -0.929906               0               0               0        0.047841               0        0.017892       -0.015317        1.552639       -0.170817        0.966988       -0.341693        0.512509        9.321109       -0.139876        0.627071        0.627071        0.938799       93.879922      -55.971202               0       -1.230409      -23.544199        2.401798       -2.200557       63.937480               0               0               0               0               0               0               0               0
ugc(-1)                     0.003385        0.013181        0.001129       -0.015132        0.013372        0.013372        0.015535        0.016896        0.126568        0.003385       -0.008590        0.001933       -0.000230        0.001422       -0.038417       -0.055313               0               0               0       -0.000386               0        0.000484       -0.000414        0.024223       -0.046349       -0.000313        0.036039        0.010310       -0.731360       -0.045346        0.015305        0.015305        0.003385        0.338549       -1.513238       12.656814       -0.023015       -3.841673        0.112880        0.142159        1.553477        0.126568               0               0               0               0               0               0               0
uz(-1)                      0.003640        0.115564        0.009675        0.004348        0.004647        0.004647        0.003697        0.004572               0        0.003640        0.069596        0.000672        0.001622        0.034061       -0.665925       -0.670497               0               0               0       -0.026766        0.800000        0.001308        0.000119       -0.289894       -0.708868        0.003749        0.769558       -0.060689       -4.658577       -0.705851        0.005319        0.005319        0.003640        0.363975        0.434811               0        0.162184      -66.592467        0.967462        3.406062        0.369713               0        0.800000               0               0               0               0               0               0
ua(-1)                     -0.234759       -0.209059       -0.009827       -0.045569       -0.243832        0.007600       -0.104196       -0.171314               0       -0.234759        0.144267        0.001099       -0.138538       -0.008598       -0.089029        0.082285               0               0               0       -0.002005               0       -0.092458       -0.245798       -0.492744        0.126635       -0.241808        0.008299       -0.134934       -3.468329        0.128610       -0.242733       -0.242733       -0.234759        1.667302       20.586288       25.143177       11.289403       16.240291       -0.982735       -0.859836      -10.419551               0               0        0.251432               0               0               0               0               0
ub(-1)                      0.003836        0.002416        0.000100       -0.003349        0.002451        0.002451        0.002317        0.002692               0        0.003836       -0.002540        0.000354        0.000488       -0.000061       -0.001517       -0.004209               0               0               0        0.000172               0        0.000444       -0.000092        0.009227       -0.001214        0.003951       -0.001621        0.002834        0.041300       -0.001089        0.002805        0.002805        0.003836        0.383551       -0.334917               0        0.048790       -0.151684        0.009973       -0.006147        0.231716               0               0               0        0.314714               0               0               0               0
ui(-1)                     -0.003092        0.276184        0.014906        1.470604        0.280170        0.280170        0.316736        0.347323               0       -0.003092       -0.386456        0.040500        0.003934       -0.000604       -0.312461       -0.659784               0               0               0        0.015792               0        0.016001        0.186142        0.246240       -0.282290       -0.003184       -0.028116        0.310406        4.241576       -0.266920        0.320670        0.320670       -0.003092       -0.309165      147.060368               0        0.393404      -31.246086        1.490597       -0.060419       31.673577               0               0               0               0               0        0.511412               0               0
uw(-1)                     -0.002902        0.591103        0.035168       -0.152513        0.599634        0.599634       -0.133050        0.123959               0       -0.002902        0.005038        0.086680        0.819364        0.107068       -0.843995       -0.967954               0               0               0       -0.070812               0        0.577578       -0.004174        0.231127       -0.672860       -0.002989        0.651124        0.021736        9.082081       -0.744734        0.686314        0.686314       -0.002902       -0.290190      -15.251295               0       81.936409      -84.399481        3.516793       10.706817      -13.304968               0               0               0               0               0               0        0.326895               0
up(-1)                     -0.005130       -1.706702        0.552619       -1.136413       -1.731334       -1.731334       -0.017359       -0.664587               0       -0.005130       -0.712608       -0.250273       -1.964247        2.089974       -4.102842       -3.438255               0               0               0       -0.930232               0       -1.398636       -0.031099        0.408593       -2.357526       -0.005284        1.891340        0.466186      -26.237515       -4.324189       -1.981607       -1.981607       -0.005130       -0.513006     -113.641297               0     -196.424721     -410.284220       55.261945      208.997446       -1.735930               0               0               0               0               0               0               0        0.724249
i(-1)                      -0.001355        0.156711        0.008637        0.839035        0.158973        0.158973        0.181221        0.198222               0       -0.001355       -0.121531        0.022980        0.000732        0.000123       -0.121686       -0.319908               0               0               0        0.008626               0        0.008074        0.022961        0.107931       -0.101588       -0.001396       -0.004786        0.106374        2.407169       -0.096398        0.181953        0.181953       -0.001355       -0.135512      -16.096451               0        0.073237      -12.168609        0.863726        0.012322       18.122061               0               0               0               0               0               0               0               0
w(-1)                      -0.002259        0.656297        0.028465       -0.113940        0.665769        0.665769       -0.133170        0.148747               0       -0.002259       -0.011192        0.096240        0.895179        0.079108       -0.641630       -0.790377               0               0               0       -0.046779               0        0.631529       -0.003118        0.179910       -0.480384       -0.002327        0.450337        0.030048       10.084803       -0.534365        0.762009        0.762009       -0.002259       -0.225885      -11.394030               0      -10.482142      -64.162963        2.846469        7.910757      -13.316955               0               0               0               0               0               0               0               0
pi(-1)                     -0.000755        0.013973        0.017324       -0.026024        0.014174        0.014174       -0.009308       -0.001777               0       -0.000755       -0.048675        0.002049        0.025532        0.062547       -0.125552       -0.123774               0               0               0        0.011601               0        0.017782       -0.000712        0.060153       -0.062900       -0.000778        0.014528        0.048371        0.213940       -0.122157        0.016223        0.016223       -0.000755       -0.075524       -2.602415               0        2.553160      -12.555164        1.732439        6.254695       -0.930821               0               0               0               0               0               0               0               0
Pb(-1)                     -0.000618       -0.000987       -0.001086       -0.001377       -0.001001       -0.001001       -0.000752       -0.000951               0       -0.000618       -0.007391       -0.000145       -0.000393       -0.003754       -0.937325       -0.936374               0               0               0        0.002928               0       -0.000311       -0.000038        0.049220        0.071897       -0.000637       -0.078900        0.007003       -0.015839       -0.928110       -0.001146       -0.001146       -0.000618       -0.061798       -0.137677               0       -0.039333      -93.732501       -0.108561       -0.375363       -0.075249               0               0               0               0               0               0               0               0
eugc                        0.026748        0.104145        0.008919       -0.119559        0.105648        0.105648        0.122738        0.133492        1.000000        0.026748       -0.067868        0.015272       -0.001818        0.011232       -0.303526       -0.437018               0               0               0       -0.003048               0        0.003821       -0.003272        0.191387       -0.366197       -0.002475        0.284738        0.081459       -5.778393       -0.358275        0.120920        0.120920        0.026748        2.674836      -11.955913      100.000000       -0.181838      -30.352609        0.891853        1.123181       12.273841        1.000000               0               0               0               0               0               0               0
euz                         0.004550        0.144454        0.012093        0.005435        0.005809        0.005809        0.004621        0.005715               0        0.004550        0.086994        0.000840        0.002027        0.042576       -0.832406       -0.838121               0               0               0       -0.033458        1.000000        0.001635        0.000149       -0.362368       -0.886085        0.004686        0.961947       -0.075862       -5.823221       -0.882314        0.006649        0.006649        0.004550        0.454968        0.543513               0        0.202730      -83.240584        1.209328        4.257578        0.462142               0        1.000000               0               0               0               0               0               0
eua                        -0.932885       -1.064813       -0.049206       -0.140728       -1.206479       -0.206479       -0.367062       -0.734239               0       -0.932885        0.577762       -0.029847       -0.869264       -0.062323       -0.125965        0.608274               0               0               0        0.008657               0       -0.592257       -0.976485       -2.023719        0.674451       -0.960896       -0.127103       -0.547347      -17.379829        0.701497       -1.236326       -1.236326       -0.932885        6.711539       85.927233      100.000000       13.073602       87.403520       -4.920580       -6.232319      -36.706205               0               0        1.000000               0               0               0               0               0
eub                         0.012187        0.007677        0.000317       -0.010642        0.007787        0.007787        0.007363        0.008553               0        0.012187       -0.008071        0.001126        0.001550       -0.000195       -0.004820       -0.013373               0               0               0        0.000547               0        0.001410       -0.000291        0.029320       -0.003856        0.012553       -0.005150        0.009006        0.131231       -0.003459        0.008913        0.008913        0.012187        1.218730       -1.064196               0        0.155029       -0.481976        0.031688       -0.019532        0.736275               0               0               0        1.000000               0               0               0               0
eum                        -0.009018       -0.064192        0.227792       -0.295357       -0.065118       -0.065118       -0.071098       -0.078802               0       -0.009018       -0.673509       -0.009413       -0.003433        0.000089       -0.646515       -0.567713               0               0               0        0.227616               0       -0.005407       -0.008083        0.718293       -0.685796       -0.009289        0.023103        0.662693       -0.996425       -0.650014       -0.074531       -0.074531       -0.009018       -0.901848      -29.535675               0       -0.343342      -64.651533       22.779209        0.008889       -7.109800               0               0               0               0        0.231187               0               0               0
eui                        -0.006045        0.540042        0.029147        2.875576        0.547836        0.547836        0.619336        0.679145               0       -0.006045       -0.755665        0.079192        0.007693       -0.001181       -0.610977       -1.290122               0               0               0        0.030879               0        0.031287        0.363976        0.481490       -0.551982       -0.006227       -0.054976        0.606958        8.293855       -0.521929        0.627029        0.627029       -0.006045       -0.604532      287.557605               0        0.769251      -61.097697        2.914671       -0.118141       61.933599               0               0               0               0               0        1.000000               0               0
euw                        -0.008877        1.808237        0.107582       -0.466551        1.834335        1.834335       -0.407011        0.379202               0       -0.008877        0.015412        0.265162        2.506508        0.327531       -2.581855       -2.961057               0               0               0       -0.216621               0        1.766864       -0.012768        0.707038       -2.058339       -0.009144        1.991846        0.066493       27.782891       -2.278208        2.099497        2.099497       -0.008877       -0.887716      -46.655065               0      250.650751     -258.185506       10.758181       32.753103      -40.701080               0               0               0               0               0               0        1.000000               0
eup                        -0.007083       -2.356512        0.763024       -1.569091       -2.390522       -2.390522       -0.023969       -0.917622               0       -0.007083       -0.983926       -0.345562       -2.712115        2.885711       -5.664958       -4.747337               0               0               0       -1.284408               0       -1.931152       -0.042940        0.564161       -3.255130       -0.007296        2.611449        0.643681      -36.227185       -5.970580       -2.736083       -2.736083       -0.007083       -0.708328     -156.909076               0     -271.211455     -566.495805       76.302374      288.571119       -2.396868               0               0               0               0               0               0               0        1.000000


THEORETICAL MOMENTS
VARIABLE           MEAN    STD. DEV.     VARIANCE
cs               0.0000      19.0046     361.1732
cn               0.0000      10.4219     108.6167
R                0.0000       2.4273       5.8918
i                0.0000      52.0485    2709.0437
k                0.0000       6.3798      40.7025
v                0.0000      40.0443    1603.5498
l                0.0000       4.4829      20.0962
y                0.0000       3.0890       9.5420
gc               0.0000     137.6557   18949.0950
c                0.0000      19.0046     361.1732
q                0.0000       2.5782       6.6473
rk               0.0000       5.7886      33.5080
w                0.0000       5.2148      27.1941
pi               0.0000       2.3242       5.4019
b                0.0000     708.9863  502661.5170
sb               0.0000     710.6500  505023.4216
tauk             0.0000       0.0000       0.0000
taul             0.0000       0.0000       0.0000
tauc             0.0000       0.0000       0.0000
r                0.0000       0.4695       0.2204
z                0.0000      70.1189    4916.6613
mc               0.0000       3.1183       9.7237
kbar             0.0000      45.2308    2045.8239
lambda           0.0000      28.1310     791.3546
Pb               0.0000      43.8335    1921.3764
cstar            0.0000      23.3874     546.9714
piL              0.0000      41.7023    1739.0823
rL               0.0000       4.6147      21.2952
S                0.0000     953.0012  908211.2520
rb               0.0000       2.7841       7.7514
Tk               0.0000       3.9863      15.8902
Tl               0.0000       3.9863      15.8902
Tc               0.0000      19.0046     361.1732
cobs             0.0000      59.8672    3584.0791
iobs             0.0000     371.1929  137784.1749
gcobs            0.0000     239.5971   57406.7661
wobs             0.0000      84.3920    7122.0144
bobs             0.0000     703.0448  494271.9476
Robs             0.0000     242.7301   58917.9006
Piobs            0.0000     232.4206   54019.3362
Lobs             0.0000     448.2875  200961.7018
ugc              0.0000       1.8472       3.4122
uz               0.0000       4.4686      19.9684
ua               0.0000       1.0672       1.1389
ub               0.0000      44.9395    2019.5542
um               0.0000       0.0534       0.0029
ui               0.0000       1.1392       1.2977
uw               0.0000       0.2649       0.0702
up               0.0000       0.1433       0.0205



VARIANCE DECOMPOSITION (in percent)
            eugc     euz     eua     eub     eum     eui     euw     eup
cs          4.36   83.94    8.30    2.83    0.00    0.36    0.18    0.02
cn          0.62   88.92    4.87    0.52    0.00    1.58    1.38    2.10
R           6.58   88.63    1.81    0.36    0.10    1.01    0.62    0.90
i           8.06   51.91   22.48   11.42    0.01    5.77    0.29    0.07
k           5.62   39.78   28.31    7.70    0.02    8.93    3.71    5.94
v           8.34   58.91   16.63   10.68    0.00    4.99    0.32    0.13
l           5.36   50.18   16.41   11.90    0.03   13.39    2.22    0.52
y           3.54   29.66   23.78    8.94    0.08   29.93    0.80    3.27
gc          5.85   93.95    0.04    0.02    0.00    0.02    0.11    0.02
c           4.36   83.94    8.30    2.83    0.00    0.36    0.18    0.02
q           1.75    1.45   34.07    9.02    0.66   48.31    0.91    3.82
rk          8.34   58.91   16.63   10.68    0.00    4.99    0.32    0.13
w           2.84   37.63   25.57    4.68    0.00    1.42   14.92   12.94
pi          5.91   89.68    0.55    0.21    0.00    0.06    0.77    2.82
b           5.87   93.92    0.04    0.02    0.00    0.02    0.11    0.02
sb          5.86   93.93    0.04    0.02    0.00    0.02    0.11    0.02
tauk         NaN     NaN     NaN     NaN     NaN     NaN     NaN     NaN
taul        5.79   93.89    0.14    0.05    0.00    0.02    0.10    0.02
tauc        6.39   91.32    1.52    0.56    0.00    0.07    0.11    0.03
r           2.87   19.61   23.53    9.07    2.59   25.86    2.58   13.89
z           0.42   99.57    0.00    0.00    0.00    0.00    0.01    0.00
mc          2.30   35.47   22.95    0.55    0.00    0.06   20.73   17.95
kbar        8.29   58.99   16.88   10.53    0.00    5.10    0.19    0.02
lambda      4.69   77.89   10.88    5.55    0.01    0.73    0.22    0.05
Pb          6.81   92.00    0.53    0.26    0.00    0.22    0.13    0.05
cstar       4.56   87.22    5.80    1.98    0.00    0.25    0.17    0.02
piL         6.30   93.09    0.24    0.16    0.00    0.07    0.11    0.04
rL          7.13   45.65   22.75   11.77    0.20   10.95    0.55    0.99
S           5.61   93.87    0.21    0.04    0.00    0.06    0.14    0.08
rb          5.64   72.75    7.44    0.54    0.36    4.10    4.27    4.89
Tk          1.33    2.41   44.81    4.80    0.04   14.55   12.72   19.34
Tl          1.33    2.41   44.81    4.80    0.04   14.55   12.72   19.34
Tc          4.36   83.94    8.30    2.83    0.00    0.36    0.18    0.02
cobs        1.09    4.17    9.91   84.60    0.00    0.20    0.03    0.01
iobs        1.52    1.87   19.77    5.13    0.05   70.47    0.50    0.68
gcobs      61.59   18.54   19.82    0.01    0.00    0.00    0.03    0.00
wobs        0.02    0.12   19.43    0.90    0.00    0.06   62.36   17.11
bobs        5.25   90.15    1.80    0.11    0.06    0.78    1.00    0.86
Robs        6.58   88.63    1.81    0.36    0.10    1.01    0.62    0.90
Piobs       5.91   89.68    0.55    0.21    0.00    0.06    0.77    2.82
Lobs        5.36   50.18   16.41   11.90    0.03   13.39    2.22    0.52
ugc       100.00    0.00    0.00    0.00    0.00    0.00    0.00    0.00
uz          0.00  100.00    0.00    0.00    0.00    0.00    0.00    0.00
ua          0.00    0.00  100.00    0.00    0.00    0.00    0.00    0.00
ub          0.00    0.00    0.00  100.00    0.00    0.00    0.00    0.00
um          0.00    0.00    0.00    0.00  100.00    0.00    0.00    0.00
ui          0.00    0.00    0.00    0.00    0.00  100.00    0.00    0.00
uw          0.00    0.00    0.00    0.00    0.00    0.00  100.00    0.00
up          0.00    0.00    0.00    0.00    0.00    0.00    0.00  100.00



MATRIX OF CORRELATIONS
Variables        cs      cn       R       i       k       v       l       y      gc       c       q      rk       w      pi       b      sb       r       z      mc    kbar  lambda      Pb   cstar     piL      rL       S      rb      Tk      Tl      Tc    cobs    iobs   gcobs    wobs    bobs    Robs   Piobs    Lobs     ugc      uz      ua      ub      um      ui      uw      up
cs           1.0000  0.4171  0.2755  0.3780  0.4806 -0.4281 -0.6611 -0.3594 -0.9065  1.0000 -0.1370 -0.4281  0.6812  0.3111  0.7353  0.7352 -0.0791  0.3947  0.5010  0.4465 -0.6434 -0.1697  0.9972  0.2141 -0.3228  0.8281 -0.0294  0.1476  0.1476  1.0000 -0.0654 -0.0597  0.0520 -0.1029 -0.3926  0.2755  0.3111 -0.6611  0.0029  0.0077 -0.0693  0.0414 -0.0001 -0.0010 -0.0003 -0.0006
cn           0.4171  1.0000  0.7280 -0.1634  0.0837  0.1559 -0.1814 -0.1361 -0.3955  0.4171 -0.2371  0.1559  0.4313  0.7273  0.5373  0.5366  0.1544  0.9442  0.5788 -0.1272 -0.4687 -0.7316  0.4190  0.7396  0.2651  0.0411 -0.0582  0.3603  0.3603  0.4171  0.0878 -0.1031 -0.2257 -0.0436  0.4630  0.7280  0.7273 -0.1814  0.0205  0.2791 -0.1355  0.0442 -0.0014  0.0923  0.0638 -0.0917
R            0.2755  0.7280  1.0000 -0.3731 -0.3272  0.5330 -0.0357 -0.2938 -0.4245  0.2755 -0.1711  0.5330  0.2221  0.9795  0.7602  0.7597  0.3580  0.6916  0.5753 -0.5154 -0.5834 -0.9783  0.3056  0.9734  0.4964  0.1731  0.0259  0.2504  0.2504  0.2755  0.1608 -0.0023 -0.3921 -0.0497  0.5422  1.0000  0.9795 -0.0357  0.0084  0.1074 -0.0328  0.0102  0.0217  0.0352  0.0202  0.0777
i            0.3780 -0.1634 -0.3731  1.0000  0.6917 -0.8462 -0.6415 -0.1736 -0.4386  0.3780 -0.0244 -0.8462  0.4584 -0.3052  0.1109  0.1114 -0.4080 -0.1321 -0.0048  0.8559 -0.4390  0.4550  0.3939 -0.3899 -0.7986  0.5283 -0.0790 -0.1218 -0.1218  0.3780  0.0839  0.0328  0.2829  0.0782 -0.6356 -0.3731 -0.3052 -0.6415 -0.0054 -0.0145  0.0009 -0.0165 -0.0013  0.1116 -0.0046 -0.0136
k            0.4806  0.0837 -0.3272  0.6917  1.0000 -0.7896 -0.4832  0.2413 -0.2832  0.4806 -0.4454 -0.7896  0.7623 -0.3182 -0.0162 -0.0172 -0.1160 -0.0705  0.3705  0.8401 -0.1079  0.4280  0.4523 -0.4013 -0.4388  0.3693 -0.1110  0.4539  0.4539  0.4806 -0.0684 -0.2382  0.1903 -0.1344 -0.5610 -0.3272 -0.3182 -0.4832  0.0340  0.0048 -0.2525  0.0730 -0.0024  0.1627  0.1057 -0.1529
v           -0.4281  0.1559  0.5330 -0.8462 -0.7896  1.0000  0.7020  0.1646  0.2763 -0.4281  0.0207  1.0000 -0.4594  0.4672  0.0934  0.0925  0.4215  0.1005  0.0978 -0.9960  0.1983 -0.6027 -0.4071  0.5423  0.8238 -0.3382  0.0634  0.1884  0.1884 -0.4281  0.0549  0.1166 -0.3450  0.0352  0.5778  0.5330  0.4672  0.7020  0.0054  0.0026 -0.0050  0.0119 -0.0004  0.0136  0.0169 -0.0232
l           -0.6611 -0.1814 -0.0357 -0.6415 -0.4832  0.7020  1.0000  0.7330  0.6682 -0.6611 -0.2988  0.7020 -0.6716 -0.1397 -0.4731 -0.4752  0.4778 -0.2812 -0.3225 -0.6892  0.6980 -0.0344 -0.6715 -0.0502  0.7803 -0.5933  0.0135  0.2460  0.2460 -0.6611 -0.0045  0.0691 -0.1305 -0.0066  0.3324 -0.0357 -0.1397  1.0000  0.0564 -0.0064 -0.1053  0.0987 -0.0037  0.2433 -0.0373 -0.0038
y           -0.3594 -0.1361 -0.2938 -0.1736  0.2413  0.1646  0.7330  1.0000  0.5206 -0.3594 -0.6773  0.1646 -0.1521 -0.4021 -0.5371 -0.5401  0.4395 -0.3665 -0.0696 -0.1113  0.6898  0.2944 -0.3928 -0.3675  0.5240 -0.3707 -0.0713  0.6253  0.6253 -0.3594 -0.0581 -0.1084  0.0032 -0.1118 -0.0674 -0.2938 -0.4021  0.7330  0.0889 -0.0033 -0.3129  0.1661 -0.0059  0.3961  0.0408 -0.1231
gc          -0.9065 -0.3955 -0.4245 -0.4386 -0.2832  0.2763  0.6682  0.5206  1.0000 -0.9065 -0.0158  0.2763 -0.6142 -0.4771 -0.8926 -0.8928  0.1359 -0.4053 -0.5189 -0.2906  0.8563  0.3260 -0.9355 -0.3810  0.3463 -0.9162  0.0193 -0.0521 -0.0521 -0.9065 -0.0461 -0.0703  0.0070 -0.0069  0.3494 -0.4245 -0.4771  0.6682  0.0153  0.0001 -0.0000  0.0000  0.0000  0.0001  0.0000  0.0000
c            1.0000  0.4171  0.2755  0.3780  0.4806 -0.4281 -0.6611 -0.3594 -0.9065  1.0000 -0.1370 -0.4281  0.6812  0.3111  0.7353  0.7352 -0.0791  0.3947  0.5010  0.4465 -0.6434 -0.1697  0.9972  0.2141 -0.3228  0.8281 -0.0294  0.1476  0.1476  1.0000 -0.0654 -0.0597  0.0520 -0.1029 -0.3926  0.2755  0.3111 -0.6611  0.0029  0.0077 -0.0693  0.0414 -0.0001 -0.0010 -0.0003 -0.0006
q           -0.1370 -0.2371 -0.1711 -0.0244 -0.4454  0.0207 -0.2988 -0.6773 -0.0158 -0.1370  1.0000  0.0207 -0.2651 -0.0548  0.0073  0.0102 -0.6912 -0.0130 -0.2843 -0.0832 -0.1789  0.0502 -0.1119  0.0038 -0.5120 -0.0182 -0.0298 -0.6828 -0.6828 -0.1370  0.0004  0.1455  0.0954  0.2954  0.0202 -0.1711 -0.0548 -0.2988 -0.0554  0.0948  0.3023 -0.1815 -0.0604 -0.4872 -0.0106 -0.1513
rk          -0.4281  0.1559  0.5330 -0.8462 -0.7896  1.0000  0.7020  0.1646  0.2763 -0.4281  0.0207  1.0000 -0.4594  0.4672  0.0934  0.0925  0.4215  0.1005  0.0978 -0.9960  0.1983 -0.6027 -0.4071  0.5423  0.8238 -0.3382  0.0634  0.1884  0.1884 -0.4281  0.0549  0.1166 -0.3450  0.0352  0.5778  0.5330  0.4672  0.7020  0.0054  0.0026 -0.0050  0.0119 -0.0004  0.0136  0.0169 -0.0232
w            0.6812  0.4313  0.2221  0.4584  0.7623 -0.4594 -0.6716 -0.1521 -0.6142  0.6812 -0.2651 -0.4594  1.0000  0.2494  0.4906  0.4901 -0.0848  0.2670  0.8390  0.5147 -0.5119 -0.1158  0.6787  0.1541 -0.2932  0.5864 -0.0771  0.5529  0.5529  0.6812 -0.0188 -0.2214 -0.0380 -0.1197 -0.3307  0.2221  0.2494 -0.6716 -0.0008  0.0143 -0.2239  0.0176 -0.0002  0.0050  0.1802 -0.2095
pi           0.3111  0.7273  0.9795 -0.3052 -0.3182  0.4672 -0.1397 -0.4021 -0.4771  0.3111 -0.0548  0.4672  0.2494  1.0000  0.7907  0.7906  0.1708  0.7196  0.5656 -0.4556 -0.6590 -0.9676  0.3447  0.9757  0.3737  0.2134 -0.0550  0.1691  0.1691  0.3111  0.1737  0.0185 -0.3752 -0.0419  0.4863  0.9795  1.0000 -0.1397  0.0101  0.1598 -0.0347 -0.0053  0.0000 -0.0012  0.0487  0.1574
b            0.7353  0.5373  0.7602  0.1109 -0.0162  0.0934 -0.4731 -0.5371 -0.8926  0.7353  0.0073  0.0934  0.4906  0.7907  1.0000  1.0000  0.0400  0.5369  0.6069 -0.0792 -0.8854 -0.6923  0.7732  0.7304 -0.0246  0.7435  0.0106  0.1097  0.1097  0.7353  0.1209  0.0875 -0.2029  0.0178  0.0048  0.7602  0.7907 -0.4731 -0.0009 -0.0022 -0.0003 -0.0004 -0.0002 -0.0016 -0.0014 -0.0015
sb           0.7352  0.5366  0.7597  0.1114 -0.0172  0.0925 -0.4752 -0.5401 -0.8928  0.7352  0.0102  0.0925  0.4901  0.7906  1.0000  1.0000  0.0380  0.5372  0.6058 -0.0785 -0.8863 -0.6920  0.7731  0.7303 -0.0269  0.7433  0.0108  0.1067  0.1067  0.7352  0.1209  0.0877 -0.2025  0.0182  0.0051  0.7597  0.7906 -0.4752 -0.0012 -0.0022  0.0011 -0.0012 -0.0002 -0.0033 -0.0016 -0.0010
r           -0.0791  0.1544  0.3580 -0.4080 -0.1160  0.4215  0.4778  0.4395  0.1359 -0.0791 -0.6912  0.4215 -0.0848  0.1708  0.0400  0.0380  1.0000  0.0149  0.1632 -0.3904  0.2340 -0.2731 -0.0902  0.2051  0.7405 -0.1300  0.3777  0.4264  0.4264 -0.0791 -0.0361 -0.1364 -0.1751 -0.1749  0.3662  0.3580  0.1708  0.4778 -0.0096 -0.2514 -0.0132  0.0831  0.1121  0.1894 -0.1275 -0.0960
z            0.3947  0.9442  0.6916 -0.1321 -0.0705  0.1005 -0.2812 -0.3665 -0.4053  0.3947 -0.0130  0.1005  0.2670  0.7196  0.5369  0.5372  0.0149  1.0000  0.3607 -0.1004 -0.5428 -0.7167  0.4020  0.7412  0.1097  0.0088 -0.0321  0.0330  0.0330  0.3947  0.1045 -0.0356 -0.1725  0.0111  0.5168  0.6916  0.7196 -0.2812 -0.0000  0.2950  0.0000 -0.0000  0.0000 -0.0000 -0.0000 -0.0000
mc           0.5010  0.5788  0.5753 -0.0048  0.3705  0.0978 -0.3225 -0.0696 -0.5189  0.5010 -0.2843  0.0978  0.8390  0.5656  0.6069  0.6058  0.1632  0.3607  1.0000 -0.0335 -0.4521 -0.4989  0.5110  0.5049  0.1761  0.4498 -0.0476  0.7350  0.7350  0.5010  0.0125 -0.1767 -0.2539 -0.1125 -0.0165  0.5753  0.5656 -0.3225  0.0024  0.0176 -0.2539  0.0270 -0.0004  0.0139  0.2123 -0.2490
kbar         0.4465 -0.1272 -0.5154  0.8559  0.8401 -0.9960 -0.6892 -0.1113 -0.2906  0.4465 -0.0832 -0.9960  0.5147 -0.4556 -0.0792 -0.0785 -0.3904 -0.1004 -0.0335  1.0000 -0.1992  0.5919  0.4250 -0.5343 -0.7931  0.3587 -0.0733 -0.1018 -0.1018  0.4465 -0.0541 -0.1265  0.3321 -0.0462 -0.5951 -0.5154 -0.4556 -0.6892 -0.0002 -0.0021 -0.0303 -0.0008 -0.0000  0.0213 -0.0002 -0.0015
lambda      -0.6434 -0.4687 -0.5834 -0.4390 -0.1079  0.1983  0.6980  0.6898  0.8563 -0.6434 -0.1789  0.1983 -0.5119 -0.6590 -0.8854 -0.8863  0.2340 -0.5428 -0.4521 -0.1992  1.0000  0.5332 -0.6898 -0.6022  0.3775 -0.6876  0.0362  0.1152  0.1152 -0.6434 -0.1863 -0.1223  0.0890 -0.1129  0.0535 -0.5834 -0.6590  0.6980  0.0142 -0.0868 -0.0928  0.0609  0.0059  0.0262  0.0099  0.0092
Pb          -0.1697 -0.7316 -0.9783  0.4550  0.4280 -0.6027 -0.0344  0.2944  0.3260 -0.1697  0.0502 -0.6027 -0.1158 -0.9676 -0.6923 -0.6920 -0.2731 -0.7167 -0.4989  0.5919  0.5332  1.0000 -0.1997 -0.9954 -0.5032 -0.0511  0.0153 -0.1901 -0.1901 -0.1697 -0.1776 -0.0406  0.4005 -0.0151 -0.6229 -0.9783 -0.9676 -0.0344 -0.0175 -0.1765  0.0203 -0.0051 -0.0036 -0.0207 -0.0164 -0.0075
cstar        0.9972  0.4190  0.3056  0.3939  0.4523 -0.4071 -0.6715 -0.3928 -0.9355  0.9972 -0.1119 -0.4071  0.6787  0.3447  0.7732  0.7731 -0.0902  0.4020  0.5110  0.4250 -0.6898 -0.1997  1.0000  0.2465 -0.3314  0.8550 -0.0280  0.1327  0.1327  0.9972 -0.0466 -0.0376  0.0423 -0.0849 -0.3903  0.3056  0.3447 -0.6715 -0.0003  0.0064 -0.0580  0.0347 -0.0001 -0.0008 -0.0002 -0.0005
piL          0.2141  0.7396  0.9734 -0.3899 -0.4013  0.5423 -0.0502 -0.3675 -0.3810  0.2141  0.0038  0.5423  0.1541  0.9757  0.7304  0.7303  0.2051  0.7412  0.5049 -0.5343 -0.6022 -0.9954  0.2465  1.0000  0.4183  0.0977 -0.0248  0.1452  0.1452  0.2141  0.1856  0.0474 -0.3843  0.0335  0.5943  0.9734  0.9757 -0.0502  0.0142  0.1889 -0.0035 -0.0073  0.0001 -0.0023  0.0159 -0.0001
rL          -0.3228  0.2651  0.4964 -0.7986 -0.4388  0.8238  0.7803  0.5240  0.3463 -0.3228 -0.5120  0.8238 -0.2932  0.3737 -0.0246 -0.0269  0.7405  0.1097  0.1761 -0.7931  0.3775 -0.5032 -0.3314  0.4183  1.0000 -0.3980  0.0781  0.4940  0.4940 -0.3228  0.0093 -0.0424 -0.3316 -0.1598  0.5456  0.4964  0.3737  0.7803  0.0372 -0.0312 -0.1609  0.1141  0.0332  0.2178  0.0120  0.0720
S            0.8281  0.0411  0.1731  0.5283  0.3693 -0.3382 -0.5933 -0.3707 -0.9162  0.8281 -0.0182 -0.3382  0.5864  0.2134  0.7435  0.7433 -0.1300  0.0088  0.4498  0.3587 -0.6876 -0.0511  0.8550  0.0977 -0.3980  1.0000 -0.0120  0.0999  0.0999  0.8281  0.0008  0.0777  0.0579 -0.0087 -0.6105  0.1731  0.2134 -0.5933 -0.0129 -0.1278 -0.0243  0.0083 -0.0002  0.0154  0.0107 -0.0155
rb          -0.0294 -0.0582  0.0259 -0.0790 -0.1110  0.0634  0.0135 -0.0713  0.0193 -0.0294 -0.0298  0.0634 -0.0771 -0.0550  0.0106  0.0108  0.3777 -0.0321 -0.0476 -0.0733  0.0362  0.0153 -0.0280 -0.0248  0.0781 -0.0120  1.0000 -0.0857 -0.0857 -0.0294 -0.0627 -0.0709 -0.0961 -0.0702  0.4230  0.0259 -0.0550  0.0135 -0.2341 -0.5437  0.2513 -0.0459 -0.0540 -0.1414 -0.2006 -0.1578
Tk           0.1476  0.3603  0.2504 -0.1218  0.4539  0.1884  0.2460  0.6253 -0.0521  0.1476 -0.6828  0.1884  0.5529  0.1691  0.1097  0.1067  0.4264  0.0330  0.7350 -0.1018  0.1152 -0.1901  0.1327  0.1452  0.4940  0.0999 -0.0857  1.0000  1.0000  0.1476 -0.0297 -0.2119 -0.1964 -0.1640 -0.0587  0.2504  0.1691  0.2460  0.0623  0.0116 -0.4114  0.1341 -0.0043  0.2801  0.1938 -0.2784
Tl           0.1476  0.3603  0.2504 -0.1218  0.4539  0.1884  0.2460  0.6253 -0.0521  0.1476 -0.6828  0.1884  0.5529  0.1691  0.1097  0.1067  0.4264  0.0330  0.7350 -0.1018  0.1152 -0.1901  0.1327  0.1452  0.4940  0.0999 -0.0857  1.0000  1.0000  0.1476 -0.0297 -0.2119 -0.1964 -0.1640 -0.0587  0.2504  0.1691  0.2460  0.0623  0.0116 -0.4114  0.1341 -0.0043  0.2801  0.1938 -0.2784
Tc           1.0000  0.4171  0.2755  0.3780  0.4806 -0.4281 -0.6611 -0.3594 -0.9065  1.0000 -0.1370 -0.4281  0.6812  0.3111  0.7353  0.7352 -0.0791  0.3947  0.5010  0.4465 -0.6434 -0.1697  0.9972  0.2141 -0.3228  0.8281 -0.0294  0.1476  0.1476  1.0000 -0.0654 -0.0597  0.0520 -0.1029 -0.3926  0.2755  0.3111 -0.6611  0.0029  0.0077 -0.0693  0.0414 -0.0001 -0.0010 -0.0003 -0.0006
cobs        -0.0654  0.0878  0.1608  0.0839 -0.0684  0.0549 -0.0045 -0.0581 -0.0461 -0.0654  0.0004  0.0549 -0.0188  0.1737  0.1209  0.1209 -0.0361  0.1045  0.0125 -0.0541 -0.1863 -0.1776 -0.0466  0.1856  0.0093  0.0008 -0.0627 -0.0297 -0.0297 -0.0654  1.0000 -0.0538  0.0428  0.1910  0.0960  0.1608  0.1737 -0.0045  0.0814  0.0489  0.1362  0.9012 -0.0035 -0.0150 -0.0057 -0.0051
iobs        -0.0597 -0.1031 -0.0023  0.0328 -0.2382  0.1166  0.0691 -0.1084 -0.0703 -0.0597  0.1455  0.1166 -0.2214  0.0185  0.0875  0.0877 -0.1364 -0.0356 -0.1767 -0.1265 -0.1223 -0.0406 -0.0376  0.0474 -0.0424  0.0777 -0.0709 -0.2119 -0.2119 -0.0597 -0.0538  1.0000  0.0535  0.1884 -0.0452 -0.0023  0.0185  0.0691 -0.0660 -0.0407  0.2966 -0.1590 -0.0184  0.7645 -0.0437 -0.0526
gcobs        0.0520 -0.2257 -0.3921  0.2829  0.1903 -0.3450 -0.1305  0.0032  0.0070  0.0520  0.0954 -0.3450 -0.0380 -0.3752 -0.2029 -0.2025 -0.1751 -0.1725 -0.2539  0.3321  0.0890  0.4005  0.0423 -0.3843 -0.3316  0.0579 -0.0961 -0.1964 -0.1964  0.0520  0.0428  0.0535  1.0000  0.0856 -0.3211 -0.3921 -0.3752 -0.1305  0.7693  0.0017  0.4451  0.0004  0.0000  0.0017  0.0005  0.0007
wobs        -0.1029 -0.0436 -0.0497  0.0782 -0.1344  0.0352 -0.0066 -0.1118 -0.0069 -0.1029  0.2954  0.0352 -0.1197 -0.0419  0.0178  0.0182 -0.1749  0.0111 -0.1125 -0.0462 -0.1129 -0.0151 -0.0849  0.0335 -0.1598 -0.0087 -0.0702 -0.1640 -0.1640 -0.1029  0.1910  0.1884  0.0856  1.0000  0.0020 -0.0497 -0.0419 -0.0066 -0.0044  0.0177  0.2288  0.0747 -0.0009  0.0149  0.7494 -0.3571
bobs        -0.3926  0.4630  0.5422 -0.6356 -0.5610  0.5778  0.3324 -0.0674  0.3494 -0.3926  0.0202  0.5778 -0.3307  0.4863  0.0048  0.0051  0.3662  0.5168 -0.0165 -0.5951  0.0535 -0.6229 -0.3903  0.5943  0.5456 -0.6105  0.4230 -0.0587 -0.0587 -0.3926  0.0960 -0.0452 -0.3211  0.0020  1.0000  0.5422  0.4863  0.3324 -0.0761 -0.0444  0.1322 -0.0299 -0.0213 -0.0785 -0.0954 -0.0431
Robs         0.2755  0.7280  1.0000 -0.3731 -0.3272  0.5330 -0.0357 -0.2938 -0.4245  0.2755 -0.1711  0.5330  0.2221  0.9795  0.7602  0.7597  0.3580  0.6916  0.5753 -0.5154 -0.5834 -0.9783  0.3056  0.9734  0.4964  0.1731  0.0259  0.2504  0.2504  0.2755  0.1608 -0.0023 -0.3921 -0.0497  0.5422  1.0000  0.9795 -0.0357  0.0084  0.1074 -0.0328  0.0102  0.0217  0.0352  0.0202  0.0777
Piobs        0.3111  0.7273  0.9795 -0.3052 -0.3182  0.4672 -0.1397 -0.4021 -0.4771  0.3111 -0.0548  0.4672  0.2494  1.0000  0.7907  0.7906  0.1708  0.7196  0.5656 -0.4556 -0.6590 -0.9676  0.3447  0.9757  0.3737  0.2134 -0.0550  0.1691  0.1691  0.3111  0.1737  0.0185 -0.3752 -0.0419  0.4863  0.9795  1.0000 -0.1397  0.0101  0.1598 -0.0347 -0.0053  0.0000 -0.0012  0.0487  0.1574
Lobs        -0.6611 -0.1814 -0.0357 -0.6415 -0.4832  0.7020  1.0000  0.7330  0.6682 -0.6611 -0.2988  0.7020 -0.6716 -0.1397 -0.4731 -0.4752  0.4778 -0.2812 -0.3225 -0.6892  0.6980 -0.0344 -0.6715 -0.0502  0.7803 -0.5933  0.0135  0.2460  0.2460 -0.6611 -0.0045  0.0691 -0.1305 -0.0066  0.3324 -0.0357 -0.1397  1.0000  0.0564 -0.0064 -0.1053  0.0987 -0.0037  0.2433 -0.0373 -0.0038
ugc          0.0029  0.0205  0.0084 -0.0054  0.0340  0.0054  0.0564  0.0889  0.0153  0.0029 -0.0554  0.0054 -0.0008  0.0101 -0.0009 -0.0012 -0.0096 -0.0000  0.0024 -0.0002  0.0142 -0.0175 -0.0003  0.0142  0.0372 -0.0129 -0.2341  0.0623  0.0623  0.0029  0.0814 -0.0660  0.7693 -0.0044 -0.0761  0.0084  0.0101  0.0564  1.0000  0.0000  0.0000  0.0000  0.0000  0.0000  0.0000  0.0000
uz           0.0077  0.2791  0.1074 -0.0145  0.0048  0.0026 -0.0064 -0.0033  0.0001  0.0077  0.0948  0.0026  0.0143  0.1598 -0.0022 -0.0022 -0.2514  0.2950  0.0176 -0.0021 -0.0868 -0.1765  0.0064  0.1889 -0.0312 -0.1278 -0.5437  0.0116  0.0116  0.0077  0.0489 -0.0407  0.0017  0.0177 -0.0444  0.1074  0.1598 -0.0064  0.0000  1.0000  0.0000  0.0000  0.0000  0.0000  0.0000  0.0000
ua          -0.0693 -0.1355 -0.0328  0.0009 -0.2525 -0.0050 -0.1053 -0.3129 -0.0000 -0.0693  0.3023 -0.0050 -0.2239 -0.0347 -0.0003  0.0011 -0.0132  0.0000 -0.2539 -0.0303 -0.0928  0.0203 -0.0580 -0.0035 -0.1609 -0.0243  0.2513 -0.4114 -0.4114 -0.0693  0.1362  0.2966  0.4451  0.2288  0.1322 -0.0328 -0.0347 -0.1053  0.0000  0.0000  1.0000  0.0000  0.0000  0.0000  0.0000  0.0000
ub           0.0414  0.0442  0.0102 -0.0165  0.0730  0.0119  0.0987  0.1661  0.0000  0.0414 -0.1815  0.0119  0.0176 -0.0053 -0.0004 -0.0012  0.0831 -0.0000  0.0270 -0.0008  0.0609 -0.0051  0.0347 -0.0073  0.1141  0.0083 -0.0459  0.1341  0.1341  0.0414  0.9012 -0.1590  0.0004  0.0747 -0.0299  0.0102 -0.0053  0.0987  0.0000  0.0000  0.0000  1.0000  0.0000  0.0000  0.0000  0.0000
um          -0.0001 -0.0014  0.0217 -0.0013 -0.0024 -0.0004 -0.0037 -0.0059  0.0000 -0.0001 -0.0604 -0.0004 -0.0002  0.0000 -0.0002 -0.0002  0.1121  0.0000 -0.0004 -0.0000  0.0059 -0.0036 -0.0001  0.0001  0.0332 -0.0002 -0.0540 -0.0043 -0.0043 -0.0001 -0.0035 -0.0184  0.0000 -0.0009 -0.0213  0.0217  0.0000 -0.0037  0.0000  0.0000  0.0000  0.0000  1.0000  0.0000  0.0000  0.0000
ui          -0.0010  0.0923  0.0352  0.1116  0.1627  0.0136  0.2433  0.3961  0.0001 -0.0010 -0.4872  0.0136  0.0050 -0.0012 -0.0016 -0.0033  0.1894 -0.0000  0.0139  0.0213  0.0262 -0.0207 -0.0008 -0.0023  0.2178  0.0154 -0.1414  0.2801  0.2801 -0.0010 -0.0150  0.7645  0.0017  0.0149 -0.0785  0.0352 -0.0012  0.2433  0.0000  0.0000  0.0000  0.0000  0.0000  1.0000  0.0000  0.0000
uw          -0.0003  0.0638  0.0202 -0.0046  0.1057  0.0169 -0.0373  0.0408  0.0000 -0.0003 -0.0106  0.0169  0.1802  0.0487 -0.0014 -0.0016 -0.1275 -0.0000  0.2123 -0.0002  0.0099 -0.0164 -0.0002  0.0159  0.0120  0.0107 -0.2006  0.1938  0.1938 -0.0003 -0.0057 -0.0437  0.0005  0.7494 -0.0954  0.0202  0.0487 -0.0373  0.0000  0.0000  0.0000  0.0000  0.0000  0.0000  1.0000  0.0000
up          -0.0006 -0.0917  0.0777 -0.0136 -0.1529 -0.0232 -0.0038 -0.1231  0.0000 -0.0006 -0.1513 -0.0232 -0.2095  0.1574 -0.0015 -0.0010 -0.0960 -0.0000 -0.2490 -0.0015  0.0092 -0.0075 -0.0005 -0.0001  0.0720 -0.0155 -0.1578 -0.2784 -0.2784 -0.0006 -0.0051 -0.0526  0.0007 -0.3571 -0.0431  0.0777  0.1574 -0.0038  0.0000  0.0000  0.0000  0.0000  0.0000  0.0000  0.0000  1.0000



COEFFICIENTS OF AUTOCORRELATION
Order          1       2       3       4       5
cs        0.9982  0.9954  0.9924  0.9893  0.9862
cn        0.9884  0.9708  0.9516  0.9323  0.9136
R         0.9978  0.9931  0.9871  0.9806  0.9741
i         0.9977  0.9931  0.9875  0.9814  0.9753
k         0.9685  0.9257  0.8836  0.8455  0.8122
v         0.9995  0.9987  0.9975  0.9962  0.9947
l         0.9797  0.9502  0.9207  0.8941  0.8713
y         0.9246  0.8204  0.7194  0.6315  0.5586
gc        0.9999  0.9997  0.9994  0.9991  0.9987
c         0.9982  0.9954  0.9924  0.9893  0.9862
q         0.9049  0.7930  0.6766  0.5644  0.4614
rk        0.9995  0.9987  0.9975  0.9962  0.9947
w         0.9735  0.9365  0.8979  0.8605  0.8252
pi        0.9885  0.9784  0.9706  0.9645  0.9595
b         1.0000  0.9998  0.9996  0.9993  0.9989
sb        0.9999  0.9998  0.9996  0.9993  0.9989
r         0.8723  0.7601  0.6624  0.5778  0.5054
z         0.9981  0.9933  0.9862  0.9773  0.9671
mc        0.9646  0.9154  0.8647  0.8160  0.7707
kbar      0.9996  0.9987  0.9975  0.9960  0.9943
lambda    0.9952  0.9909  0.9869  0.9830  0.9793
Pb        0.9980  0.9958  0.9934  0.9909  0.9883
cstar     0.9987  0.9967  0.9946  0.9924  0.9902
piL       0.9978  0.9956  0.9934  0.9910  0.9886
rL        0.9757  0.9465  0.9158  0.8861  0.8587
S         0.9992  0.9977  0.9956  0.9930  0.9902
rb        0.0637  0.0355  0.0166  0.0050 -0.0016
Tk        0.9083  0.7858  0.6667  0.5606  0.4695
Tl        0.9083  0.7858  0.6667  0.5606  0.4695
Tc        0.9982  0.9954  0.9924  0.9893  0.9862
cobs      0.3930  0.2024  0.1416  0.1216  0.1144
iobs      0.5190  0.2676  0.1356  0.0662  0.0299
gcobs     0.3244  0.2203  0.2023  0.1987  0.1977
wobs      0.4461  0.2215  0.1296  0.0853  0.0603
bobs      0.8494  0.8371  0.8263  0.8169  0.8086
Robs      0.9978  0.9931  0.9871  0.9806  0.9741
Piobs     0.9885  0.9784  0.9706  0.9645  0.9595
Lobs      0.9797  0.9502  0.9207  0.8941  0.8713
ugc       0.1266  0.0160  0.0020  0.0003  0.0000
uz        0.8000  0.6400  0.5120  0.4096  0.3277
ua        0.2514  0.0632  0.0159  0.0040  0.0010
ub        0.3147  0.0990  0.0312  0.0098  0.0031
um       -0.0000 -0.0000 -0.0000 -0.0000 -0.0000
ui        0.5114  0.2615  0.1338  0.0684  0.0350
uw        0.3269  0.1069  0.0349  0.0114  0.0037
up        0.7242  0.5245  0.3799  0.2751  0.1993
Total computing time : 0h00m01s
