 
STEADY-STATE RESULTS:
 
cH               		 0
hH               		 0
piH              		 0
rH               		 0
r_nH             		 0
qH               		 0
kH               		 0
nH               		 0
r_kH             		 0
yH               		 0
xH               		 0
iH               		 0
aH               		 0
c_eH             		 0
gH               		 0
pi_t1H           		 0
premiumH         		 0
 
EIGENVALUES:
         Modulus             Real        Imaginary

               0                0                0
       2.034e-17        2.034e-17                0
       2.914e-17        2.914e-17                0
          0.5734           0.5734                0
           0.912            0.912                0
            0.95             0.95                0
          0.9748           0.9748                0
               1                1                0
            1.01             1.01                0
           1.087            1.087                0
           1.479            1.479                0
             Inf              Inf                0
             Inf              Inf                0


There are 5 eigenvalue(s) larger than 1 in modulus 
for 5 forward-looking variable(s)
 
The rank condition is verified.
 
 
MODEL SUMMARY
 
  Number of variables:         18
  Number of stochastic shocks: 3
  Number of state variables:   8
  Number of jumpers:           5
  Number of static variables:  5


MATRIX OF COVARIANCE OF EXOGENOUS SHOCKS

Variables      e_a       e_g      e_rn   
e_a          0.000042  0.000000  0.000000
e_g          0.000000  0.000100  0.000000
e_rn         0.000000  0.000000  0.000000
 
POLICY AND TRANSITION FUNCTIONS
                        cH              hH              piH             rH              r_nH            qH              kH              nH              r_kH            yH              xH              iH              aH              c_eH            gH              pi_t1H          premiumH        
rH(-1)                     -0.026342       -1.198877               0        0.089258               0       -0.680663       -0.068066       -2.404473       -0.718007       -0.767282        0.857563       -2.722651               0       -2.404473               0       -0.089258        0.082787
r_nH(-1)                   -8.870508      -30.575877               0        4.195700        0.900000      -15.250368       -1.525037      -32.920849      -16.610490      -19.568562       30.069783      -61.001472               0      -32.920849               0       -3.295700        0.807272
qH(-1)                     -0.052684       -2.397755               0        0.178516               0       -1.361326       -0.136133       -4.808947       -2.436015       -1.534563        1.715127       -5.445303               0       -4.808947               0       -0.178516        0.165574
kH(-1)                      0.059138       -2.785020               0        0.258651               0       -1.693620        0.830638       -3.574865       -1.810719       -1.432413        2.221809       -5.774480               0       -3.574865               0       -0.258651        0.135594
nH(-1)                      0.026342        1.198877               0       -0.089258               0        0.680663        0.068066        2.404473        0.718007        0.767282       -0.857563        2.722651               0        2.404473               0        0.089258       -0.082787
aH(-1)                      1.542290        1.410763               0       -0.187960               0        1.131019        0.113102        2.420772        1.221684        1.902888       -1.520419        4.524075        1.000000        2.420772               0        0.187960       -0.058833
gH(-1)                     -0.011430        0.617158               0       -0.051399               0        0.213215        0.021321        0.469710        0.236876        0.394981       -0.416467        0.852858               0        0.469710        0.950000        0.051399       -0.011759
pi_t1H(-1)                 -1.084173       -3.737052        1.000000        0.512808        0.110000       -1.863934       -0.186393       -4.023659       -2.030171       -2.391713        3.675196       -7.455736               0       -4.023659               0       -0.402808        0.098667
e_a                         1.542290        1.410763               0       -0.187960               0        1.131019        0.113102        2.420772        1.221684        1.902888       -1.520419        4.524075        1.000000        2.420772               0        0.187960       -0.058833
e_g                        -0.012031        0.649640               0       -0.054104               0        0.224436        0.022444        0.494431        0.249343        0.415770       -0.438386        0.897745               0        0.494431        1.000000        0.054104       -0.012378
e_rn                        9.856120       33.973197               0       -4.661889       -1.000000       16.944853        1.694485       36.578721       18.456100       21.742846      -33.410870       67.779414               0       36.578721               0        3.661889       -0.896969


THEORETICAL MOMENTS

VARIABLE      MEAN    STD. DEV.   VARIANCE 
cH                NaN        NaN        NaN
hH                NaN        NaN        NaN
piH            0.0000     0.0033     0.0000
rH             0.0000     0.0038     0.0000
r_nH           0.0000     0.0013     0.0000
qH             0.0000     0.0193     0.0004
kH                NaN        NaN        NaN
nH                NaN        NaN        NaN
r_kH              NaN        NaN        NaN
yH                NaN        NaN        NaN
xH             0.0000     0.0287     0.0008
iH                NaN        NaN        NaN
aH                NaN        NaN        NaN
c_eH              NaN        NaN        NaN
gH             0.0000     0.0320     0.0010
pi_t1H         0.0000     0.0033     0.0000
premiumH          NaN        NaN        NaN
 


VARIANCE DECOMPOSITION (in percent)

          e_a    e_g    e_rn 
piH       23.71   4.47  71.82
rH        14.59   2.92  82.49
r_nH      49.67   7.74  42.59
qH        44.66   2.49  52.85
xH        17.76   3.51  78.73
gH         0.00 100.00   0.00
pi_t1H    23.71   4.47  71.82
 


MATRIX OF CORRELATIONS

Variables     piH     rH     r_nH     qH      xH      gH    pi_t1H 
piH          1.0000 -0.4828  0.0488  0.6446 -0.5643  0.1285  0.5805
rH          -0.4828  1.0000  0.5578 -0.7926  0.9789 -0.0325 -0.9468
r_nH         0.0488  0.5578  1.0000  0.0323  0.4037  0.2514 -0.2609
qH           0.6446 -0.7926  0.0323  1.0000 -0.8898  0.0934  0.9344
xH          -0.5643  0.9789  0.4037 -0.8898  1.0000 -0.1083 -0.9819
gH           0.1285 -0.0325  0.2514  0.0934 -0.1083  1.0000  0.1353
pi_t1H       0.5805 -0.9468 -0.2609  0.9344 -0.9819  0.1353  1.0000
 


COEFFICIENTS OF AUTOCORRELATION

Order       1       2       3       4       5   
piH       0.5805  0.3392  0.2000  0.1196  0.0729
rH        0.5327  0.2688  0.1213  0.0400 -0.0035
r_nH      0.8260  0.7180  0.6481  0.6004  0.5657
qH        0.7272  0.5580  0.4492  0.3762  0.3245
xH        0.5740  0.3296  0.1893  0.1089  0.0626
gH        0.9500  0.9025  0.8574  0.8145  0.7738
pi_t1H    0.5805  0.3392  0.2000  0.1196  0.0729
Total computing time : 0h00m01s
