 
STEADY-STATE RESULTS:
 
can          		 0
compr        		 0
dstn         		 0
fdd          		 0
gcr          		 0
gdn          		 0
gln          		 0
gln_yen      		 0
gsn          		 0
gyn          		 0
ign          		 0
inf          		 0
inn          		 0
innoextdend  		 0
innoextdlead 		 0
itd          		 0
itn          		 0
itr          		 0
ksr          		 0
lagcompr1    		 0
lagcompr2    		 0
laggcr1      		 0
laggln_yen1  		 0
laggln_yen2  		 0
laggln_yen3  		 0
lagitd1      		 0
lagitd2      		 0
lagitd3      		 0
lagitd4      		 0
lagitd5      		 0
lagitd6      		 0
lagitd7      		 0
lagitr1      		 0
lagitr2      		 0
lagksr1      		 0
lagksr2      		 0
laglprod1    		 0
laglprod2    		 0
laglprod3    		 0
laglprod4    		 0
laglprod5    		 0
laglsr1      		 0
lagltn1      		 0
lagltn10     		 0
lagltn11     		 0
lagltn12     		 0
lagltn13     		 0
lagltn14     		 0
lagltn15     		 0
lagltn16     		 0
lagltn17     		 0
lagltn18     		 0
lagltn19     		 0
lagltn2      		 0
lagltn20     		 0
lagltn21     		 0
lagltn22     		 0
lagltn23     		 0
lagltn24     		 0
lagltn25     		 0
lagltn26     		 0
lagltn27     		 0
lagltn28     		 0
lagltn29     		 0
lagltn3      		 0
lagltn30     		 0
lagltn31     		 0
lagltn32     		 0
lagltn33     		 0
lagltn34     		 0
lagltn35     		 0
lagltn36     		 0
lagltn37     		 0
lagltn38     		 0
lagltn39     		 0
lagltn4      		 0
lagltn40     		 0
lagltn41     		 0
lagltn42     		 0
lagltn43     		 0
lagltn44     		 0
lagltn45     		 0
lagltn46     		 0
lagltn47     		 0
lagltn5      		 0
lagltn6      		 0
lagltn7      		 0
lagltn8      		 0
lagltn9      		 0
lagmtd1      		 0
lagmtd2      		 0
lagmtd3      		 0
lagmtd4      		 0
lagmtd5      		 0
lagmtd6      		 0
lagnfa1      		 0
lagpcd1      		 0
lagpcd2      		 0
lagpcd3      		 0
lagpcd4      		 0
lagpcd5      		 0
lagpieen1    		 0
lagpieen2    		 0
lagpipcd1    		 0
lagpipcd2    		 0
lagpipcd3    		 0
lagpipcd4    		 0
lagpixtd1    		 0
lagpixtd2    		 0
lagpiyer1    		 0
lagpiyer2    		 0
lagpiyet1    		 0
lagpiyfd1    		 0
lagpiyfd2    		 0
lagpiywdx1   		 0
lagpiywdx2   		 0
lagstn1      		 0
lagult1      		 0
lagult2      		 0
lagult3      		 0
lagwrn1      		 0
lagwrn2      		 0
lagwrn3      		 0
lagwrn4      		 0
lagwrn5      		 0
lagxtr1      		 0
lagxtr2      		 0
lagxtr3      		 0
lagxtr4      		 0
lagxtr5      		 0
lagxtr6      		 0
lagxtr7      		 0
lagyer1      		 0
lagyer2      		 0
lagywd1      		 0
lagywd2      		 0
lagywd3      		 0
lagywr1      		 0
lagywr2      		 0
lagywrx1     		 0
lagywrx2     		 0
lagywrx3     		 0
lagywrx4     		 0
lagywrx5     		 0
lagywrx6     		 0
lagywrx7     		 0
ldstn1       		 0
ldstn10      		 0
ldstn11      		 0
ldstn12      		 0
ldstn13      		 0
ldstn14      		 0
ldstn15      		 0
ldstn16      		 0
ldstn17      		 0
ldstn18      		 0
ldstn2       		 0
ldstn3       		 0
ldstn4       		 0
ldstn5       		 0
ldstn6       		 0
ldstn7       		 0
ldstn8       		 0
ldstn9       		 0
lnn          		 0
lprod        		 0
lsr          		 0
ltn          		 0
mtd          		 0
mtn          		 0
mtr          		 0
nfa          		 0
nfn          		 0
pcd          		 0
pcn          		 0
pcr          		 0
picompr      		 0
pieen        		 0
pimtd        		 0
pipcd        		 0
pipyr        		 0
pixtd        		 0
piyer        		 0
piyet        		 0
piyfd        		 0
piywdx       		 0
pyn          		 0
pyr          		 0
r            		 0
r_end        		 0
scr          		 0
strq         		 0
tbn          		 0
tbr          		 0
tdn          		 0
tdn_yen      		 0
trn          		 0
ulc          		 0
ult          		 0
urx          		 0
win          		 0
wln          		 0
wrn          		 0
xtd          		 0
xtn          		 0
xtr          		 0
yet          		 0
yett         		 0
ygap         		 0
ywd          		 0
ywdx         		 0
ywr          		 0
ywrx         		 0
if system_dependent('IsDebugMode')==1, dbquit; end
builtin('cd','..');
builtin('cd','..');
builtin('cd','C:\EigeneDateien\Lehrstuhlaufgaben\CFSModelBase\Dynare Model Base\AW');
dynare AW.mod
