Starting Dynare (version 4.4.3).
Starting preprocessing of the model file ...
Found 21 equation(s).
Evaluating expressions...done
Computing static model derivatives:
 - order 1
Computing dynamic model derivatives:
 - order 1
Processing outputs ...done
Preprocessing completed.
Starting MATLAB/Octave computing.

MODEL SUMMARY

  Number of variables:         21
  Number of stochastic shocks: 5
  Number of state variables:   5
  Number of jumpers:           6
  Number of static variables:  11


MATRIX OF COVARIANCE OF EXOGENOUS SHOCKS

Variables     eps_h    eps_a1    eps_a2    eps_a3     eps_i  
eps_h        0.000000  0.000000  0.000000  0.000000  0.000000
eps_a1       0.000000  1.000000  0.000000  0.000000  0.000000
eps_a2       0.000000  0.000000  0.000000  0.000000  0.000000
eps_a3       0.000000  0.000000  0.000000  0.000000  0.000000
eps_i        0.000000  0.000000  0.000000  0.000000  0.000000

POLICY AND TRANSITION FUNCTIONS
                                  n               w               m               q               rIB             mc              c               lambda          EFP             rB              dp              rT    
a2(-1)                      0.256529        0.179974       -1.217509        0.340586        1.954141        0.320523        0.115980       -0.069784       -1.153516        0.813811        0.805333        0.800625
a3(-1)                      0.696240        0.677048       -1.299610        0.611706        1.390432        0.973079        0.400208       -0.359248       -1.022770        0.386626        0.446367        0.367662
a1(-1)                     -0.166152        0.517070        0.783424        0.411893       -1.267303       -0.207866        0.558784       -0.588488        0.741710       -0.534091       -0.522276       -0.525592
eps_a1                     -0.167831        0.522293        0.791337        0.416054       -1.280104       -0.209965        0.564428       -0.594433        0.749202       -0.539486       -0.527551       -0.530901
eps_a2                      0.259120        0.181792       -1.229808        0.344026        1.973879        0.323760        0.117152       -0.070488       -1.165167        0.822032        0.813468        0.808712
eps_a3                     -0.773600       -0.752276        1.444011       -0.679673       -1.544925       -1.081199       -0.444676        0.399164        1.136411       -0.429584       -0.495963       -0.408513
eps_i                      -0.396569       -0.457154       -0.222393       -0.267951        0.698108       -0.603784       -0.249939        0.267144       -0.429608        0.272601       -0.030189        0.268500


THEORETICAL MOMENTS

VARIABLE      MEAN    STD. DEV.   VARIANCE 
n              0.0000     1.1897     1.4154
w              0.0000     3.7024    13.7080
m              0.0000     5.6096    31.4681
q              0.0000     2.9493     8.6985
rIB            0.0000     9.0744    82.3450
mc             0.0000     1.4884     2.2154
c              0.0000     4.0011    16.0090
lambda         0.0000     4.2138    17.7563
EFP            0.0000     5.3110    28.2062
rB             0.0000     3.8243    14.6254
dp             0.0000     3.7397    13.9855
rT             0.0000     3.7635    14.1636



VARIANCE DECOMPOSITION (in percent)

          eps_h  eps_a1  eps_a2  eps_a3   eps_i 
n           0.00  100.00    0.00    0.00    0.00
w           0.00  100.00    0.00    0.00    0.00
m           0.00  100.00    0.00    0.00    0.00
q           0.00  100.00    0.00    0.00    0.00
rIB         0.00  100.00    0.00    0.00    0.00
mc          0.00  100.00    0.00    0.00    0.00
c           0.00  100.00    0.00    0.00    0.00
lambda      0.00  100.00    0.00    0.00    0.00
EFP         0.00  100.00    0.00    0.00    0.00
rB          0.00  100.00    0.00    0.00    0.00
dp          0.00  100.00    0.00    0.00    0.00
rT          0.00  100.00    0.00    0.00    0.00



MATRIX OF CORRELATIONS

Variables      n       w       m       q      rIB     mc       c    lambda    EFP     rB      dp      rT   
n            1.0000 -1.0000 -1.0000 -1.0000  1.0000  1.0000 -1.0000  1.0000 -1.0000  1.0000  1.0000  1.0000
w           -1.0000  1.0000  1.0000  1.0000 -1.0000 -1.0000  1.0000 -1.0000  1.0000 -1.0000 -1.0000 -1.0000
m           -1.0000  1.0000  1.0000  1.0000 -1.0000 -1.0000  1.0000 -1.0000  1.0000 -1.0000 -1.0000 -1.0000
q           -1.0000  1.0000  1.0000  1.0000 -1.0000 -1.0000  1.0000 -1.0000  1.0000 -1.0000 -1.0000 -1.0000
rIB          1.0000 -1.0000 -1.0000 -1.0000  1.0000  1.0000 -1.0000  1.0000 -1.0000  1.0000  1.0000  1.0000
mc           1.0000 -1.0000 -1.0000 -1.0000  1.0000  1.0000 -1.0000  1.0000 -1.0000  1.0000  1.0000  1.0000
c           -1.0000  1.0000  1.0000  1.0000 -1.0000 -1.0000  1.0000 -1.0000  1.0000 -1.0000 -1.0000 -1.0000
lambda       1.0000 -1.0000 -1.0000 -1.0000  1.0000  1.0000 -1.0000  1.0000 -1.0000  1.0000  1.0000  1.0000
EFP         -1.0000  1.0000  1.0000  1.0000 -1.0000 -1.0000  1.0000 -1.0000  1.0000 -1.0000 -1.0000 -1.0000
rB           1.0000 -1.0000 -1.0000 -1.0000  1.0000  1.0000 -1.0000  1.0000 -1.0000  1.0000  1.0000  1.0000
dp           1.0000 -1.0000 -1.0000 -1.0000  1.0000  1.0000 -1.0000  1.0000 -1.0000  1.0000  1.0000  1.0000
rT           1.0000 -1.0000 -1.0000 -1.0000  1.0000  1.0000 -1.0000  1.0000 -1.0000  1.0000  1.0000  1.0000



COEFFICIENTS OF AUTOCORRELATION

Order       1       2       3       4       5   
n         0.9900  0.9801  0.9703  0.9606  0.9510
w         0.9900  0.9801  0.9703  0.9606  0.9510
m         0.9900  0.9801  0.9703  0.9606  0.9510
q         0.9900  0.9801  0.9703  0.9606  0.9510
rIB       0.9900  0.9801  0.9703  0.9606  0.9510
mc        0.9900  0.9801  0.9703  0.9606  0.9510
c         0.9900  0.9801  0.9703  0.9606  0.9510
lambda    0.9900  0.9801  0.9703  0.9606  0.9510
EFP       0.9900  0.9801  0.9703  0.9606  0.9510
rB        0.9900  0.9801  0.9703  0.9606  0.9510
dp        0.9900  0.9801  0.9703  0.9606  0.9510
rT        0.9900  0.9801  0.9703  0.9606  0.9510
Total computing time : 0h00m03s
Note: warning(s) encountered in MATLAB/Octave code
