Starting Dynare (version 4.4.3).
Starting preprocessing of the model file ...
Substitution of endo leads >= 2: added 2 auxiliary variables and equations.
Substitution of endo lags >= 2: added 6 auxiliary variables and equations.
Substitution of exo lags: added 2 auxiliary variables and equations.
Found 103 equation(s).
Evaluating expressions...done
Computing static model derivatives:
 - order 1
Computing dynamic model derivatives:
 - order 1
Processing outputs ...done
Preprocessing completed.
Starting MATLAB/Octave computing.

EIGENVALUES:
         Modulus             Real        Imaginary

               0               -0                0
       2.046e-19        2.046e-19                0
       4.558e-18       -4.558e-18                0
       8.378e-18       -8.378e-18                0
       2.825e-17        2.825e-17                0
        2.91e-17        -2.91e-17                0
       3.281e-17        3.281e-17                0
       3.616e-17       -3.616e-17                0
       4.686e-17       -4.686e-17                0
       6.563e-17        6.563e-17                0
       6.767e-17        6.767e-17                0
       7.803e-17        7.803e-17                0
       1.011e-16        1.011e-16                0
       1.136e-16       -1.136e-16                0
       1.624e-16       -1.624e-16                0
       3.364e-16        3.364e-16                0
       1.479e-15       -1.479e-15                0
       1.514e-15       -1.514e-15                0
         0.06264          0.06264                0
         0.07441          0.07441                0
          0.1305           0.1281           0.0251
          0.1305           0.1281          -0.0251
          0.1313           0.1313                0
           0.207            0.207                0
          0.2434            0.222          0.09995
          0.2434            0.222         -0.09995
          0.2638           0.2139           0.1544
          0.2638           0.2139          -0.1544
          0.3206           0.3206                0
            0.41             0.41                0
            0.47             0.47                0
          0.5354           0.5354                0
            0.54             0.54                0
            0.56           0.5314           0.1767
            0.56           0.5314          -0.1767
          0.5869           0.5489           0.2078
          0.5869           0.5489          -0.2078
            0.59             0.59                0
          0.6294           0.6294                0
          0.7302            0.717           0.1382
          0.7302            0.717          -0.1382
          0.8046           0.8015          0.07024
          0.8046           0.8015         -0.07024
            0.81             0.81                0
             0.9              0.9                0
             0.9              0.9                0
            0.91             0.91                0
            0.93             0.93                0
            0.93             0.93                0
          0.9337           0.9337          0.01093
          0.9337           0.9337         -0.01093
            0.96             0.96                0
            0.96             0.96                0
          0.9629           0.9629                0
          0.9848           0.9848                0
            0.99             0.99                0
            0.99             0.99                0
            0.99             0.99                0
            0.99             0.99                0
            0.99             0.99                0
           1.021            1.021                0
           1.175            1.175                0
           1.275            1.275                0
           1.369            1.342           0.2722
           1.369            1.342          -0.2722
            1.54            1.457           0.4989
            1.54            1.457          -0.4989
           1.839            1.839                0
           1.855            1.803           0.4361
           1.855            1.803          -0.4361
           3.256            3.256                0
           3.505            3.505                0
       1.823e+17       -1.823e+17                0
       2.772e+17       -2.772e+17                0
       5.555e+17       -5.555e+17                0
       1.068e+18       -1.068e+18                0
       2.796e+18       -2.796e+18                0
       7.234e+20        7.234e+20                0


There are 18 eigenvalue(s) larger than 1 in modulus 
for 18 forward-looking variable(s)

The rank condition is verified.

[Warning: Some of the parameters have no value (gammatild_E) when using stoch_simul.
If these parameters are not initialized in a steadystate file, Dynare may not be able
to solve the model...] 
[> In <a href="matlab:matlab.internal.language.introspective.errorDocCallback('test_for_deep_parameters_calibration', 'C:\dynare\4.4.3\matlab\test_for_deep_parameters_calibration.m', 46)" style="font-weight:bold">test_for_deep_parameters_calibration</a> (<a href="matlab: opentoline('C:\dynare\4.4.3\matlab\test_for_deep_parameters_calibration.m',46,0)">line 46</a>)
  In <a href="matlab:matlab.internal.language.introspective.errorDocCallback('stoch_simul', 'C:\dynare\4.4.3\matlab\stoch_simul.m', 27)" style="font-weight:bold">stoch_simul</a> (<a href="matlab: opentoline('C:\dynare\4.4.3\matlab\stoch_simul.m',27,0)">line 27</a>)
  In <a href="matlab:matlab.internal.language.introspective.errorDocCallback('EA_PV15_bg_rep', 'Z:\Forschung\MODELBASE\MMB_2_3\MMB_replications_2_3\EA_PV15\EA_PV15_rep\EA_PV15_bg_rep.m', 1076)" style="font-weight:bold">EA_PV15_bg_rep</a> (<a href="matlab: opentoline('Z:\Forschung\MODELBASE\MMB_2_3\MMB_replications_2_3\EA_PV15\EA_PV15_rep\EA_PV15_bg_rep.m',1076,0)">line 1076</a>)
  In <a href="matlab:matlab.internal.language.introspective.errorDocCallback('dynare', 'C:\dynare\4.4.3\matlab\dynare.m', 180)" style="font-weight:bold">dynare</a> (<a href="matlab: opentoline('C:\dynare\4.4.3\matlab\dynare.m',180,0)">line 180</a>)] 

MODEL SUMMARY

  Number of variables:         103
  Number of stochastic shocks: 25
  Number of state variables:   60
  Number of jumpers:           18
  Number of static variables:  39


MATRIX OF COVARIANCE OF EXOGENOUS SHOCKS

Variables     e_a_h     e_g_h   e_beta_h    e_a_f     e_g_f   e_beta_f    e_n_h     e_n_f     e_q_h     e_q_f    e_rL_h    e_rL_f     e_w_h     e_w_f    e_ib_h    e_ib_f      e_a       e_g     e_beta      e_n       e_q      e_rL       e_w      e_ib       e_r   
e_a_h        0.774400  0.000000  0.000000  0.000000  0.000000  0.000000  0.000000  0.000000  0.000000  0.000000  0.000000  0.000000  0.000000  0.000000  0.000000  0.000000  0.000000  0.000000  0.000000  0.000000  0.000000  0.000000  0.000000  0.000000  0.000000
e_g_h        0.000000  0.000000  0.000000  0.000000  0.000000  0.000000  0.000000  0.000000  0.000000  0.000000  0.000000  0.000000  0.000000  0.000000  0.000000  0.000000  0.000000  0.000000  0.000000  0.000000  0.000000  0.000000  0.000000  0.000000  0.000000
e_beta_h     0.000000  0.000000  0.000000  0.000000  0.000000  0.000000  0.000000  0.000000  0.000000  0.000000  0.000000  0.000000  0.000000  0.000000  0.000000  0.000000  0.000000  0.000000  0.000000  0.000000  0.000000  0.000000  0.000000  0.000000  0.000000
e_a_f        0.000000  0.000000  0.000000  0.000000  0.000000  0.000000  0.000000  0.000000  0.000000  0.000000  0.000000  0.000000  0.000000  0.000000  0.000000  0.000000  0.000000  0.000000  0.000000  0.000000  0.000000  0.000000  0.000000  0.000000  0.000000
e_g_f        0.000000  0.000000  0.000000  0.000000  0.000000  0.000000  0.000000  0.000000  0.000000  0.000000  0.000000  0.000000  0.000000  0.000000  0.000000  0.000000  0.000000  0.000000  0.000000  0.000000  0.000000  0.000000  0.000000  0.000000  0.000000
e_beta_f     0.000000  0.000000  0.000000  0.000000  0.000000  0.000000  0.000000  0.000000  0.000000  0.000000  0.000000  0.000000  0.000000  0.000000  0.000000  0.000000  0.000000  0.000000  0.000000  0.000000  0.000000  0.000000  0.000000  0.000000  0.000000
e_n_h        0.000000  0.000000  0.000000  0.000000  0.000000  0.000000  0.019600  0.000000  0.000000  0.000000  0.000000  0.000000  0.000000  0.000000  0.000000  0.000000  0.000000  0.000000  0.000000  0.000000  0.000000  0.000000  0.000000  0.000000  0.000000
e_n_f        0.000000  0.000000  0.000000  0.000000  0.000000  0.000000  0.000000  0.000000  0.000000  0.000000  0.000000  0.000000  0.000000  0.000000  0.000000  0.000000  0.000000  0.000000  0.000000  0.000000  0.000000  0.000000  0.000000  0.000000  0.000000
e_q_h        0.000000  0.000000  0.000000  0.000000  0.000000  0.000000  0.000000  0.000000  0.000000  0.000000  0.000000  0.000000  0.000000  0.000000  0.000000  0.000000  0.000000  0.000000  0.000000  0.000000  0.000000  0.000000  0.000000  0.000000  0.000000
e_q_f        0.000000  0.000000  0.000000  0.000000  0.000000  0.000000  0.000000  0.000000  0.000000  0.000000  0.000000  0.000000  0.000000  0.000000  0.000000  0.000000  0.000000  0.000000  0.000000  0.000000  0.000000  0.000000  0.000000  0.000000  0.000000
e_rL_h       0.000000  0.000000  0.000000  0.000000  0.000000  0.000000  0.000000  0.000000  0.000000  0.000000  0.000000  0.000000  0.000000  0.000000  0.000000  0.000000  0.000000  0.000000  0.000000  0.000000  0.000000  0.000000  0.000000  0.000000  0.000000
e_rL_f       0.000000  0.000000  0.000000  0.000000  0.000000  0.000000  0.000000  0.000000  0.000000  0.000000  0.000000  0.000000  0.000000  0.000000  0.000000  0.000000  0.000000  0.000000  0.000000  0.000000  0.000000  0.000000  0.000000  0.000000  0.000000
e_w_h        0.000000  0.000000  0.000000  0.000000  0.000000  0.000000  0.000000  0.000000  0.000000  0.000000  0.000000  0.000000  0.000000  0.000000  0.000000  0.000000  0.000000  0.000000  0.000000  0.000000  0.000000  0.000000  0.000000  0.000000  0.000000
e_w_f        0.000000  0.000000  0.000000  0.000000  0.000000  0.000000  0.000000  0.000000  0.000000  0.000000  0.000000  0.000000  0.000000  0.000000  0.000000  0.000000  0.000000  0.000000  0.000000  0.000000  0.000000  0.000000  0.000000  0.000000  0.000000
e_ib_h       0.000000  0.000000  0.000000  0.000000  0.000000  0.000000  0.000000  0.000000  0.000000  0.000000  0.000000  0.000000  0.000000  0.000000  5.198400  0.000000  0.000000  0.000000  0.000000  0.000000  0.000000  0.000000  0.000000  0.000000  0.000000
e_ib_f       0.000000  0.000000  0.000000  0.000000  0.000000  0.000000  0.000000  0.000000  0.000000  0.000000  0.000000  0.000000  0.000000  0.000000  0.000000  0.000000  0.000000  0.000000  0.000000  0.000000  0.000000  0.000000  0.000000  0.000000  0.000000
e_a          0.000000  0.000000  0.000000  0.000000  0.000000  0.000000  0.000000  0.000000  0.000000  0.000000  0.000000  0.000000  0.000000  0.000000  0.000000  0.000000  0.000000  0.000000  0.000000  0.000000  0.000000  0.000000  0.000000  0.000000  0.000000
e_g          0.000000  0.000000  0.000000  0.000000  0.000000  0.000000  0.000000  0.000000  0.000000  0.000000  0.000000  0.000000  0.000000  0.000000  0.000000  0.000000  0.000000  0.000000  0.000000  0.000000  0.000000  0.000000  0.000000  0.000000  0.000000
e_beta       0.000000  0.000000  0.000000  0.000000  0.000000  0.000000  0.000000  0.000000  0.000000  0.000000  0.000000  0.000000  0.000000  0.000000  0.000000  0.000000  0.000000  0.000000  0.000000  0.000000  0.000000  0.000000  0.000000  0.000000  0.000000
e_n          0.000000  0.000000  0.000000  0.000000  0.000000  0.000000  0.000000  0.000000  0.000000  0.000000  0.000000  0.000000  0.000000  0.000000  0.000000  0.000000  0.000000  0.000000  0.000000  0.000000  0.000000  0.000000  0.000000  0.000000  0.000000
e_q          0.000000  0.000000  0.000000  0.000000  0.000000  0.000000  0.000000  0.000000  0.000000  0.000000  0.000000  0.000000  0.000000  0.000000  0.000000  0.000000  0.000000  0.000000  0.000000  0.000000  0.000000  0.000000  0.000000  0.000000  0.000000
e_rL         0.000000  0.000000  0.000000  0.000000  0.000000  0.000000  0.000000  0.000000  0.000000  0.000000  0.000000  0.000000  0.000000  0.000000  0.000000  0.000000  0.000000  0.000000  0.000000  0.000000  0.000000  0.000000  0.000000  0.000000  0.000000
e_w          0.000000  0.000000  0.000000  0.000000  0.000000  0.000000  0.000000  0.000000  0.000000  0.000000  0.000000  0.000000  0.000000  0.000000  0.000000  0.000000  0.000000  0.000000  0.000000  0.000000  0.000000  0.000000  0.000000  0.000000  0.000000
e_ib         0.000000  0.000000  0.000000  0.000000  0.000000  0.000000  0.000000  0.000000  0.000000  0.000000  0.000000  0.000000  0.000000  0.000000  0.000000  0.000000  0.000000  0.000000  0.000000  0.000000  0.000000  0.000000  0.000000  0.000000  0.000000
e_r          0.000000  0.000000  0.000000  0.000000  0.000000  0.000000  0.000000  0.000000  0.000000  0.000000  0.000000  0.000000  0.000000  0.000000  0.000000  0.000000  0.000000  0.000000  0.000000  0.000000  0.000000  0.000000  0.000000  0.000000  0.000000

POLICY AND TRANSITION FUNCTIONS
                        y_h              y_f              c_h              c_f              pic_h            pic_f            r                y_ea             
y_h(-1)                     0.012689        0.007408        0.013349        0.008117        0.009694        0.010208       -0.008813        0.010049
y_f(-1)                     0.012689        0.007408        0.013349        0.008117        0.009694        0.010208       -0.008813        0.010049
r(-1)                      -0.888265       -0.518551       -0.934462       -0.568214       -0.678547       -0.714527        0.616943       -0.703408
k_h(-1)                    -0.158463       -0.075546        0.142962        0.043743       -0.091223       -0.029979       -0.020746       -0.117005
k_f(-1)                    -0.068121       -0.077384        0.061952        0.082895       -0.021970       -0.069711       -0.015315       -0.072752
ToT(-1)                     0.604301       -0.549105        0.076089       -0.040700        0.136491       -0.151949       -0.001625        0.027598
b_h(-1)                    -0.000563        0.002414        0.005748       -0.003584        0.001531       -0.001734       -0.000008        0.000926
ld_h(-1)                   -0.050594       -0.012349        0.004010        0.001865       -0.010094       -0.006100       -0.003152       -0.031472
ld_f(-1)                   -0.014114       -0.016185        0.002235        0.001613       -0.003782       -0.005030       -0.001668       -0.015150
nk_h(-1)                   -0.664627       -0.117415        0.060146        0.027327       -0.131273       -0.067547       -0.038810       -0.391021
nk_f(-1)                   -0.074967       -0.324652        0.034504        0.029592       -0.039213       -0.086842       -0.023452       -0.199810
ls_h(-1)                    0.001760        0.000305        0.000020        0.000019        0.000076        0.000029        0.000040        0.001032
ls_f(-1)                    0.000376        0.000408        0.000014        0.000006        0.000017        0.000032        0.000017        0.000392
p_IB_h(-1)                 -0.000352       -0.000061       -0.000004       -0.000004       -0.000015       -0.000006       -0.000008       -0.000206
p_IB_f(-1)                 -0.000075       -0.000082       -0.000003       -0.000001       -0.000003       -0.000006       -0.000003       -0.000078
IBd_h(-1)                  -0.000778       -0.000134       -0.000009       -0.000009       -0.000030       -0.000011       -0.000017       -0.000456
IBd_f(-1)                  -0.000172       -0.000184       -0.000007       -0.000003       -0.000007       -0.000013       -0.000007       -0.000178
a_h(-1)                     0.524920       -0.137802        0.518506        0.068698       -0.223858       -0.051086       -0.036046        0.193559
a_f(-1)                    -0.135847        0.397513        0.107117        0.322789       -0.053336       -0.220706       -0.037418        0.130833
g_h(-1)                     0.213597        0.013376       -0.035023       -0.010882        0.022093        0.005022        0.006737        0.113486
g_f(-1)                     0.012974        0.208184       -0.017430       -0.020895        0.007279        0.025862        0.007559        0.110579
n_shock_h(-1)              -2.016928       -0.377347        0.545963        0.289541       -0.524263       -0.181199       -0.133140       -1.197138
n_shock_f(-1)              -0.129237       -1.387710        0.470324        0.340512       -0.080530       -0.398212       -0.089057       -0.758474
q_shock_h(-1)              -0.093715       -0.004275       -0.000588       -0.000898       -0.004272       -0.000816       -0.001929       -0.048995
q_shock_f(-1)               0.013599       -0.062281       -0.001249        0.000285       -0.000021       -0.006303       -0.001520       -0.024341
rL_shock_h(-1)             -0.243545       -0.024566        0.018368        0.007252       -0.045918       -0.019108       -0.012841       -0.134056
rL_shock_f(-1)             -0.001780       -0.113750        0.006254        0.007058       -0.008863       -0.027307       -0.006740       -0.057765
w_shock_h(-1)              -0.927245        0.016921       -1.207621       -0.116501        0.116396       -0.041782        0.000119       -0.455162
w_shock_f(-1)               0.035200       -0.439202       -0.124592       -0.463673        0.000860        0.113800        0.012122       -0.202001
ib_shock_h(-1)              0.035153        0.007489       -0.001868       -0.000743        0.006449        0.003801        0.002029        0.021321
ib_shock_f(-1)              0.007558        0.012099       -0.001335       -0.001055        0.002338        0.003611        0.001116        0.009829
r_shock(-1)                -0.673132       -0.389074       -0.701572       -0.425663       -0.590145       -0.619642        0.218205       -0.531103
r_L_h(-2)                   0.004557        0.000392        0.000063        0.000054        0.000100       -0.000004        0.000074        0.002475
r_L_f(-2)                   0.000409        0.003725        0.000135        0.000051       -0.000044        0.000151        0.000065        0.002067
IBd_h(-2)                   0.000070        0.000012               0               0        0.000003        0.000001        0.000002        0.000041
IBd_f(-2)                   0.000016        0.000017               0               0               0        0.000001               0        0.000016
e_w_h(-1)                   0.477672       -0.008717        0.622108        0.060016       -0.059961        0.021524       -0.000061        0.234478
e_w_f(-1)                  -0.009955        0.124219        0.035238        0.131140       -0.000243       -0.032186       -0.003428        0.057132
c_h(-1)                     0.162605        0.040225        0.312928       -0.002423        0.012006        0.006928        0.005236        0.101415
c_f(-1)                     0.075986        0.279896       -0.010849        0.557400        0.016109        0.030378        0.011151        0.177941
pi_h(-1)                   -0.047822        0.025712       -0.012761       -0.002857        0.031040        0.009623        0.005753       -0.011055
pi_f(-1)                    0.029414       -0.046048       -0.004873       -0.008692        0.010456        0.034603        0.006469       -0.008317
pic_h(-1)                  -0.069812        0.045511       -0.033949       -0.009719        0.063262        0.022639        0.012422       -0.012151
pic_f(-1)                   0.031029       -0.036836       -0.008924       -0.012733        0.014263        0.041326        0.008157       -0.002904
w_h(-1)                    -0.151765        0.098936       -0.073803       -0.021128        0.137525        0.049215        0.027004       -0.026414
w_f(-1)                     0.086192       -0.102323       -0.024790       -0.035370        0.039619        0.114793        0.022659       -0.008066
i_h(-1)                     0.109227        0.012801       -0.002710       -0.000949        0.009308        0.004544        0.003514        0.061014
i_f(-1)                     0.018014        0.121615       -0.003645       -0.003624        0.007265        0.015303        0.005016        0.069814
r_L_h(-1)                  -0.038912       -0.003132       -0.000591       -0.000480       -0.000578        0.000189       -0.000562       -0.021022
r_L_f(-1)                  -0.001965       -0.019132       -0.000749       -0.000325        0.000402       -0.000456       -0.000261       -0.010548
beta_shock_h(-1)            0.048116        0.064045        0.199744       -0.024814        0.068532        0.027705        0.015589        0.056080
beta_shock_f(-1)            0.035939        0.020165       -0.013868        0.096929        0.016599        0.040139        0.009071        0.028052
e_a_h                       0.723148       -0.127112        0.492110        0.059563       -0.206164       -0.047065       -0.030326        0.298018
e_g_h                       0.229674        0.014383       -0.037659       -0.011701        0.023756        0.005400        0.007244        0.122028
e_beta_h                    0.059402        0.079068        0.246597       -0.030634        0.084607        0.034203        0.019246        0.069235
e_a_f                      -0.125385        0.591410        0.092302        0.306992       -0.047236       -0.199347       -0.030902        0.233013
e_g_f                       0.014258        0.228773       -0.019153       -0.022961        0.007999        0.028420        0.008306        0.121515
e_beta_f                    0.066554        0.037343       -0.025681        0.179498        0.030739        0.074332        0.016797        0.051949
e_n_h                      -2.100967       -0.393070        0.568712        0.301605       -0.546107       -0.188749       -0.138687       -1.247018
e_n_f                      -0.134622       -1.445532        0.489920        0.354700       -0.083886       -0.414804       -0.092768       -0.790077
e_q_h                      -0.199393       -0.009097       -0.001250       -0.001911       -0.009089       -0.001735       -0.004104       -0.104245
e_q_f                       0.023050       -0.105561       -0.002118        0.000483       -0.000036       -0.010682       -0.002576       -0.041255
e_rL_h                     -0.246005       -0.024815        0.018553        0.007326       -0.046382       -0.019301       -0.012971       -0.135410
e_rL_f                     -0.001978       -0.126389        0.006949        0.007843       -0.009848       -0.030341       -0.007488       -0.064183
e_w_h                      -0.532297        0.059254       -0.629447       -0.067940        0.127851        0.004891        0.013969       -0.236521
e_w_f                       0.049877       -0.347105       -0.097268       -0.345896        0.011828        0.114905        0.015190       -0.148614
e_ib_h                      0.039059        0.008321       -0.002075       -0.000825        0.007166        0.004224        0.002254        0.023690
e_ib_f                      0.008127        0.013009       -0.001435       -0.001134        0.002514        0.003882        0.001200        0.010568
e_a                         0.393003        0.262335        0.631942        0.395442       -0.279994       -0.274537       -0.074207        0.327669
e_g                         0.243932        0.243156       -0.056812       -0.034663        0.031755        0.033820        0.015550        0.243544
e_beta                      0.125956        0.116411        0.220916        0.148864        0.115346        0.108535        0.036043        0.121184
e_n                        -2.235589       -1.838602        1.058632        0.656305       -0.629993       -0.603553       -0.231455       -2.037095
e_q                        -0.176344       -0.114657       -0.003368       -0.001429       -0.009125       -0.012418       -0.006680       -0.145500
e_rL                       -0.247983       -0.151203        0.025502        0.015168       -0.056230       -0.049643       -0.020459       -0.199593
e_w                        -0.901056       -0.426547       -1.345670       -0.586034        0.118440        0.072745        0.012364       -0.663801
e_ib                        0.047186        0.021330       -0.003511       -0.001959        0.009679        0.008106        0.003454        0.034258
e_r                        -1.641786       -0.948961       -1.711152       -1.038203       -1.439378       -1.511321        0.532207       -1.295374


THEORETICAL MOMENTS

VARIABLE      MEAN    STD. DEV.   VARIANCE 
y_h            0.0000     4.5282    20.5044
y_f            0.0000     0.8214     0.6748
c_h            0.0000     4.9985    24.9845
c_f            0.0000     0.5113     0.2614
pic_h          0.0000     0.2479     0.0614
pic_f          0.0000     0.1201     0.0144
r              0.0000     0.1879     0.0353
y_ea           0.0000     2.1477     4.6124



VARIANCE DECOMPOSITION (in percent)

           e_a_h     e_g_h   e_beta_h    e_a_f     e_g_f   e_beta_f    e_n_h     e_n_f     e_q_h     e_q_f    e_rL_h    e_rL_f     e_w_h     e_w_f    e_ib_h    e_ib_f      e_a       e_g     e_beta      e_n       e_q      e_rL       e_w      e_ib       e_r   
y_h         83.07      0.00      0.00      0.00      0.00      0.00     16.73      0.00      0.00      0.00      0.00      0.00      0.00      0.00      0.19      0.00      0.00      0.00      0.00      0.00      0.00      0.00      0.00      0.00      0.00
y_f         56.30      0.00      0.00      0.00      0.00      0.00     43.18      0.00      0.00      0.00      0.00      0.00      0.00      0.00      0.53      0.00      0.00      0.00      0.00      0.00      0.00      0.00      0.00      0.00      0.00
c_h         97.79      0.00      0.00      0.00      0.00      0.00      2.20      0.00      0.00      0.00      0.00      0.00      0.00      0.00      0.01      0.00      0.00      0.00      0.00      0.00      0.00      0.00      0.00      0.00      0.00
c_f         67.35      0.00      0.00      0.00      0.00      0.00     32.44      0.00      0.00      0.00      0.00      0.00      0.00      0.00      0.20      0.00      0.00      0.00      0.00      0.00      0.00      0.00      0.00      0.00      0.00
pic_h       64.69      0.00      0.00      0.00      0.00      0.00     34.15      0.00      0.00      0.00      0.00      0.00      0.00      0.00      1.16      0.00      0.00      0.00      0.00      0.00      0.00      0.00      0.00      0.00      0.00
pic_f       31.89      0.00      0.00      0.00      0.00      0.00     66.19      0.00      0.00      0.00      0.00      0.00      0.00      0.00      1.92      0.00      0.00      0.00      0.00      0.00      0.00      0.00      0.00      0.00      0.00
r           31.59      0.00      0.00      0.00      0.00      0.00     67.49      0.00      0.00      0.00      0.00      0.00      0.00      0.00      0.92      0.00      0.00      0.00      0.00      0.00      0.00      0.00      0.00      0.00      0.00
y_ea        76.10      0.00      0.00      0.00      0.00      0.00     23.54      0.00      0.00      0.00      0.00      0.00      0.00      0.00      0.36      0.00      0.00      0.00      0.00      0.00      0.00      0.00      0.00      0.00      0.00



MATRIX OF CORRELATIONS

Variables     y_h     y_f     c_h     c_f    pic_h   pic_f     r     y_ea  
y_h          1.0000 -0.3669  0.8397  0.3014 -0.0891 -0.1090 -0.1750  0.9840
y_f         -0.3669  1.0000 -0.3895 -0.9676  0.3698  0.5663  0.5794 -0.1955
c_h          0.8397 -0.3895  1.0000  0.3066 -0.2520 -0.5183 -0.5928  0.8107
c_f          0.3014 -0.9676  0.3066  1.0000 -0.3129 -0.5257 -0.5631  0.1327
pic_h       -0.0891  0.3698 -0.2520 -0.3129  1.0000  0.7542  0.5045 -0.0232
pic_f       -0.1090  0.5663 -0.5183 -0.5257  0.7542  1.0000  0.9303 -0.0067
r           -0.1750  0.5794 -0.5928 -0.5631  0.5045  0.9303  1.0000 -0.0737
y_ea         0.9840 -0.1955  0.8107  0.1327 -0.0232 -0.0067 -0.0737  1.0000



COEFFICIENTS OF AUTOCORRELATION

Order      1       2       3       4       5   
y_h      0.9852  0.9594  0.9305  0.9023  0.8762
y_f      0.9811  0.9428  0.8973  0.8504  0.8047
c_h      0.9955  0.9876  0.9788  0.9699  0.9613
c_f      0.9851  0.9522  0.9096  0.8632  0.8163
pic_h    0.5343  0.2519  0.1129  0.0502  0.0242
pic_f    0.8830  0.7792  0.6928  0.6189  0.5545
r        0.9729  0.9162  0.8473  0.7757  0.7062
y_ea     0.9853  0.9576  0.9249  0.8916  0.8597
Total computing time : 0h00m04s
Note: warning(s) encountered in MATLAB/Octave code
