Starting Dynare (version 4.4.3).
Starting preprocessing of the model file ...
Found 65 equation(s).
Evaluating expressions...done
Computing static model derivatives:
 - order 1
Computing dynamic model derivatives:
 - order 1
Processing outputs ...done
Preprocessing completed.
Starting MATLAB/Octave computing.

MODEL SUMMARY

  Number of variables:         65
  Number of stochastic shocks: 2
  Number of state variables:   13
  Number of jumpers:           21
  Number of static variables:  34


MATRIX OF COVARIANCE OF EXOGENOUS SHOCKS

Variables       e        e_i   
e            0.002380  0.000000
e_i          0.000000  0.000000

POLICY AND TRANSITION FUNCTIONS
                               outputgap       infl            i_nom           y        
Constant                           0        1.000000        0.003356        4.600355
k(-1)                       0.008905       -0.000139        0.000811        0.008905
n(-1)                      -0.878358       -0.069034       -0.175076       -0.878358
g(-1)                       0.359541        0.057097        0.117528        0.476368
Dis(-1)                     0.208473        0.241430        0.300031        4.425465
Y(-1)                       0.401520        0.011321       -0.052263        0.401520
n_fe(-1)                   -1.480109               0               0               0
k_fe(-1)                   -0.012721               0               0               0
i(-1)                       0.630776        0.078981        0.159501        0.630776
i_fe(-1)                   -0.103665               0               0               0
e                           0.342628        0.054411        0.111999        0.453958


THEORETICAL MOMENTS

VARIABLE       MEAN    STD. DEV.   VARIANCE 
outputgap       0.0000     0.0656     0.0043
infl            1.0000     0.0076     0.0001
i_nom           0.0034     0.0095     0.0001
y               4.6004     0.0761     0.0058



VARIANCE DECOMPOSITION (in percent)

              e     e_i  
outputgap   100.00   0.00
infl        100.00   0.00
i_nom       100.00   0.00
y           100.00   0.00



MATRIX OF CORRELATIONS

Variables   outputgap     infl      i_nom        y     
outputgap       1.0000     0.9652     0.9106     0.8577
infl            0.9652     1.0000     0.9674     0.9540
i_nom           0.9106     0.9674     1.0000     0.9101
y               0.8577     0.9540     0.9101     1.0000



COEFFICIENTS OF AUTOCORRELATION

Order          1       2       3       4       5   
outputgap    0.9668  0.9333  0.9036  0.8761  0.8501
infl         0.9359  0.8862  0.8408  0.7982  0.7581
i_nom        0.7931  0.7325  0.6924  0.6567  0.6235
y            0.9560  0.9035  0.8522  0.8033  0.7568
Total computing time : 0h00m02s
Note: warning(s) encountered in MATLAB/Octave code
