Starting Dynare (version 4.4.3).
Starting preprocessing of the model file ...
Found 36 equation(s).
Evaluating expressions...done
Computing static model derivatives:
 - order 1
Computing dynamic model derivatives:
 - order 1
Processing outputs ...done
Preprocessing completed.
Starting MATLAB/Octave computing.
[Warning: Some of the parameters have no value (gammma1, Rbar, Lambdax, LambdaYd) when using steady. If these parameters
are not initialized in a steadystate file, Dynare may not be able to solve the model...] 
[> In <a href="matlab:matlab.internal.language.introspective.errorDocCallback('test_for_deep_parameters_calibration', 'C:\Apps\dynare\4.4.3\matlab\test_for_deep_parameters_calibration.m', 46)" style="font-weight:bold">test_for_deep_parameters_calibration</a> (<a href="matlab: opentoline('C:\Apps\dynare\4.4.3\matlab\test_for_deep_parameters_calibration.m',46,0)">line 46</a>)
  In <a href="matlab:matlab.internal.language.introspective.errorDocCallback('steady', 'C:\Apps\dynare\4.4.3\matlab\steady.m', 33)" style="font-weight:bold">steady</a> (<a href="matlab: opentoline('C:\Apps\dynare\4.4.3\matlab\steady.m',33,0)">line 33</a>)
  In <a href="matlab:matlab.internal.language.introspective.errorDocCallback('US_FV15_rep', 'D:\2_My_Papers\Replication\New Models\Replications\US_FV15\US_FV15_rep\US_FV15_rep.m', 479)" style="font-weight:bold">US_FV15_rep</a> (<a href="matlab: opentoline('D:\2_My_Papers\Replication\New Models\Replications\US_FV15\US_FV15_rep\US_FV15_rep.m',479,0)">line 479</a>)
  In <a href="matlab:matlab.internal.language.introspective.errorDocCallback('dynare', 'C:\Apps\dynare\4.4.3\matlab\dynare.m', 180)" style="font-weight:bold">dynare</a> (<a href="matlab: opentoline('C:\Apps\dynare\4.4.3\matlab\dynare.m',180,0)">line 180</a>)
  In <a href="matlab:matlab.internal.language.introspective.errorDocCallback('run', 'D:\2_My_Papers\Replication\New Models\Replications\US_FV15\run.m', 20)" style="font-weight:bold">run</a> (<a href="matlab: opentoline('D:\2_My_Papers\Replication\New Models\Replications\US_FV15\run.m',20,0)">line 20</a>)] 

STEADY-STATE RESULTS:

d          		 1
c          		 0.437548
mu_z       		 1.00446
mu_I       		 1.00341
mu_A       		 1.0028
lambda     		 2.48238
R          		 1.01511
PI         		 1.0005
r          		 0.0430596
x          		 0.073798
u          		 1
q          		 1
f          		 2.53052
ld         		 0.345104
w          		 1.05355
wstar      		 1.06508
PIstarw    		 1.01095
PIstar     		 1.00084
g1         		 5.92867
g2         		 6.58741
yd         		 0.511346
mc         		 0.900035
k          		 2.26222
vp         		 1
vw         		 1.00089
l          		 0.345411
phi        		 1
F          		 0.0511145
sigma_dt   		 1
sigma_phit 		 1
sigma_mut  		 1
sigma_At   		 1
sigma_mt   		 1
gammaPIt   		 1
gammayt    		 1
yg         		 1

EIGENVALUES:
         Modulus             Real        Imaginary

               0               -0                0
       2.199e-16        2.199e-16                0
          0.1182           0.1182                0
          0.1275           0.1275                0
          0.2411           0.2411                0
          0.6081           0.6081                0
          0.7195           0.7195                0
          0.7508           0.7508                0
          0.7987           0.7951          0.07535
          0.7987           0.7951         -0.07535
          0.8177           0.8177                0
          0.8243           0.8243                0
           0.855            0.855                0
          0.9246           0.9246                0
          0.9331           0.9331                0
            0.95             0.95                0
          0.9506           0.9506                0
          0.9886           0.9886                0
           1.014            1.014          0.00489
           1.014            1.014         -0.00489
           1.065            1.059           0.1074
           1.065            1.059          -0.1074
           1.107            1.107                0
           1.216            1.216                0
            1.25             1.25                0
           1.464            1.464                0
             Inf             -Inf                0
             Inf             -Inf                0
             Inf             -Inf                0
             Inf             -Inf                0
             Inf             -Inf                0
             Inf             -Inf                0
             Inf              Inf                0


There are 15 eigenvalue(s) larger than 1 in modulus 
for 15 forward-looking variable(s)

The rank condition is verified.

Total computing time : 0h00m01s
Note: warning(s) encountered in MATLAB/Octave code
