Starting Dynare (version 4.5.7).
Starting preprocessing of the model file ...
Found 42 equation(s).
Evaluating expressions...done
Computing static model derivatives:
 - order 1
Computing dynamic model derivatives:
 - order 1
 - order 2
Processing outputs ...
done
Preprocessing completed.

STEADY-STATE RESULTS:

c_b          		 6.9596e-18
i_d          		 2.77571e-17
pi           		 1.73433e-17
i_h          		 3.06671e-17
lambda       		 -1.63182e-15
l_h          		 -3.09763e-17
w            		 1.69597e-17
nu_h         		 -2.86721e-17
h_s          		 -1.71063e-17
h_b          		 -5.95038e-18
d            		 2.98948e-17
c_s          		 8.39773e-18
x            		 7.9221e-18
y            		 1.30188e-17
k_e          		 6.35363e-17
h            		 -1.1863e-17
l_e          		 5.93368e-17
q_k          		 -1.92287e-17
i_e          		 2.77556e-17
nu_e         		 0
lambda_e     		 -3.26688e-16
v            		 5.3922e-17
k_B          		 3.43421e-17
pi_B         		 7.77004e-17
i_l          		 2.71118e-17
l            		 3.0384e-17
k_BL         		 3.95808e-18
c            		 7.215e-18
xi_z         		 0
xi_d         		 0
xi_i         		 1.98811e-18
varepsilon_e 		 0
varepsilon_h 		 0
xi_p         		 1.56189e-19
pi_obs       		 0.005887
y_obs        		 0.001685
l_h_obs      		 0.003758
l_e_obs      		 0.0024686
d_obs        		 0.001761
i_d_obs      		 0.04558
i_h_obs      		 0.078998
i_e_obs      		 0.08487

EIGENVALUES:
         Modulus             Real        Imaginary

       6.558e-18       -6.558e-18                0
        1.89e-16        -1.89e-16                0
       1.841e-14       -1.841e-14                0
         0.01136          0.01136                0
          0.1409           0.1409                0
          0.4555           0.4555                0
          0.4933           0.4933                0
          0.5284           0.5284                0
          0.5675           0.5675                0
          0.5813           0.5649           0.1372
          0.5813           0.5649          -0.1372
          0.6335           0.6319          0.04476
          0.6335           0.6319         -0.04476
          0.6678           0.6658          0.05175
          0.6678           0.6658         -0.05175
          0.7013           0.7013                0
          0.9197           0.9197                0
          0.9573           0.9573                0
          0.9612           0.9612                0
          0.9771           0.9771                0
          0.9865           0.9865                0
           1.007            0.993           0.1689
           1.007            0.993          -0.1689
           1.148            1.148                0
            1.43             1.43                0
           1.466            1.466                0
           2.607            2.607                0
           8.163            8.163                0
       1.592e+17       -1.592e+17                0
       2.163e+17        2.163e+17                0
       1.624e+19        1.624e+19                0


There are 10 eigenvalue(s) larger than 1 in modulus 
for 10 forward-looking variable(s)

The rank condition is verified.


MODEL SUMMARY

  Number of variables:         42
  Number of stochastic shocks: 8
  Number of state variables:   21
  Number of jumpers:           10
  Number of static variables:  17


MATRIX OF COVARIANCE OF EXOGENOUS SHOCKS
Variables          epsilon_p     epsilon_z     epsilon_i     epsilon_d     epsilon_h     epsilon_e  epsilon_nu_h  epsilon_nu_e
epsilon_p           0.000002      0.000000      0.000000      0.000000      0.000000      0.000000      0.000000      0.000000
epsilon_z           0.000000      0.001560      0.000000      0.000000      0.000000      0.000000      0.000000      0.000000
epsilon_i           0.000000      0.000000      0.000060      0.000000      0.000000      0.000000      0.000000      0.000000
epsilon_d           0.000000      0.000000      0.000000      0.000339      0.000000      0.000000      0.000000      0.000000
epsilon_h           0.000000      0.000000      0.000000      0.000000      0.000134      0.000000      0.000000      0.000000
epsilon_e           0.000000      0.000000      0.000000      0.000000      0.000000      0.000111      0.000000      0.000000
epsilon_nu_h        0.000000      0.000000      0.000000      0.000000      0.000000      0.000000      0.001568      0.000000
epsilon_nu_e        0.000000      0.000000      0.000000      0.000000      0.000000      0.000000      0.000000      0.000216

POLICY AND TRANSITION FUNCTIONS
                                 c_b             i_d              pi             i_h          lambda             l_h               w            nu_h             h_s             h_b               d             c_s               x               y             k_e               h             l_e             q_k             i_e            nu_e        lambda_e               v             k_B            pi_B             i_l               l            k_BL               c            xi_z            xi_d            xi_i    varepsilon_e    varepsilon_h            xi_p          pi_obs           y_obs         l_h_obs         l_e_obs           d_obs         i_d_obs         i_h_obs         i_e_obs
Constant                           0               0               0               0               0               0               0               0               0               0               0               0               0               0               0               0               0               0               0               0               0               0               0               0               0               0               0               0               0               0               0               0               0               0        0.005887        0.001685        0.003758        0.002469        0.001761        0.045580        0.078998        0.084870
i_d(-1)                    -0.120567        0.493282       -0.055260        0.052233       66.637539       -0.833073       -1.429142               0       -0.042310       -0.203356       -0.554624       -0.093984        1.468083       -0.079061       -0.002980       -0.118002       -0.204826       -0.238390        0.050383               0       -8.321345       -0.119195        0.055260       -0.524173        0.405002       -0.487537        0.542797       -0.106478               0               0               0               0               0               0       -0.055260       -0.079061       -0.833073       -0.204826       -0.554624        0.493282        0.052233        0.050383
l_h(-1)                            0               0               0               0               0               0               0               0               0               0               0               0               0               0               0               0               0               0               0               0               0               0               0               0               0               0               0               0               0               0               0               0               0               0               0               0       -1.000000               0               0               0               0               0
nu_h(-1)                    0.041311        0.042256        0.043539        0.039368      -37.526029        1.321215        0.626456        0.957330       -0.069455        0.123379        0.554741        0.047161       -0.633445        0.014188       -0.002700        0.021177       -0.192030       -0.215963        0.038548               0        1.472002       -0.107981       -0.043539        0.423329        0.128857        0.488931       -0.532469        0.044411               0               0               0               0               0               0        0.043539        0.014188        1.321215       -0.192030        0.554741        0.042256        0.039368        0.038548
d(-1)                      -0.062859       -0.008680       -0.007424       -0.000483       45.383746        0.348840       -0.298101               0       -0.403758        0.404184        0.178683        0.007160        0.306030       -0.016097        0.000051       -0.024025        0.005211        0.004107       -0.000496               0       -0.357823        0.002054        0.007424        0.137271        0.016110        0.159844       -0.152421       -0.025749               0               0               0               0               0               0       -0.007424       -0.016097        0.348840        0.005211       -0.821317       -0.008680       -0.000483       -0.000496
k_e(-1)                     0.100472        0.009629       -0.000889        0.004380       -3.913585       -0.020438        0.311092               0       -0.306652       -0.394072       -0.046912        0.041864        0.133662        0.097014        0.986675       -0.347740       -0.059013       -1.066015        0.004345               0       -0.205338        0.466992        0.000889       -0.039389        0.002710       -0.041654        0.042543        0.069410               0               0               0               0               0               0       -0.000889        0.097014       -0.020438       -0.059013       -0.046912        0.009629        0.004380        0.004345
l_e(-1)                            0               0               0               0               0               0               0               0               0               0               0               0               0               0               0               0               0               0               0               0               0               0               0               0               0               0               0               0               0               0               0               0               0               0               0               0               0       -1.000000               0               0               0               0
nu_e(-1)                    0.054784        0.059024        0.059269        0.050484      -56.611028        0.621761        0.939406               0       -0.104010        0.222822        0.838125        0.070711       -0.955774        0.033233       -0.000936        0.049601        0.835671       -0.074918        0.049305        0.919682        2.077620       -0.037459       -0.059269        0.765728        0.188921        0.739411       -0.798681        0.063225               0               0               0               0               0               0        0.059269        0.033233        0.621761        0.835671        0.838125        0.059024        0.050484        0.049305
k_B(-1)                    -0.016584        0.010362        0.003614       -0.011156        4.915079        0.223535        0.059509               0        0.003656        0.201503        0.066227        0.003785       -0.091401        0.064752        0.000626        0.096644        0.043551        0.050107       -0.010804               0        1.132415        0.025054        0.596386        0.115862       -0.066379        0.124544        0.471842       -0.005788               0               0               0               0               0               0        0.003614        0.064752        0.223535        0.043551        0.066227        0.010362       -0.011156       -0.010804
pi_B(-1)                   -0.002355        0.001719        0.001660       -0.008219       -1.404106        0.053024        0.009503               0       -0.010842        0.017125       -0.005007        0.001379       -0.010263        0.001543        0.000429        0.002302        0.028182        0.034331       -0.007949               0        0.808895        0.017165        0.398340        0.041191       -0.056665        0.039361        0.358979       -0.000376               0               0               0               0               0               0        0.001660        0.001543        0.053024        0.028182       -0.005007        0.001719       -0.008219       -0.007949
xi_z(-1)                    0.355844        0.018813        0.001329        0.015072      -20.761079       -0.346232        1.012883               0       -0.939001       -1.526667       -0.081650        0.132276        0.365280        0.162958        0.001821       -1.215204        0.150890        0.145703        0.014946               0       -0.314317        0.072852       -0.001329       -0.029244        0.007187       -0.072815        0.071486        0.237353        0.977145               0               0               0               0               0        0.001329        0.162958       -0.346232        0.150890       -0.081650        0.018813        0.015072        0.014946
xi_d(-1)                    0.085344        0.081240        0.084127        0.058066      -67.746629        0.835089        1.244374               0       -0.157387        0.252472        1.079671        0.094995       -1.256006        0.023615       -0.006762        0.035247       -0.508320       -0.540920        0.057156               0        4.123764       -0.270460       -0.084127       -0.246213        0.110571        0.096214       -0.180342        0.090459               0        0.961167               0               0               0               0        0.084127        0.023615        0.835089       -0.508320        1.079671        0.081240        0.058066        0.057156
xi_i(-1)                   -0.117370        0.397071       -0.124850        0.038063       71.960764       -2.615618       -2.481911               0        0.723243       -1.244234       -1.677707       -0.217208        2.548397       -0.134986       -0.007243       -0.201471       -0.549814       -0.579408        0.036948               0      -14.270271       -0.289704        0.124850       -1.382482        0.136152       -1.479426        1.604276       -0.170284               0               0        0.528411               0               0               0       -0.124850       -0.134986       -2.615618       -0.549814       -1.677707        0.397071        0.038063        0.036948
varepsilon_e(-1)            0.009351        0.013607        0.011001        0.011808      -19.635172        0.191618        0.289821               0       -0.007940        0.106635        0.296555        0.020179       -0.304972        0.030760        0.004891        0.045910        0.320901        0.391316       -0.163751               0       13.503612        0.195658       -0.011001        0.132530        0.058125        0.262724       -0.273724        0.015090               0               0               0        0.455503               0               0        0.011001        0.030760        0.191618        0.320901        0.296555        0.013607        0.011808       -0.163751
varepsilon_h(-1)            0.024303        0.008467        0.007874       -0.154644       10.236920        0.296095        0.160367               0       -0.021621        0.056817        0.140442        0.012333       -0.165398        0.010214       -0.000225        0.015245       -0.016574       -0.017971        0.008248               0        0.074632       -0.008986       -0.007874        0.021776        0.029936        0.124127       -0.132001        0.017959               0               0               0               0        0.493276               0        0.007874        0.010214        0.296095       -0.016574        0.140442        0.008467       -0.154644        0.008248
xi_p(-1)                   -0.323140        0.724500        0.873327        0.085281      661.169863      -18.244755      -15.694706               0        5.983485       -9.469394      -10.500716       -1.469098       16.116897       -0.857177       -0.043397       -1.279368       -2.239207       -3.471781        0.085504               0       62.286723       -1.735890       -0.873327       -8.352437       -0.669057       -9.441704        8.568377       -0.930498               0               0               0               0               0        0.567545        0.873327       -0.857177      -18.244755       -2.239207      -10.500716        0.724500        0.085281        0.085504
c_b(-1)                     0.669867        0.036500        0.014525        0.013505       -5.881734        0.669715        0.301233               0        0.031695        0.639118        0.355767        0.018266       -0.405904        0.212513        0.000353        0.317184        0.024842        0.028241        0.013053               0        0.120033        0.014121       -0.014525        0.272536        0.090100        0.315035       -0.329560        0.324519               0               0               0               0               0               0        0.014525        0.212513        0.669715        0.024842        0.355767        0.036500        0.013505        0.013053
pi(-1)                     -0.031061        0.453308        0.503451        0.076796       77.411048       -3.247123       -2.526872               0        1.173000       -1.841894       -1.791249       -0.250735        2.607392       -0.163480       -0.007675       -0.244000       -0.342519       -0.614006        0.074693               0       11.511173       -0.307003       -0.503451       -1.493305        0.266900       -1.649591        1.146140       -0.147488               0               0               0               0               0               0        0.503451       -0.163480       -3.247123       -0.342519       -1.791249        0.453308        0.076796        0.074693
i_h(-1)                    -0.077910       -0.017608       -0.015317        0.679702      -35.447634       -0.904120       -0.413338               0        0.000294       -0.096961       -0.437303       -0.028031        0.428325       -0.030428        0.000491       -0.045415        0.035162        0.039318       -0.018224               0        0.218384        0.019659        0.015317        0.039394       -0.083125       -0.387515        0.402832       -0.051474               0               0               0               0               0               0       -0.015317       -0.030428       -0.904120        0.035162       -0.437303       -0.017608        0.679702       -0.018224
c_s(-1)                     0.017498        0.051079        0.025200        0.016510      -19.143131        0.387617        0.453201               0        0.525768        0.217290        0.219119        0.720175       -0.578860        0.255125        0.000491        0.380784        0.032394        0.039304        0.016025               0        0.948929        0.019652       -0.025200        0.169164        0.086444        0.192244       -0.217444        0.389917               0               0               0               0               0               0        0.025200        0.255125        0.387617        0.032394        0.219119        0.051079        0.016510        0.016025
y(-1)                       0.011241       -0.097781        0.009318       -0.010269       -4.140167        0.230233        0.220323               0       -0.070409        0.118347        0.142846        0.019702       -0.226364        0.012265        0.000590        0.018306        0.040915        0.047238       -0.009911               0        1.551267        0.023619       -0.009318        0.128847       -0.075755        0.126108       -0.135426        0.015726               0               0               0               0               0               0        0.009318       -0.987735        0.230233        0.040915        0.142846       -0.097781       -0.010269       -0.009911
i_e(-1)                    -0.013058       -0.022531       -0.016763       -0.021306       33.147476       -0.309296       -0.487848               0       -0.004296       -0.196940       -0.523350       -0.032770        0.519144       -0.063542       -0.011148       -0.094839       -0.590463       -0.891806        0.683628               0      -53.998741       -0.445903        0.016763        0.071070       -0.100712       -0.463937        0.480700       -0.023505               0               0               0               0               0               0       -0.016763       -0.063542       -0.309296       -0.590463       -0.523350       -0.022531       -0.021306        0.683628
epsilon_p                  -0.569365        1.276551        1.538781        0.150263     1164.965569      -32.146825      -27.653698               0       10.542757      -16.684846      -18.502013       -2.588516       28.397589       -1.510325       -0.076465       -2.254216       -3.945429       -6.117195        0.150657               0      109.747725       -3.058598       -1.538781      -14.716796       -1.178863      -16.636057       15.097276       -1.639515               0               0               0               0               0        1.000000        1.538781       -1.510325      -32.146825       -3.945429      -18.502013        1.276551        0.150263        0.150657
epsilon_z                   0.364167        0.019253        0.001360        0.015424      -21.246668       -0.354330        1.036573               0       -0.960964       -1.562375       -0.083560        0.135370        0.373824        0.166770        0.001864       -1.243627        0.154419        0.149111        0.015296               0       -0.321669        0.074556       -0.001360       -0.029928        0.007355       -0.074518        0.073158        0.242905        1.000000               0               0               0               0               0        0.001360        0.166770       -0.354330        0.154419       -0.083560        0.019253        0.015424        0.015296
epsilon_i                  -0.222119        0.751443       -0.236275        0.072034      136.183211       -4.949966       -4.696930               0        1.368712       -2.354669       -3.175002       -0.411059        4.822751       -0.255456       -0.013706       -0.381277       -1.040504       -1.096509        0.069923               0      -27.005985       -0.548254        0.236275       -2.616298        0.257663       -2.799762        3.036036       -0.322257               0               0        1.000000               0               0               0       -0.236275       -0.255456       -4.949966       -1.040504       -3.175002        0.751443        0.072034        0.069923
epsilon_d                   0.088792        0.084522        0.087526        0.060412      -70.483690        0.868828        1.294649               0       -0.163746        0.262672        1.123291        0.098833       -1.306750        0.024569       -0.007035        0.036671       -0.528857       -0.562774        0.059465               0        4.290370       -0.281387       -0.087526       -0.256160        0.115038        0.100101       -0.187628        0.094114               0        1.000000               0               0               0               0        0.087526        0.024569        0.868828       -0.528857        1.123291        0.084522        0.060412        0.059465
epsilon_h                   0.049269        0.017165        0.015963       -0.313504       20.752934        0.600262        0.325106               0       -0.043831        0.115182        0.284712        0.025002       -0.335304        0.020707       -0.000455        0.030905       -0.033600       -0.036433        0.016721               0        0.151300       -0.018216       -0.015963        0.044145        0.060687        0.251638       -0.267601        0.036408               0               0               0               0        1.000000               0        0.015963        0.020707        0.600262       -0.033600        0.284712        0.017165       -0.313504        0.016721
epsilon_e                   0.020529        0.029872        0.024150        0.025924      -43.106572        0.420674        0.636267               0       -0.017432        0.234103        0.651050        0.044300       -0.669527        0.067529        0.010739        0.100790        0.704499        0.859085       -0.359495               0       29.645496        0.429542       -0.024150        0.290953        0.127606        0.576778       -0.600928        0.033128               0               0               0        1.000000               0               0        0.024150        0.067529        0.420674        0.704499        0.651050        0.029872        0.025924       -0.359495
epsilon_nu_h                0.043152        0.044140        0.045479        0.041123      -39.198635        1.380104        0.654379        1.000000       -0.072551        0.128878        0.579467        0.049263       -0.661679        0.014821       -0.002820        0.022121       -0.200589       -0.225589        0.040266               0        1.537611       -0.112794       -0.045479        0.442197        0.134600        0.510723       -0.556202        0.046391               0               0               0               0               0               0        0.045479        0.014821        1.380104       -0.200589        0.579467        0.044140        0.041123        0.040266
epsilon_nu_e                0.059569        0.064179        0.064445        0.054893      -61.555002        0.676061        1.021446               0       -0.113093        0.242282        0.911320        0.076886       -1.039244        0.036135       -0.001018        0.053933        0.908652       -0.081460        0.053611        1.000000        2.259064       -0.040730       -0.064445        0.832601        0.205420        0.803986       -0.868431        0.068747               0               0               0               0               0               0        0.064445        0.036135        0.676061        0.908652        0.911320        0.064179        0.054893        0.053611


THEORETICAL MOMENTS
VARIABLE             MEAN  STD. DEV.   VARIANCE
c_b                0.0000     0.1862     0.0347
i_d                0.0000     0.0327     0.0011
pi                 0.0000     0.0161     0.0003
i_h                0.0000     0.0334     0.0011
lambda            -0.0000     4.7929    22.9718
l_h               -0.0000     0.2040     0.0416
w                  0.0000     0.2490     0.0620
nu_h              -0.0000     0.1370     0.0188
h_s               -0.0000     0.1531     0.0234
h_b               -0.0000     0.1662     0.0276
d                  0.0000     0.1068     0.0114
c_s                0.0000     0.0933     0.0087
x                  0.0000     0.0849     0.0072
y                  0.0000     0.0932     0.0087
k_e                0.0000     0.0417     0.0017
h                 -0.0000     0.1487     0.0221
l_e                0.0000     0.0801     0.0064
q_k               -0.0000     0.0778     0.0061
i_e                0.0000     0.0333     0.0011
nu_e               0.0000     0.0374     0.0014
lambda_e          -0.0000     1.6354     2.6746
v                  0.0000     0.0567     0.0032
k_B                0.0000     0.0876     0.0077
pi_B               0.0000     0.1081     0.0117
i_l                0.0000     0.0364     0.0013
l                  0.0000     0.0978     0.0096
k_BL               0.0000     0.0583     0.0034
c                  0.0000     0.1360     0.0185
xi_z               0.0000     0.1858     0.0345
xi_d               0.0000     0.0667     0.0045
xi_i               0.0000     0.0091     0.0001
varepsilon_e       0.0000     0.0118     0.0001
varepsilon_h       0.0000     0.0133     0.0002
xi_p               0.0000     0.0016     0.0000
pi_obs             0.0059     0.0161     0.0003
y_obs              0.0017     0.0094     0.0001
l_h_obs            0.0038     0.0891     0.0079
l_e_obs            0.0025     0.0237     0.0006
d_obs              0.0018     0.0527     0.0028
i_d_obs            0.0456     0.0327     0.0011
i_h_obs            0.0790     0.0334     0.0011
i_e_obs            0.0849     0.0333     0.0011



VARIANCE DECOMPOSITION (in percent)
                   epsilon_p     epsilon_z     epsilon_i     epsilon_d     epsilon_h     epsilon_e  epsilon_nu_h  epsilon_nu_e
c_b                     0.05         99.35          0.02          0.20          0.01          0.01          0.33          0.05
i_d                     2.78         30.79          6.92         23.44          0.05          0.07         31.17          4.76
pi                      4.60         29.35          6.45         23.50          0.06          0.08         31.04          4.92
i_h                     0.83         31.30          0.33         28.76          5.67          0.10         29.73          3.30
lambda                 12.27         42.37          6.01         15.12          2.77          0.92         16.54          4.01
l_h                    17.62         17.13          7.46          2.12          0.47          0.14         54.23          0.83
w                       4.29         89.37          2.92          1.36          0.03          0.08          1.48          0.47
nu_h                    0.00          0.00          0.00          0.00          0.00          0.00        100.00          0.00
h_s                     3.87         92.38          1.25          1.00          0.02          0.05          1.09          0.34
h_b                    10.45         82.57          3.55          0.85          0.07          0.15          1.66          0.70
d                      18.84         24.02         10.33         17.80          0.36          0.95         21.81          5.90
c_s                     2.34         95.22          0.87          0.67          0.01          0.02          0.67          0.20
x                      40.75          3.58         27.06         10.69          0.29          0.78         12.59          4.26
y                       0.60         97.65          0.24          1.10          0.00          0.02          0.37          0.02
k_e                     0.68          7.11          0.19         56.23          0.01          0.41         34.60          0.77
h                       0.48         99.04          0.19          0.17          0.00          0.01          0.08          0.02
l_e                     1.94         11.29          1.98         43.10          0.02          1.84         25.27         14.56
q_k                     4.09          5.01          2.25         50.06          0.04          3.23         34.01          1.31
i_e                     0.81         31.38          0.31         28.73          0.08          5.76         29.65          3.27
nu_e                    0.00          0.00          0.00          0.00          0.00          0.00          0.00        100.00
lambda_e                2.82         22.52          6.46         27.61          0.11         15.58         22.83          2.07
v                       2.25          6.14          1.14         53.39          0.02          1.71         34.33          1.02
k_B                    18.91         25.46          2.29         38.87          0.00          0.04          9.65          4.79
pi_B                   12.87         37.87          6.99         11.69          0.00          0.12         22.78          7.68
i_l                     2.07         28.52          1.74         29.04          0.22          0.34         33.26          4.81
l                      20.83         27.53         10.22         10.94          0.34          0.92         22.87          6.36
k_BL                   19.66          5.26         21.77         16.26          1.05          2.11         26.32          7.57
c                       0.20         99.12          0.17          0.26          0.01          0.00          0.22          0.02
xi_z                    0.00        100.00          0.00          0.00          0.00          0.00          0.00          0.00
xi_d                    0.00          0.00          0.00        100.00          0.00          0.00          0.00          0.00
xi_i                    0.00          0.00        100.00          0.00          0.00          0.00          0.00          0.00
varepsilon_e            0.00          0.00          0.00          0.00          0.00        100.00          0.00          0.00
varepsilon_h            0.00          0.00          0.00          0.00        100.00          0.00          0.00          0.00
xi_p                  100.00          0.00          0.00          0.00          0.00          0.00          0.00          0.00
pi_obs                  4.60         29.35          6.45         23.50          0.06          0.08         31.04          4.92
y_obs                   6.30         85.97          5.18          0.83          0.08          0.65          0.60          0.39
l_h_obs                26.53          5.43         22.04          4.16          0.71          0.32         39.34          1.46
l_e_obs                 5.43          6.72         13.61         17.70          0.03         11.28         11.77         33.45
d_obs                  24.88          2.48         26.07         16.69          0.46          1.97         20.42          7.04
i_d_obs                 2.78         30.79          6.92         23.44          0.05          0.07         31.17          4.76
i_h_obs                 0.83         31.30          0.33         28.76          5.67          0.10         29.73          3.30
i_e_obs                 0.81         31.38          0.31         28.73          0.08          5.76         29.65          3.27



MATRIX OF CORRELATIONS
Variables                c_b           i_d            pi           i_h        lambda           l_h             w          nu_h           h_s           h_b             d           c_s             x             y           k_e             h           l_e           q_k           i_e          nu_e      lambda_e             v           k_B          pi_B           i_l             l          k_BL             c          xi_z          xi_d          xi_i  varepsilon_e  varepsilon_h          xi_p        pi_obs         y_obs       l_h_obs       l_e_obs         d_obs       i_d_obs       i_h_obs       i_e_obs
c_b                   1.0000        0.5160        0.5113        0.5187       -0.5947        0.3741        0.9391       -0.0348       -0.9329       -0.8167        0.4689        0.9706       -0.0240        0.9910        0.2477       -0.9382        0.3486        0.1529        0.5223       -0.0126       -0.4313        0.2845        0.4658        0.5960        0.5034        0.5082       -0.1527        0.9962        0.9819       -0.0105       -0.0122       -0.0002        0.0056        0.0019        0.5113        0.0681        0.0436       -0.0119        0.0355        0.5160        0.5187        0.5223
i_d                   0.5160        1.0000        0.8601        0.9278       -0.5899        0.4772        0.4733        0.5426       -0.5322       -0.4391        0.5597        0.5676        0.0441        0.4736       -0.2355       -0.5211       -0.3973       -0.6016        0.9257        0.2066       -0.8309       -0.5758        0.1228        0.3579        0.9680        0.2692       -0.2670        0.5383        0.5333        0.4729        0.2515        0.0172        0.0136        0.1252        0.8601       -0.1070       -0.0967       -0.0632       -0.1022        1.0000        0.9278        0.9257
pi                    0.5113        0.8601        1.0000        0.8734       -0.5961        0.6282        0.5441        0.5539       -0.5688       -0.3214        0.7369        0.6043       -0.2204        0.4887       -0.2051       -0.4793       -0.3288       -0.5473        0.8716        0.2195       -0.6433       -0.5172        0.1813        0.4868        0.8948        0.4418       -0.4687        0.5486        0.5163        0.4818       -0.2054        0.0241        0.0199        0.2002        1.0000       -0.0851       -0.0402       -0.0818       -0.0430        0.8601        0.8734        0.8716
i_h                   0.5187        0.9278        0.8734        1.0000       -0.6868        0.5291        0.5211        0.5250       -0.5699       -0.3903        0.6396        0.5874       -0.0983        0.4796       -0.2768       -0.5161       -0.3876       -0.5480        0.9291        0.1704       -0.8213       -0.5703        0.1042        0.4110        0.9336        0.3223       -0.3840        0.5472        0.5367        0.5103        0.0389        0.0164       -0.1872        0.0348        0.8734       -0.0516       -0.0266        0.0045       -0.0359        0.9278        1.0000        0.9291
lambda               -0.5947       -0.5899       -0.5961       -0.6868        1.0000       -0.5255       -0.7386       -0.3203        0.6898        0.5068       -0.6734       -0.6077        0.4254       -0.5609        0.0983        0.6427        0.0527        0.1837       -0.6330       -0.1308        0.5216        0.1952       -0.0955       -0.5002       -0.6978       -0.4698        0.6445       -0.6035       -0.6328       -0.3202        0.1419       -0.0824        0.1105        0.2519       -0.5961       -0.4223       -0.5678       -0.1360       -0.6043       -0.5899       -0.6868       -0.6330
l_h                   0.3741        0.4772        0.6282        0.5291       -0.5255        1.0000        0.5525        0.7270       -0.5328        0.0261        0.8649        0.5301       -0.6658        0.4280       -0.0362       -0.2771       -0.1000       -0.2268        0.5371        0.0800       -0.3580       -0.1784        0.6065        0.8581        0.5819        0.8940       -0.5883        0.4333        0.3655        0.0113       -0.2634        0.0328        0.0561       -0.3652        0.6282       -0.0038        0.2183       -0.0652        0.1849        0.4772        0.5291        0.5371
w                     0.9391        0.4733        0.5441        0.5211       -0.7386        0.5525        1.0000        0.0556       -0.9788       -0.7040        0.6718        0.9575       -0.3100        0.9477        0.2117       -0.9040        0.3430        0.1449        0.5194        0.0465       -0.3863        0.2526        0.4994        0.7141        0.5239        0.6733       -0.3791        0.9522        0.9445        0.0481       -0.1706        0.0282        0.0173       -0.2008        0.5441        0.2582        0.2109        0.0364        0.2171        0.4733        0.5211        0.5194
nu_h                 -0.0348        0.5426        0.5539        0.5250       -0.3203        0.7270        0.0556        1.0000       -0.0851        0.1135        0.4422        0.0639       -0.2139       -0.0252       -0.2784        0.0132       -0.4984       -0.5087        0.5238        0.0000       -0.4130       -0.5452        0.2859        0.4733        0.5758        0.4582       -0.3390        0.0008        0.0000        0.0000        0.0000        0.0000        0.0000        0.0000        0.5539       -0.0107        0.0710       -0.0718        0.0383        0.5426        0.5250        0.5238
h_s                  -0.9329       -0.5322       -0.5688       -0.5699        0.6898       -0.5328       -0.9788       -0.0851        1.0000        0.7432       -0.6495       -0.9540        0.2028       -0.9375       -0.1732        0.9362       -0.2989       -0.1028       -0.5680       -0.0528        0.4475       -0.1962       -0.4929       -0.6895       -0.5627       -0.6349        0.3244       -0.9470       -0.9594       -0.0745        0.1037       -0.0106       -0.0086        0.1726       -0.5688       -0.2972       -0.0605       -0.0421       -0.0589       -0.5322       -0.5699       -0.5680
h_b                  -0.8167       -0.4391       -0.3214       -0.3903        0.5068        0.0261       -0.7040        0.1135        0.7432        1.0000       -0.0547       -0.6974       -0.4062       -0.7662       -0.1672        0.9309       -0.2645       -0.1513       -0.3936        0.0788        0.3730       -0.2242       -0.1709       -0.2260       -0.3690       -0.0946       -0.0980       -0.7789       -0.8712        0.0405       -0.1730        0.0289        0.0176       -0.2647       -0.3214       -0.3697        0.0419       -0.0685        0.0197       -0.4391       -0.3903       -0.3936
d                     0.4689        0.5597        0.7369        0.6396       -0.6734        0.8649        0.6718        0.4422       -0.6495       -0.0547        1.0000        0.6293       -0.7513        0.4995       -0.0910       -0.3832       -0.0934       -0.2808        0.6298        0.2343       -0.4192       -0.2548        0.3670        0.7131        0.6956        0.7701       -0.7403        0.5304        0.4622        0.3928       -0.3132        0.0889        0.0501       -0.3866        0.7369        0.0619        0.2542       -0.0367        0.2466        0.5597        0.6396        0.6298
c_s                   0.9706        0.5676        0.6043        0.5874       -0.6077        0.5301        0.9575        0.0639       -0.9540       -0.6974        0.6293        1.0000       -0.1770        0.9823        0.2131       -0.8870        0.2993        0.0802        0.5864        0.0429       -0.4621        0.2103        0.5547        0.6974        0.5693        0.6326       -0.2277        0.9879        0.9525        0.0560       -0.0688        0.0094        0.0064       -0.0944        0.6043        0.0229        0.0139       -0.0327        0.0036        0.5676        0.5874        0.5864
x                    -0.0240        0.0441       -0.2204       -0.0983        0.4254       -0.6658       -0.3100       -0.2139        0.2028       -0.4062       -0.7513       -0.1770        1.0000       -0.0814        0.0244       -0.1027       -0.0293        0.0214       -0.0932       -0.1482       -0.0528        0.0322       -0.2165       -0.5001       -0.1544       -0.6384        0.7456       -0.0798        0.0125       -0.1870        0.5198       -0.0876       -0.0536        0.6141       -0.2204       -0.0778       -0.5685       -0.0258       -0.5754        0.0441       -0.0983       -0.0932
y                     0.9910        0.4736        0.4887        0.4796       -0.5609        0.4280        0.9477       -0.0252       -0.9375       -0.7662        0.4995        0.9823       -0.0814        1.0000        0.2970       -0.9141        0.4079        0.1904        0.4788        0.0095       -0.3781        0.3458        0.5650        0.6629        0.4603        0.5856       -0.1334        0.9946        0.9699       -0.0728       -0.0372        0.0105        0.0048       -0.0487        0.4887        0.0505        0.0282       -0.0203        0.0214        0.4736        0.4796        0.4788
k_e                   0.2477       -0.2355       -0.2051       -0.2768        0.0983       -0.0362        0.2117       -0.2784       -0.1732       -0.1672       -0.0910        0.2131        0.0244        0.2970        1.0000       -0.1824        0.4394        0.0117       -0.2828       -0.0292        0.2997        0.7429        0.2987        0.1557       -0.2568        0.1639        0.1738        0.2368        0.1727       -0.3672       -0.0072        0.0069       -0.0005       -0.0093       -0.2051       -0.0392        0.0139       -0.0563        0.0152       -0.2355       -0.2768       -0.2828
h                    -0.9382       -0.5211       -0.4793       -0.5161        0.6427       -0.2771       -0.9040        0.0132        0.9362        0.9309       -0.3832       -0.8870       -0.1027       -0.9141       -0.1824        1.0000       -0.3020       -0.1356       -0.5168        0.0126        0.4402       -0.2248       -0.3588       -0.4950       -0.5009       -0.3962        0.1256       -0.9260       -0.9813       -0.0194       -0.0343        0.0094        0.0045       -0.0449       -0.4793       -0.3564       -0.0110       -0.0590       -0.0218       -0.5211       -0.5161       -0.5168
l_e                   0.3486       -0.3973       -0.3288       -0.3876        0.0527       -0.1000        0.3430       -0.4984       -0.2989       -0.2645       -0.0934        0.2993       -0.0293        0.4079        0.4394       -0.3020        1.0000        0.7572       -0.4253        0.3807        0.4390        0.8299        0.5288        0.3793       -0.4081        0.3564        0.1965        0.3331        0.3353       -0.6508       -0.1365        0.1245       -0.0092       -0.1148       -0.3288        0.1583        0.0611        0.1481        0.0762       -0.3973       -0.3876       -0.4253
q_k                   0.1529       -0.6016       -0.5473       -0.5480        0.1837       -0.2268        0.1449       -0.5087       -0.1028       -0.1513       -0.2808        0.0802        0.0214        0.1904        0.0117       -0.1356        0.7572        1.0000       -0.5964       -0.1006        0.5481        0.6780        0.3069        0.1210       -0.6047        0.1281        0.2463        0.1276        0.1691       -0.6106       -0.1448        0.1602       -0.0115       -0.1730       -0.5473        0.2082        0.0759        0.1466        0.0817       -0.6016       -0.5480       -0.5964
i_e                   0.5223        0.9257        0.8716        0.9291       -0.6330        0.5371        0.5194        0.5238       -0.5680       -0.3936        0.6298        0.5864       -0.0932        0.4788       -0.2828       -0.5168       -0.4253       -0.5964        1.0000        0.1694       -0.9336       -0.6072        0.1002        0.4058        0.9292        0.3128       -0.3742        0.5491        0.5371        0.5097        0.0380       -0.1850        0.0140        0.0344        0.8716       -0.0524       -0.0248       -0.0053       -0.0370        0.9257        0.9291        1.0000
nu_e                 -0.0126        0.2066        0.2195        0.1704       -0.1308        0.0800        0.0465        0.0000       -0.0528        0.0788        0.2343        0.0429       -0.1482        0.0095       -0.0292        0.0126        0.3807       -0.1006        0.1694        1.0000       -0.1054       -0.0888        0.1897        0.2763        0.2191        0.2465       -0.1286        0.0075        0.0000        0.0000        0.0000        0.0000        0.0000        0.0000        0.2195        0.0075        0.0147        0.1032        0.0382        0.2066        0.1704        0.1694
lambda_e             -0.4313       -0.8309       -0.6433       -0.8213        0.5216       -0.3580       -0.3863       -0.4130        0.4475        0.3730       -0.4192       -0.4621       -0.0528       -0.3781        0.2997        0.4402        0.4390        0.5481       -0.9336       -0.1054        1.0000        0.5872       -0.0118       -0.2577       -0.8025       -0.1385        0.2145       -0.4455       -0.4468       -0.4452       -0.2153        0.3072       -0.0068        0.0723       -0.6433        0.0605        0.0448       -0.0526        0.0654       -0.8309       -0.8213       -0.9336
v                     0.2845       -0.5758       -0.5172       -0.5703        0.1952       -0.1784        0.2526       -0.5452       -0.1962       -0.2242       -0.2548        0.2103        0.0322        0.3458        0.7429       -0.2248        0.8299        0.6780       -0.6072       -0.0888        0.5872        1.0000        0.4250        0.1955       -0.5936        0.2062        0.2926        0.2595        0.2401       -0.6787       -0.1022        0.1123       -0.0081       -0.1227       -0.5172        0.1106        0.0610        0.0568        0.0659       -0.5758       -0.5703       -0.6072
k_B                   0.4658        0.1228        0.1813        0.1042       -0.0955        0.6065        0.4994        0.2859       -0.4929       -0.1709        0.3670        0.5547       -0.2165        0.5650        0.2987       -0.3588        0.5288        0.3069        0.1002        0.1897       -0.0118        0.4250        1.0000        0.8386        0.0719        0.8077        0.1476        0.5013        0.4541       -0.5800       -0.0428        0.0043       -0.0029       -0.1895        0.1813       -0.0961       -0.1423       -0.1077       -0.1331        0.1228        0.1042        0.1002
pi_B                  0.5960        0.3579        0.4868        0.4110       -0.5002        0.8581        0.7141        0.4733       -0.6895       -0.2260        0.7131        0.6974       -0.5001        0.6629        0.1557       -0.4950        0.3793        0.1210        0.4058        0.2763       -0.2577        0.1955        0.8386        1.0000        0.4200        0.9766       -0.3783        0.6369        0.5865       -0.3302       -0.2571        0.0337        0.0066       -0.3142        0.4868        0.0573        0.1763        0.0367        0.1493        0.3579        0.4110        0.4058
i_l                   0.5034        0.9680        0.8948        0.9336       -0.6978        0.5819        0.5239        0.5758       -0.5627       -0.3690        0.6956        0.5693       -0.1544        0.4603       -0.2568       -0.5009       -0.4081       -0.6047        0.9292        0.2191       -0.8025       -0.5936        0.0719        0.4200        1.0000        0.3626       -0.5002        0.5308        0.5174        0.5284        0.1079        0.0517        0.0346        0.0143        0.8948       -0.0290        0.0703       -0.0123        0.0510        0.9680        0.9336        0.9292
l                     0.5082        0.2692        0.4418        0.3223       -0.4698        0.8940        0.6733        0.4582       -0.6349       -0.0946        0.7701        0.6326       -0.6384        0.5856        0.1639       -0.3962        0.3564        0.1281        0.3128        0.2465       -0.1385        0.2062        0.8077        0.9766        0.3626        1.0000       -0.4639        0.5569        0.4942       -0.2825       -0.3088        0.0869        0.0485       -0.3946        0.4418        0.0678        0.2326        0.0055        0.2080        0.2692        0.3223        0.3128
k_BL                 -0.1527       -0.2670       -0.4687       -0.3840        0.6445       -0.5883       -0.3791       -0.3390        0.3244       -0.0980       -0.7403       -0.2277        0.7456       -0.1334        0.1738        0.1256        0.1965        0.2463       -0.3742       -0.1286        0.2145        0.2926        0.1476       -0.3783       -0.5002       -0.4639        1.0000       -0.1810       -0.1467       -0.3975        0.4537       -0.1393       -0.0857        0.3773       -0.4687       -0.2580       -0.6039       -0.1710       -0.5488       -0.2670       -0.3840       -0.3742
c                     0.9962        0.5383        0.5486        0.5472       -0.6035        0.4333        0.9522        0.0008       -0.9470       -0.7789        0.5304        0.9879       -0.0798        0.9946        0.2368       -0.9260        0.3331        0.1276        0.5491        0.0075       -0.4455        0.2595        0.5013        0.6369        0.5308        0.5569       -0.1810        1.0000        0.9780        0.0136       -0.0329        0.0033        0.0060       -0.0331        0.5486        0.0521        0.0331       -0.0195        0.0241        0.5383        0.5472        0.5491
xi_z                  0.9819        0.5333        0.5163        0.5367       -0.6328        0.3655        0.9445        0.0000       -0.9594       -0.8712        0.4622        0.9525        0.0125        0.9699        0.1727       -0.9813        0.3353        0.1691        0.5371        0.0000       -0.4468        0.2401        0.4541        0.5865        0.5174        0.4942       -0.1467        0.9780        1.0000        0.0000        0.0000        0.0000        0.0000        0.0000        0.5163        0.2196        0.0191        0.0259        0.0214        0.5333        0.5367        0.5371
xi_d                 -0.0105        0.4729        0.4818        0.5103       -0.3202        0.0113        0.0481        0.0000       -0.0745        0.0405        0.3928        0.0560       -0.1870       -0.0728       -0.3672       -0.0194       -0.6508       -0.6106        0.5097        0.0000       -0.4452       -0.6787       -0.5800       -0.3302        0.5284       -0.2825       -0.3975        0.0136        0.0000        1.0000        0.0000        0.0000        0.0000        0.0000        0.4818       -0.0280        0.0010       -0.0853        0.0309        0.4729        0.5103        0.5097
xi_i                 -0.0122        0.2515       -0.2054        0.0389        0.1419       -0.2634       -0.1706        0.0000        0.1037       -0.1730       -0.3132       -0.0688        0.5198       -0.0372       -0.0072       -0.0343       -0.1365       -0.1448        0.0380        0.0000       -0.2153       -0.1022       -0.0428       -0.2571        0.1079       -0.3088        0.4537       -0.0329        0.0000        0.0000        1.0000        0.0000        0.0000        0.0000       -0.2054       -0.1740       -0.2845       -0.2173       -0.2995        0.2515        0.0389        0.0380
varepsilon_e         -0.0002        0.0172        0.0241        0.0164       -0.0824        0.0328        0.0282        0.0000       -0.0106        0.0289        0.0889        0.0094       -0.0876        0.0105        0.0069        0.0094        0.1245        0.1602       -0.1850        0.0000        0.3072        0.1123        0.0043        0.0337        0.0517        0.0869       -0.1393        0.0033        0.0000        0.0000        0.0000        1.0000        0.0000        0.0000        0.0241        0.0567        0.0409        0.2289        0.0982        0.0172        0.0164       -0.1850
varepsilon_h          0.0056        0.0136        0.0199       -0.1872        0.1105        0.0561        0.0173        0.0000       -0.0086        0.0176        0.0501        0.0064       -0.0536        0.0048       -0.0005        0.0045       -0.0092       -0.0115        0.0140        0.0000       -0.0068       -0.0081       -0.0029        0.0066        0.0346        0.0485       -0.0857        0.0060        0.0000        0.0000        0.0000        0.0000        1.0000        0.0000        0.0199        0.0242        0.0650       -0.0158        0.0515        0.0136       -0.1872        0.0140
xi_p                  0.0019        0.1252        0.2002        0.0348        0.2519       -0.3652       -0.2008        0.0000        0.1726       -0.2647       -0.3866       -0.0944        0.6141       -0.0487       -0.0093       -0.0449       -0.1148       -0.1730        0.0344        0.0000        0.0723       -0.1227       -0.1895       -0.3142        0.0143       -0.3946        0.3773       -0.0331        0.0000        0.0000        0.0000        0.0000        0.0000        1.0000        0.2002       -0.2089       -0.3617       -0.1676       -0.3390        0.1252        0.0348        0.0344
pi_obs                0.5113        0.8601        1.0000        0.8734       -0.5961        0.6282        0.5441        0.5539       -0.5688       -0.3214        0.7369        0.6043       -0.2204        0.4887       -0.2051       -0.4793       -0.3288       -0.5473        0.8716        0.2195       -0.6433       -0.5172        0.1813        0.4868        0.8948        0.4418       -0.4687        0.5486        0.5163        0.4818       -0.2054        0.0241        0.0199        0.2002        1.0000       -0.0851       -0.0402       -0.0818       -0.0430        0.8601        0.8734        0.8716
y_obs                 0.0681       -0.1070       -0.0851       -0.0516       -0.4223       -0.0038        0.2582       -0.0107       -0.2972       -0.3697        0.0619        0.0229       -0.0778        0.0505       -0.0392       -0.3564        0.1583        0.2082       -0.0524        0.0075        0.0605        0.1106       -0.0961        0.0573       -0.0290        0.0678       -0.2580        0.0521        0.2196       -0.0280       -0.1740        0.0567        0.0242       -0.2089       -0.0851        1.0000        0.2704        0.3336        0.3373       -0.1070       -0.0516       -0.0524
l_h_obs               0.0436       -0.0967       -0.0402       -0.0266       -0.5678        0.2183        0.2109        0.0710       -0.0605        0.0419        0.2542        0.0139       -0.5685        0.0282        0.0139       -0.0110        0.0611        0.0759       -0.0248        0.0147        0.0448        0.0610       -0.1423        0.1763        0.0703        0.2326       -0.6039        0.0331        0.0191        0.0010       -0.2845        0.0409        0.0650       -0.3617       -0.0402        0.2704        1.0000        0.0571        0.9387       -0.0967       -0.0266       -0.0248
l_e_obs              -0.0119       -0.0632       -0.0818        0.0045       -0.1360       -0.0652        0.0364       -0.0718       -0.0421       -0.0685       -0.0367       -0.0327       -0.0258       -0.0203       -0.0563       -0.0590        0.1481        0.1466       -0.0053        0.1032       -0.0526        0.0568       -0.1077        0.0367       -0.0123        0.0055       -0.1710       -0.0195        0.0259       -0.0853       -0.2173        0.2289       -0.0158       -0.1676       -0.0818        0.3336        0.0571        1.0000        0.1829       -0.0632        0.0045       -0.0053
d_obs                 0.0355       -0.1022       -0.0430       -0.0359       -0.6043        0.1849        0.2171        0.0383       -0.0589        0.0197        0.2466        0.0036       -0.5754        0.0214        0.0152       -0.0218        0.0762        0.0817       -0.0370        0.0382        0.0654        0.0659       -0.1331        0.1493        0.0510        0.2080       -0.5488        0.0241        0.0214        0.0309       -0.2995        0.0982        0.0515       -0.3390       -0.0430        0.3373        0.9387        0.1829        1.0000       -0.1022       -0.0359       -0.0370
i_d_obs               0.5160        1.0000        0.8601        0.9278       -0.5899        0.4772        0.4733        0.5426       -0.5322       -0.4391        0.5597        0.5676        0.0441        0.4736       -0.2355       -0.5211       -0.3973       -0.6016        0.9257        0.2066       -0.8309       -0.5758        0.1228        0.3579        0.9680        0.2692       -0.2670        0.5383        0.5333        0.4729        0.2515        0.0172        0.0136        0.1252        0.8601       -0.1070       -0.0967       -0.0632       -0.1022        1.0000        0.9278        0.9257
i_h_obs               0.5187        0.9278        0.8734        1.0000       -0.6868        0.5291        0.5211        0.5250       -0.5699       -0.3903        0.6396        0.5874       -0.0983        0.4796       -0.2768       -0.5161       -0.3876       -0.5480        0.9291        0.1704       -0.8213       -0.5703        0.1042        0.4110        0.9336        0.3223       -0.3840        0.5472        0.5367        0.5103        0.0389        0.0164       -0.1872        0.0348        0.8734       -0.0516       -0.0266        0.0045       -0.0359        0.9278        1.0000        0.9291
i_e_obs               0.5223        0.9257        0.8716        0.9291       -0.6330        0.5371        0.5194        0.5238       -0.5680       -0.3936        0.6298        0.5864       -0.0932        0.4788       -0.2828       -0.5168       -0.4253       -0.5964        1.0000        0.1694       -0.9336       -0.6072        0.1002        0.4058        0.9292        0.3128       -0.3742        0.5491        0.5371        0.5097        0.0380       -0.1850        0.0140        0.0344        0.8716       -0.0524       -0.0248       -0.0053       -0.0370        0.9257        0.9291        1.0000



COEFFICIENTS OF AUTOCORRELATION
Order                1       2       3       4       5
c_b             0.9946  0.9826  0.9666  0.9485  0.9293
i_d             0.9698  0.9217  0.8736  0.8306  0.7932
pi              0.9653  0.9094  0.8525  0.8016  0.7582
i_h             0.9870  0.9616  0.9308  0.8980  0.8652
lambda          0.6256  0.5373  0.5025  0.4826  0.4691
l_h             0.9047  0.7979  0.7089  0.6389  0.5843
w               0.9420  0.9024  0.8693  0.8407  0.8157
nu_h            0.9573  0.9165  0.8774  0.8399  0.8041
h_s             0.9559  0.9116  0.8736  0.8416  0.8144
h_b             0.9024  0.8059  0.7314  0.6758  0.6344
d               0.8783  0.7509  0.6500  0.5743  0.5180
c_s             0.9938  0.9799  0.9614  0.9408  0.9192
x               0.5856  0.3907  0.2620  0.1728  0.1129
y               0.9949  0.9838  0.9687  0.9512  0.9325
k_e             0.9997  0.9989  0.9976  0.9959  0.9937
h               0.9420  0.8968  0.8600  0.8291  0.8027
l_e             0.9561  0.9122  0.8694  0.8285  0.7897
q_k             0.9587  0.9111  0.8612  0.8117  0.7638
i_e             0.9866  0.9611  0.9304  0.8980  0.8655
nu_e            0.9197  0.8458  0.7779  0.7154  0.6579
lambda_e        0.9533  0.8879  0.8231  0.7658  0.7174
v               0.9809  0.9585  0.9350  0.9112  0.8880
k_B             0.9784  0.9339  0.8806  0.8268  0.7767
pi_B            0.9355  0.8617  0.7971  0.7436  0.7000
i_l             0.9722  0.9322  0.8912  0.8524  0.8163
l               0.9039  0.7964  0.7056  0.6335  0.5774
k_BL            0.6653  0.3973  0.2451  0.1702  0.1387
c               0.9948  0.9833  0.9678  0.9501  0.9312
xi_z            0.9771  0.9548  0.9330  0.9117  0.8908
xi_d            0.9612  0.9238  0.8880  0.8535  0.8203
xi_i            0.5284  0.2792  0.1475  0.0780  0.0412
varepsilon_e    0.4555  0.2075  0.0945  0.0430  0.0196
varepsilon_h    0.4933  0.2433  0.1200  0.0592  0.0292
xi_p            0.5675  0.3221  0.1828  0.1038  0.0589
pi_obs          0.9653  0.9094  0.8525  0.8016  0.7582
y_obs           0.5934  0.3884  0.2324  0.1256  0.0566
l_h_obs         0.0599 -0.0934 -0.0990 -0.0815 -0.0622
l_e_obs         0.0008 -0.0131 -0.0211 -0.0247 -0.0254
d_obs           0.0235 -0.1087 -0.1034 -0.0803 -0.0586
i_d_obs         0.9698  0.9217  0.8736  0.8306  0.7932
i_h_obs         0.9870  0.9616  0.9308  0.8980  0.8652
i_e_obs         0.9866  0.9611  0.9304  0.8980  0.8655
Total computing time : 0h00m01s
