Starting Dynare (version 4.5.7).
Starting preprocessing of the model file ...
Found 48 equation(s).
Evaluating expressions...done
Computing static model derivatives:
 - order 1
Computing dynamic model derivatives:
 - order 1
 - order 2
Processing outputs ...
done
Preprocessing completed.

STEADY-STATE RESULTS:

c_b          		 -2.41891e-17
i_d          		 4.11521e-17
pi           		 1.99493e-17
i_h          		 1.97405e-17
psi_b        		 -1.25218e-16
q_psi        		 6.3316e-16
div          		 2.90476e-17
lambda       		 -2.8836e-16
l_h          		 2.74262e-16
w            		 4.05076e-17
nu_h         		 -7.60158e-17
h_s          		 -3.72007e-17
h_b          		 9.5096e-17
d            		 7.10764e-17
c_s          		 2.02971e-17
psi_s        		 -2.87727e-17
x            		 -7.60439e-17
y            		 -1.05575e-17
k_e          		 -8.2707e-17
h            		 2.49787e-17
l_e          		 -1.02987e-16
q_k          		 -2.96204e-17
i_e          		 5.55112e-17
nu_e         		 0
lambda_e     		 -2.63408e-15
v            		 -9.75171e-17
k_B          		 3.19757e-17
pi_B         		 6.93249e-17
i_l          		 5.80766e-17
l            		 6.67754e-17
k_BL         		 -3.47997e-17
c            		 -4.42614e-19
xi_z         		 0
xi_d         		 0
xi_i         		 -2.11075e-18
varepsilon_e 		 0
varepsilon_h 		 0
xi_psi       		 -8.07009e-18
xi_p         		 -3.92731e-19
pi_obs       		 0.005887
q_psi_obs    		 0.01537
y_obs        		 0.0039
l_h_obs      		 0.007885
l_e_obs      		 0.006
d_obs        		 0.0046
i_d_obs      		 0.04558
i_h_obs      		 0.078998
i_e_obs      		 0.08487

EIGENVALUES:
         Modulus             Real        Imaginary

        4.23e-17        -4.23e-17                0
       4.297e-16        4.297e-16                0
        1.15e-15         1.15e-15                0
        1.65e-15         1.65e-15                0
       2.404e-15       -2.404e-15                0
        0.009884        -0.009884                0
          0.4219           0.4219                0
          0.5025           0.4948          0.08769
          0.5025           0.4948         -0.08769
          0.5385           0.5385                0
          0.6054           0.6054                0
          0.6259           0.6259                0
          0.6345           0.6345                0
          0.6451           0.6451                0
          0.6762           0.6735          0.06062
          0.6762           0.6735         -0.06062
          0.6868           0.6868                0
            0.72             0.72                0
          0.9233           0.9233                0
          0.9501           0.9501                0
          0.9531           0.9531                0
          0.9639           0.9639                0
          0.9873           0.9873                0
          0.9877           0.9877                0
            1.01           0.9974           0.1608
            1.01           0.9974          -0.1608
           1.025            1.025                0
           1.113            1.113                0
           1.498            1.498                0
           1.622            1.622                0
           2.157            2.157                0
            68.5             68.5                0
       2.097e+04       -2.097e+04                0
       5.638e+16       -5.638e+16                0
       7.039e+16       -7.039e+16                0
       1.957e+20       -1.957e+20                0


There are 12 eigenvalue(s) larger than 1 in modulus 
for 12 forward-looking variable(s)

The rank condition is verified.


MODEL SUMMARY

  Number of variables:         48
  Number of stochastic shocks: 9
  Number of state variables:   24
  Number of jumpers:           12
  Number of static variables:  19


MATRIX OF COVARIANCE OF EXOGENOUS SHOCKS
Variables          epsilon_p     epsilon_z     epsilon_i     epsilon_d     epsilon_h     epsilon_e  epsilon_nu_h  epsilon_nu_e   epsilon_psi
epsilon_p           0.000002      0.000000      0.000000      0.000000      0.000000      0.000000      0.000000      0.000000      0.000000
epsilon_z           0.000000      0.002722      0.000000      0.000000      0.000000      0.000000      0.000000      0.000000      0.000000
epsilon_i           0.000000      0.000000      0.000053      0.000000      0.000000      0.000000      0.000000      0.000000      0.000000
epsilon_d           0.000000      0.000000      0.000000      0.000270      0.000000      0.000000      0.000000      0.000000      0.000000
epsilon_h           0.000000      0.000000      0.000000      0.000000      0.000143      0.000000      0.000000      0.000000      0.000000
epsilon_e           0.000000      0.000000      0.000000      0.000000      0.000000      0.000044      0.000000      0.000000      0.000000
epsilon_nu_h        0.000000      0.000000      0.000000      0.000000      0.000000      0.000000      0.000366      0.000000      0.000000
epsilon_nu_e        0.000000      0.000000      0.000000      0.000000      0.000000      0.000000      0.000000      0.000462      0.000000
epsilon_psi         0.000000      0.000000      0.000000      0.000000      0.000000      0.000000      0.000000      0.000000      0.000044

POLICY AND TRANSITION FUNCTIONS
                                 c_b             i_d              pi             i_h           psi_b           q_psi             div          lambda             l_h               w            nu_h             h_s             h_b               d             c_s           psi_s               x               y             k_e               h             l_e             q_k             i_e            nu_e        lambda_e               v             k_B            pi_B             i_l               l            k_BL               c            xi_z            xi_d            xi_i    varepsilon_e    varepsilon_h          xi_psi            xi_p          pi_obs       q_psi_obs           y_obs         l_h_obs         l_e_obs           d_obs         i_d_obs         i_h_obs         i_e_obs
Constant                           0               0               0               0               0               0               0               0               0               0               0               0               0               0               0               0               0               0               0               0               0               0               0               0               0               0               0               0               0               0               0               0               0               0               0               0               0               0               0        0.005887        0.015370        0.003900        0.007885        0.006000        0.004600        0.045580        0.078998        0.084870
i_d(-1)                    -0.114704        0.486012       -0.036826        0.056512        0.276082       -0.929689       -0.081257      101.610215       -0.325622       -1.349236               0       -0.199719        0.001500       -0.311023       -0.070687       -0.244827        1.383934       -0.070448       -0.002981       -0.105146       -0.273990       -0.238504        0.076464               0       -8.626323       -0.119252       -0.185579       -0.357322        0.436041       -0.297224        0.111645       -0.091375               0               0               0               0               0               0               0       -0.036826       -0.929689       -0.070448       -0.325622       -0.273990       -0.311023        0.486012        0.056512        0.076464
l_h(-1)                            0               0               0               0               0               0               0               0               0               0               0               0               0               0               0               0               0               0               0               0               0               0               0               0               0               0               0               0               0               0               0               0               0               0               0               0               0               0               0               0               0               0       -1.000000               0               0               0               0               0
nu_h(-1)                    0.027633        0.025693        0.025413        0.038130        0.016857        0.122149        0.051692      -30.071830        1.002906        0.376720        0.950121       -0.020397        0.040715        0.391178        0.024420       -0.014949       -0.379467        0.005578       -0.002184        0.008325       -0.185854       -0.174714        0.047364               0       -1.044551       -0.087357        0.008542        0.320387        0.178117        0.349088       -0.340546        0.025930               0               0               0               0               0               0               0        0.025413        0.122149        0.005578        1.002906       -0.185854        0.391178        0.025693        0.038130        0.047364
d(-1)                      -0.044248       -0.008270       -0.006629       -0.004682       -0.344110       -0.100262       -0.013316       34.919633       -0.168681       -0.260172               0       -0.260251        0.250721       -0.082746        0.000005        0.305155        0.266803       -0.013463       -0.000073       -0.020094        0.000520       -0.005815       -0.006257               0        0.015851       -0.002908       -0.017968       -0.068885       -0.034074       -0.075621        0.057653       -0.020794               0               0               0               0               0               0               0       -0.006629       -0.100262       -0.013463       -0.168681        0.000520       -1.082746       -0.008270       -0.004682       -0.006257
psi_s(-1)                  -0.071836       -0.013426       -0.010762       -0.007601       -0.558663       -0.162776       -0.021618       56.691984       -0.273854       -0.422388               0       -0.422517        0.407046       -0.134338        0.000008        0.495418        0.433154       -0.021857       -0.000118       -0.032623        0.000844       -0.009441       -0.010159               0        0.025735       -0.004721       -0.029171       -0.111836       -0.055320       -0.122770        0.093599       -0.033759               0               0               0               0               0               0               0       -0.010762       -0.162776       -0.021857       -0.273854        0.000844       -0.134338       -0.013426       -0.007601       -0.010159
k_e(-1)                     0.069152        0.005971       -0.005723        0.001021        0.064728       -0.053364       -0.003403        0.076869       -0.008378        0.273306               0       -0.325626       -0.398857       -0.012002        0.036830       -0.057401        0.175509        0.088770        0.987282       -0.360045       -0.014142       -1.017464        0.001270               0       -0.571566        0.491268       -0.007873       -0.012105        0.004326       -0.011548        0.003675        0.052021               0               0               0               0               0               0               0       -0.005723       -0.053364        0.088770       -0.008378       -0.014142       -0.012002        0.005971        0.001021        0.001270
l_e(-1)                            0               0               0               0               0               0               0               0               0               0               0               0               0               0               0               0               0               0               0               0               0               0               0               0               0               0               0               0               0               0               0               0               0               0               0               0               0               0               0               0               0               0               0       -1.000000               0               0               0               0
nu_e(-1)                    0.038368        0.043059        0.041569        0.054295        0.021334        0.209121        0.095937      -43.782842        0.159855        0.566938               0       -0.034257        0.092687        0.576188        0.036969       -0.018919       -0.575322        0.017023       -0.001084        0.025407        0.804811       -0.086730        0.067883        0.953083       -0.909970       -0.043365        0.016117        0.598106        0.266164        0.514581       -0.498464        0.037627               0               0               0               0               0               0               0        0.041569        0.209121        0.017023        0.159855        0.804811        0.576188        0.043059        0.054295        0.067883
k_B(-1)                    -0.011108        0.014472        0.005202       -0.030211       -0.012769        0.081418        0.020302        5.032499        0.167489        0.109553               0       -0.001223        0.229026        0.097366        0.006812        0.011323       -0.144860        0.071686        0.001598        0.106994        0.143466        0.127834       -0.039841               0        3.525613        0.063917        0.614730        0.119196       -0.191621        0.154276        0.460454       -0.001610               0               0               0               0               0               0               0        0.005202        0.081418        0.071686        0.167489        0.143466        0.097366        0.014472       -0.030211       -0.039841
pi_B(-1)                   -0.000696        0.003826        0.003099       -0.020400        0.034802        0.070275        0.014201       -1.681504        0.109722        0.047491               0       -0.027852        0.050413        0.063897        0.004633       -0.030862       -0.050438        0.005985        0.001083        0.008933        0.096381        0.086651       -0.026989               0        2.397399        0.043326        0.413785        0.080736       -0.135553        0.102385        0.311401        0.002128               0               0               0               0               0               0               0        0.003099        0.070275        0.005985        0.109722        0.096381        0.063897        0.003826       -0.020400       -0.026989
xi_z(-1)                    0.261186        0.011302       -0.006110        0.013171        0.206783        0.626701        0.055685      -29.585213        0.283596        1.022400               0       -0.935407       -1.585359        0.250030        0.120391       -0.183374        0.350990        0.132505        0.002319       -1.240884        0.202344        0.185508        0.016070               0       -1.537568        0.092754        0.148914        0.246938        0.051582        0.238907       -0.089993        0.186565        0.963898               0               0               0               0               0               0       -0.006110        0.626701        0.132505        0.283596        0.202344        0.250030        0.011302        0.013171        0.016070
xi_d(-1)                    0.043062        0.021642        0.023708        0.000870        0.024959       -0.460770       -0.133180      -26.450058       -0.235655        0.477215               0       -0.033079       -0.002761        0.489024        0.031379       -0.022133       -0.471002       -0.012616       -0.007927       -0.018829       -0.638289       -0.634184       -0.004699               0        2.651139       -0.317092       -0.124280       -0.796482       -0.127325       -0.457104        0.332823        0.036870               0        0.987263               0               0               0               0               0        0.023708       -0.460770       -0.012616       -0.235655       -0.638289        0.489024        0.021642        0.000870       -0.004699
xi_i(-1)                   -0.150627        0.466681       -0.120430        0.053035        0.764071       -2.260566       -0.246515      122.151907       -1.590203       -2.853413               0        0.540340       -1.105718       -1.288587       -0.208692       -0.677573        2.930405       -0.156316       -0.010338       -0.233307       -0.869586       -0.827034        0.066166               0      -16.046480       -0.413517       -0.427462       -1.195086        0.123650       -1.193864        0.766401       -0.181402               0               0        0.605399               0               0               0               0       -0.120430       -2.260566       -0.156316       -1.590203       -0.869586       -1.288587        0.466681        0.053035        0.066166
varepsilon_e(-1)            0.037931        0.035348        0.025090        0.057404       -0.010052        0.333914        0.088146      -60.772610        0.246113        0.758762               0        0.009570        0.249430        0.815359        0.046070        0.008914       -0.799122        0.081944        0.012641        0.122304        1.129539        1.011280       -0.320640               0       26.797649        0.505640        0.057521        0.521416        0.337234        0.731997       -0.674476        0.042245               0               0               0        0.625910               0               0               0        0.025090        0.333914        0.081944        0.246113        1.129539        0.815359        0.035348        0.057404       -0.320640
varepsilon_h(-1)            0.005800        0.005818        0.005688       -0.172103        0.127883        0.364837        0.021745       16.581173        0.490660        0.120749               0       -0.085803        0.102347        0.200342        0.012702       -0.113405       -0.121616        0.001760       -0.000912        0.002627       -0.061345       -0.072943        0.019090               0       -0.936062       -0.036471        0.079573        0.072605        0.053926        0.187057       -0.107484        0.009458               0               0               0               0        0.538457               0               0        0.005688        0.364837        0.001760        0.490660       -0.061345        0.200342        0.005818       -0.172103        0.019090
xi_psi(-1)                  0.210088       -0.013246       -0.020582        0.051789        7.897624       -9.394339       -0.390441     -174.927329       -1.121148        0.754438               0        1.651226       -1.692476       -0.644587       -0.055146        2.245557       -0.780734        0.053390        0.001498        0.079686       -0.554934        0.119855        0.077391               0       -9.481056        0.059927       -2.145890       -0.739728        0.584800       -0.809730       -1.336160        0.069514               0               0               0               0               0        0.923263               0       -0.020582       -9.394339        0.053390       -1.121148       -0.554934       -0.644587       -0.013246        0.051789        0.077391
xi_p(-1)                   -0.432501        1.356636        1.528016        0.375713        1.723218      -12.826519       -1.605334      709.781971      -13.229674      -17.049425               0        6.819638      -11.201778       -9.444687       -1.467780       -1.528137       17.594066       -1.105787       -0.082194       -1.650428       -5.284525       -6.575530        0.406215               0       98.691404       -3.287765       -4.127920       -8.158300       -0.761308       -8.859842        4.731922       -0.981199               0               0               0               0               0               0        0.645112        1.528016      -12.826519       -1.105787      -13.229674       -5.284525       -9.444687        1.356636        0.375713        0.406215
c_b(-1)                     0.711027        0.034374        0.005781        0.008474       -0.074161       -0.120921        0.003557        8.802685        0.108428        0.070926               0        0.076323        0.611700        0.064667       -0.000332        0.065765       -0.179150        0.219727        0.000452        0.327951        0.009475        0.036141        0.011610               0       -0.420614        0.018071       -0.032276        0.047693        0.072991        0.054004       -0.086280        0.334007               0               0               0               0               0               0               0        0.005781       -0.120921        0.219727        0.108428        0.009475        0.064667        0.034374        0.008474        0.011610
pi(-1)                     -0.051786        0.472684        0.498900        0.112525        0.706123       -1.407632       -0.143657       74.043137       -0.961888       -1.757940               0        0.584674       -1.082641       -0.724260       -0.144054       -0.626185        1.823598       -0.133306       -0.007815       -0.198964       -0.526587       -0.625195        0.143469               0        6.714104       -0.312598       -0.708009       -0.678536        0.466211       -0.722472        0.014464       -0.100688               0               0               0               0               0               0               0        0.498900       -1.407632       -0.133306       -0.961888       -0.526587       -0.724260        0.472684        0.112525        0.143469
i_h(-1)                    -0.010093       -0.008225       -0.007791        0.663701       -0.480057       -0.668839       -0.038406      -76.642273       -1.343387       -0.171179               0        0.208492       -0.248986       -0.595004       -0.023347        0.425711        0.173331       -0.004370        0.001420       -0.006523        0.106728        0.113622       -0.044078               0        2.675333        0.056811       -0.147908       -0.123385       -0.186326       -0.545824        0.397915       -0.017118               0               0               0               0               0               0               0       -0.007791       -0.668839       -0.004370       -1.343387        0.106728       -0.595004       -0.008225        0.663701       -0.044078
q_psi(-1)                   0.000400       -0.002201       -0.001783        0.011736       -0.020021       -0.040427       -0.008170        0.967329       -0.063120       -0.027320               0        0.016023       -0.029002       -0.036758       -0.002665        0.017754        0.029016       -0.003443       -0.000623       -0.005139       -0.055446       -0.049848        0.015526               0       -1.379166       -0.024924       -0.238041       -0.046445        0.077980       -0.058899       -0.179141       -0.001224               0               0               0               0               0               0               0       -0.001783       -1.040427       -0.003443       -0.063120       -0.055446       -0.036758       -0.002201        0.011736        0.015526
c_s(-1)                     0.003741        0.054598        0.020623        0.018156        0.067012       -0.092217        0.007694       -3.539823        0.141223        0.305733               0        0.509040        0.260995        0.083777        0.752069       -0.059425       -0.435244        0.262947        0.000649        0.392459        0.012601        0.051935        0.023355               0        0.154505        0.025967       -0.037098        0.069580        0.102749        0.070481       -0.107579        0.400355               0               0               0               0               0               0               0        0.020623       -0.092217        0.262947        0.141223        0.012601        0.083777        0.054598        0.018156        0.023355
y(-1)                       0.017315       -0.121474        0.007421       -0.015039       -0.152417        0.203838        0.016697      -16.389719        0.038569        0.267646               0       -0.014876        0.061248        0.056101        0.017373        0.135162       -0.274544        0.014004        0.000715        0.020902        0.067463        0.057185       -0.020329               0        2.123880        0.028593        0.041192        0.070885       -0.115535        0.054461       -0.013269        0.017346               0               0               0               0               0               0               0        0.007421        0.203838       -0.985996        0.038569        0.067463        0.056101       -0.121474       -0.015039       -0.020329
i_e(-1)                    -0.026441       -0.015188       -0.008545       -0.034642       -0.019468       -0.183276       -0.024306       49.485222       -0.048924       -0.441443               0       -0.084547       -0.069857       -0.614080       -0.021947        0.017264        0.467065       -0.052020       -0.008322       -0.077642       -0.960783       -0.665723        0.596985               0      -46.544570       -0.332861       -0.035595       -0.125691       -0.245628       -0.550446        0.514851       -0.024059               0               0               0               0               0               0               0       -0.008545       -0.183276       -0.052020       -0.048924       -0.960783       -0.614080       -0.015188       -0.034642        0.596985
epsilon_p                  -0.670427        2.102947        2.368607        0.582400        2.671194      -19.882629       -2.488458     1100.246442      -20.507568      -26.428636               0       10.571249      -17.364088      -14.640387       -2.275234       -2.368794       27.272894       -1.714101       -0.127411       -2.558359       -8.191642      -10.192854        0.629682               0      152.983410       -5.096427       -6.398767      -12.646335       -1.180118      -13.733809        7.335042       -1.520975               0               0               0               0               0               0        1.000000        2.368607      -19.882629       -1.714101      -20.507568       -8.191642      -14.640387        2.102947        0.582400        0.629682
epsilon_z                   0.270969        0.011726       -0.006339        0.013664        0.214528        0.650174        0.057771      -30.693309        0.294218        1.060693               0       -0.970442       -1.644737        0.259395        0.124901       -0.190242        0.364136        0.137468        0.002406       -1.287361        0.209923        0.192456        0.016672               0       -1.595157        0.096228        0.154492        0.256187        0.053514        0.247855       -0.093364        0.193553        1.000000               0               0               0               0               0               0       -0.006339        0.650174        0.137468        0.294218        0.209923        0.259395        0.011726        0.013664        0.016672
epsilon_i                  -0.248807        0.770866       -0.198927        0.087603        1.262096       -3.734010       -0.407194      201.770919       -2.626702       -4.713278               0        0.892535       -1.826428       -2.128493       -0.344718       -1.119217        4.840452       -0.258203       -0.017076       -0.385378       -1.436385       -1.366097        0.109293               0      -26.505628       -0.683048       -0.706083       -1.974046        0.204246       -1.972028        1.265944       -0.299640               0               0        1.000000               0               0               0               0       -0.198927       -3.734010       -0.258203       -2.626702       -1.436385       -2.128493        0.770866        0.087603        0.109293
epsilon_d                   0.043618        0.021921        0.024014        0.000881        0.025281       -0.466714       -0.134898      -26.791289       -0.238695        0.483372               0       -0.033505       -0.002796        0.495333        0.031784       -0.022419       -0.477078       -0.012778       -0.008030       -0.019072       -0.646524       -0.642366       -0.004760               0        2.685342       -0.321183       -0.125884       -0.806757       -0.128968       -0.463001        0.337117        0.037346               0        1.000000               0               0               0               0               0        0.024014       -0.466714       -0.012778       -0.238695       -0.646524        0.495333        0.021921        0.000881       -0.004760
epsilon_h                   0.010771        0.010805        0.010564       -0.319623        0.237499        0.677561        0.040383       30.793884        0.911234        0.224251               0       -0.159350        0.190074        0.372067        0.023589       -0.210612       -0.225861        0.003269       -0.001693        0.004879       -0.113927       -0.135466        0.035453               0       -1.738417       -0.067733        0.147780        0.134839        0.100150        0.347395       -0.199615        0.017564               0               0               0               0        1.000000               0               0        0.010564        0.677561        0.003269        0.911234       -0.113927        0.372067        0.010805       -0.319623        0.035453
epsilon_e                   0.060601        0.056475        0.040085        0.091712       -0.016059        0.533485        0.140829      -97.094833        0.393208        1.212254               0        0.015291        0.398508        1.302678        0.073605        0.014241       -1.276737        0.130920        0.020196        0.195403        1.804635        1.615696       -0.512278               0       42.813913        0.807848        0.091900        0.833053        0.538790        1.169493       -1.077593        0.067493               0               0               0        1.000000               0               0               0        0.040085        0.533485        0.130920        0.393208        1.804635        1.302678        0.056475        0.091712       -0.512278
epsilon_nu_h                0.029084        0.027042        0.026747        0.040132        0.017742        0.128561        0.054406      -31.650527        1.055556        0.396497        1.000000       -0.021468        0.042852        0.411714        0.025702       -0.015734       -0.399389        0.005871       -0.002299        0.008762       -0.195611       -0.183886        0.049851               0       -1.099388       -0.091943        0.008991        0.337207        0.187467        0.367414       -0.358423        0.027292               0               0               0               0               0               0               0        0.026747        0.128561        0.005871        1.055556       -0.195611        0.411714        0.027042        0.040132        0.049851
epsilon_nu_e                0.040257        0.045178        0.043616        0.056968        0.022384        0.219415        0.100660      -45.938144        0.167724        0.594847               0       -0.035943        0.097250        0.604553        0.038789       -0.019850       -0.603644        0.017861       -0.001137        0.026658        0.844429       -0.091000        0.071225        1.000000       -0.954766       -0.045500        0.016910        0.627549        0.279267        0.539912       -0.523001        0.039479               0               0               0               0               0               0               0        0.043616        0.219415        0.017861        0.167724        0.844429        0.604553        0.045178        0.056968        0.071225
epsilon_psi                 0.227549       -0.014347       -0.022293        0.056094        8.554037      -10.175152       -0.422892     -189.466447       -1.214332        0.817143               0        1.788467       -1.833146       -0.698162       -0.059730        2.432197       -0.845625        0.057827        0.001623        0.086309       -0.601057        0.129817        0.083824               0      -10.269075        0.064908       -2.324246       -0.801211        0.633406       -0.877031       -1.447215        0.075291               0               0               0               0               0        1.000000               0       -0.022293      -10.175152        0.057827       -1.214332       -0.601057       -0.698162       -0.014347        0.056094        0.083824


THEORETICAL MOMENTS
VARIABLE             MEAN  STD. DEV.   VARIANCE
c_b               -0.0000     0.1707     0.0291
i_d                0.0000     0.0207     0.0004
pi                 0.0000     0.0101     0.0001
i_h                0.0000     0.0228     0.0005
psi_b             -0.0000     0.1308     0.0171
q_psi              0.0000     0.2274     0.0517
div                0.0000     0.0260     0.0007
lambda            -0.0000     5.3046    28.1392
l_h                0.0000     0.1362     0.0186
w                  0.0000     0.2592     0.0672
nu_h              -0.0000     0.0614     0.0038
h_s               -0.0000     0.1558     0.0243
h_b                0.0000     0.2030     0.0412
d                  0.0000     0.0836     0.0070
c_s                0.0000     0.0997     0.0099
psi_s             -0.0000     0.0822     0.0068
x                 -0.0000     0.0803     0.0064
y                 -0.0000     0.0960     0.0092
k_e               -0.0000     0.0754     0.0057
h                  0.0000     0.1693     0.0287
l_e               -0.0000     0.1337     0.0179
q_k               -0.0000     0.0911     0.0083
i_e                0.0000     0.0234     0.0005
nu_e               0.0000     0.0710     0.0050
lambda_e          -0.0000     1.4746     2.1745
v                 -0.0000     0.0878     0.0077
k_B                0.0000     0.1380     0.0190
pi_B               0.0000     0.1420     0.0202
i_l                0.0000     0.0269     0.0007
l                  0.0000     0.1233     0.0152
k_BL              -0.0000     0.0360     0.0013
c                 -0.0000     0.1323     0.0175
xi_z               0.0000     0.1960     0.0384
xi_d               0.0000     0.1033     0.0107
xi_i              -0.0000     0.0091     0.0001
varepsilon_e       0.0000     0.0085     0.0001
varepsilon_h       0.0000     0.0142     0.0002
xi_psi            -0.0000     0.0174     0.0003
xi_p              -0.0000     0.0016     0.0000
pi_obs             0.0059     0.0101     0.0001
q_psi_obs          0.0154     0.0883     0.0078
y_obs              0.0039     0.0108     0.0001
l_h_obs            0.0079     0.0468     0.0022
l_e_obs            0.0060     0.0320     0.0010
d_obs              0.0046     0.0363     0.0013
i_d_obs            0.0456     0.0207     0.0004
i_h_obs            0.0790     0.0228     0.0005
i_e_obs            0.0849     0.0234     0.0005



VARIANCE DECOMPOSITION (in percent)
                   epsilon_p     epsilon_z     epsilon_i     epsilon_d     epsilon_h     epsilon_e  epsilon_nu_h  epsilon_nu_e   epsilon_psi
c_b                     0.05         99.26          0.03          0.52          0.00          0.01          0.03          0.07          0.04
i_d                    23.66         14.76         21.22          5.04          0.09          0.20          6.84         26.36          1.85
pi                     33.05         15.62         10.29          5.17          0.10          0.24          6.96         26.66          1.90
i_h                     9.39         11.99          1.30         38.92         14.58          0.64          6.37         14.53          2.27
psi_b                   6.41          1.61          4.46          1.23          0.31          0.33          0.22          0.47         84.95
q_psi                   3.83         19.61          2.37         13.87          0.29          0.03          0.09          0.19         59.72
div                     4.15         25.29          2.07         54.76          0.07          0.19          0.88          4.92          7.67
lambda                 10.58         51.74          9.21          8.88          3.81          1.78          2.00          4.56          7.44
l_h                     8.85         32.23          2.64         34.67          2.30          0.10         15.47          0.29          3.44
w                       4.45         91.17          2.71          0.98          0.02          0.13          0.13          0.36          0.06
nu_h                    0.00          0.00          0.00          0.00          0.00          0.00        100.00          0.00          0.00
h_s                     3.45         93.72          0.80          0.70          0.03          0.07          0.11          0.38          0.75
h_b                     8.06         87.63          2.17          0.52          0.04          0.18          0.17          0.70          0.53
d                      15.18         54.51          5.62          3.72          0.89          2.33          3.72         11.90          2.13
c_s                     2.56         95.30          0.82          0.95          0.01          0.04          0.07          0.22          0.03
psi_s                  12.78          3.21          8.89          2.45          0.61          0.67          0.44          0.95         70.01
x                      52.00          8.16         30.62          1.33          0.19          1.48          1.38          4.14          0.70
y                       0.83         94.36          0.25          4.47          0.00          0.04          0.02          0.03          0.01
k_e                     0.69         13.30          0.12         84.19          0.02          0.24          0.74          0.38          0.32
h                       0.51         98.92          0.16          0.34          0.00          0.02          0.01          0.03          0.01
l_e                     3.88         13.05          1.49         60.20          0.09          2.63          1.48         16.95          0.22
q_k                     8.46         24.89          2.50         56.15          0.17          3.78          1.99          0.96          1.11
i_e                    10.96         11.87          1.72         37.22          0.68         13.68          6.55         14.98          2.35
nu_e                    0.00          0.00          0.00          0.00          0.00          0.00          0.00        100.00          0.00
lambda_e               10.80          5.49          9.15         41.33          0.78         22.42          3.30          4.57          2.17
v                       2.73         16.34          0.74         76.83          0.05          1.17          1.07          0.53          0.53
k_B                     5.14         18.08          0.42         69.33          0.03          0.09          0.64          4.02          2.26
pi_B                    3.49         22.71          1.61         61.81          0.02          0.24          1.46          7.78          0.87
i_l                    17.77         11.36          4.86         30.03          1.20          3.11          7.85         18.88          4.93
l                       6.83         24.75          2.27         56.98          0.34          0.90          1.55          5.28          1.09
k_BL                    8.50          4.67          8.27         41.90          2.16          6.02          5.26         13.89          9.34
c                       0.32         98.78          0.18          0.66          0.00          0.01          0.02          0.02          0.01
xi_z                    0.00        100.00          0.00          0.00          0.00          0.00          0.00          0.00          0.00
xi_d                    0.00          0.00          0.00        100.00          0.00          0.00          0.00          0.00          0.00
xi_i                    0.00          0.00        100.00          0.00          0.00          0.00          0.00          0.00          0.00
varepsilon_e            0.00          0.00          0.00          0.00          0.00        100.00          0.00          0.00          0.00
varepsilon_h            0.00          0.00          0.00          0.00        100.00          0.00          0.00          0.00          0.00
xi_psi                  0.00          0.00          0.00          0.00          0.00          0.00          0.00          0.00        100.00
xi_p                  100.00          0.00          0.00          0.00          0.00          0.00          0.00          0.00          0.00
pi_obs                 33.05         15.62         10.29          5.17          0.10          0.24          6.96         26.66          1.90
q_psi_obs               8.81         15.25         11.64          0.88          0.97          0.25          0.18          0.55         61.47
y_obs                   6.23         87.54          3.91          0.31          0.03          0.73          0.02          0.15          1.08
l_h_obs                34.02         11.29         22.18          1.35          6.10          0.77         19.54          1.30          3.46
l_e_obs                11.65         11.95         12.21         11.57          0.22         15.71          1.45         33.26          1.97
d_obs                  28.11         14.30         22.46          5.57          1.72          6.60          5.22         14.08          1.95
i_d_obs                23.66         14.76         21.22          5.04          0.09          0.20          6.84         26.36          1.85
i_h_obs                 9.39         11.99          1.30         38.92         14.58          0.64          6.37         14.53          2.27
i_e_obs                10.96         11.87          1.72         37.22          0.68         13.68          6.55         14.98          2.35



MATRIX OF CORRELATIONS
Variables                c_b           i_d            pi           i_h         psi_b         q_psi           div        lambda           l_h             w          nu_h           h_s           h_b             d           c_s         psi_s             x             y           k_e             h           l_e           q_k           i_e          nu_e      lambda_e             v           k_B          pi_B           i_l             l          k_BL             c          xi_z          xi_d          xi_i  varepsilon_e  varepsilon_h        xi_psi          xi_p        pi_obs     q_psi_obs         y_obs       l_h_obs       l_e_obs         d_obs       i_d_obs       i_h_obs       i_e_obs
c_b                   1.0000        0.3590        0.3583        0.3302        0.0361        0.4065        0.4910       -0.5991        0.5628        0.9405       -0.0076       -0.9097       -0.8019        0.7163        0.9750       -0.0318        0.0190        0.9761        0.2664       -0.8954        0.3535        0.3701        0.3317       -0.0168       -0.2148        0.4160        0.4233        0.4709        0.3115        0.4906       -0.0579        0.9960        0.9635       -0.0082       -0.0153        0.0007        0.0014        0.0090       -0.0021        0.3583       -0.0288        0.0714       -0.0081       -0.0049       -0.0064        0.3590        0.3302        0.3317
i_d                   0.3590        1.0000        0.6633        0.7196        0.0421       -0.0209        0.0273       -0.2608       -0.0200        0.1950        0.2516       -0.2359       -0.4484        0.2497        0.2912       -0.3180        0.4726        0.2733       -0.0922       -0.3677       -0.0157       -0.2665        0.7322        0.4944       -0.5840       -0.2140       -0.0306        0.0400        0.8016       -0.0193       -0.0510        0.3341        0.3580        0.2230        0.4394        0.0385        0.0169       -0.1222        0.3708        0.6633       -0.0552       -0.0976       -0.0373       -0.0961       -0.0680        1.0000        0.7196        0.7322
pi                    0.3583        0.6633        1.0000        0.6176       -0.1405        0.0583        0.0996       -0.2505        0.0485        0.2642        0.2615       -0.2501       -0.2936        0.3820        0.3525       -0.0778        0.1152        0.3029       -0.0732       -0.2874        0.0663       -0.1993        0.6181        0.5114       -0.2786       -0.1637        0.0096        0.1032        0.6201        0.0637       -0.1815        0.3582        0.3237        0.2254       -0.2791        0.0463        0.0241       -0.1305        0.5402        1.0000       -0.0909       -0.1770       -0.1142       -0.1143       -0.1114        0.6633        0.6176        0.6181
i_h                   0.3302        0.7196        0.6176        1.0000       -0.1024       -0.1093       -0.2175       -0.5663       -0.2135        0.2438        0.2459       -0.2525       -0.3734        0.3633        0.2698       -0.0642        0.1443        0.1907       -0.3820       -0.3335       -0.2792       -0.2999        0.7926        0.3736       -0.6709       -0.4798       -0.3492       -0.2311        0.7974       -0.2726       -0.4052        0.3081        0.3344        0.6022        0.0810        0.0626       -0.3085       -0.0986        0.1635        0.6176       -0.0160        0.0169        0.0090        0.0329       -0.0006        0.7196        1.0000        0.7926
psi_b                 0.0361        0.0421       -0.1405       -0.1024        1.0000       -0.7008       -0.2335       -0.1368       -0.1675       -0.0214       -0.0430        0.0331       -0.2159       -0.2668       -0.0464        0.5258        0.2995        0.0066        0.0878       -0.1055       -0.0153        0.0600       -0.0351       -0.0629       -0.0417        0.1058       -0.0962       -0.0628        0.0638       -0.0924       -0.0523        0.0034        0.0533       -0.1080        0.1719       -0.0313        0.0408        0.9156        0.1581       -0.1405       -0.1554        0.1056        0.0345        0.0355        0.0525        0.0421       -0.1024       -0.0351
q_psi                 0.4065       -0.0209        0.0583       -0.1093       -0.7008        1.0000        0.7656       -0.1690        0.6917        0.5010       -0.0215       -0.5077       -0.2909        0.4832        0.4469       -0.6456       -0.1699        0.4849        0.2982       -0.4115        0.5036        0.4138       -0.0926       -0.0266        0.1623        0.4655        0.6166        0.6181       -0.1102        0.6441        0.1572        0.4251        0.4387       -0.3710       -0.1537        0.0141        0.0512       -0.7727       -0.1841        0.0583        0.1941        0.2446        0.1460        0.1203        0.1444       -0.0209       -0.1093       -0.0926
div                   0.4910        0.0273        0.0996       -0.2175       -0.2335        0.7656        1.0000       -0.1995        0.8875        0.5957        0.0931       -0.5824       -0.2971        0.5135        0.5555       -0.2557       -0.2102        0.6367        0.5677       -0.4514        0.9003        0.6391       -0.2163        0.2212        0.3333        0.8109        0.9528        0.9789       -0.1598        0.9780        0.3021        0.5197        0.5024       -0.7388       -0.1438        0.0440        0.0258       -0.2766       -0.1944        0.0996        0.1065        0.2057        0.1199        0.1346        0.1256        0.0273       -0.2175       -0.2163
lambda               -0.5991       -0.2608       -0.2505       -0.5663       -0.1368       -0.1690       -0.1995        1.0000       -0.2898       -0.7122       -0.1120        0.6722        0.6633       -0.6901       -0.5413       -0.0406        0.1985       -0.5199        0.1058        0.7015       -0.1039       -0.2117       -0.4483       -0.1455        0.4077       -0.0163       -0.0236       -0.1901       -0.5696       -0.2060        0.6156       -0.5797       -0.6747       -0.2863        0.2204       -0.1249        0.1474       -0.1105        0.2221       -0.2505       -0.0645       -0.5691       -0.3437       -0.3735       -0.4358       -0.2608       -0.5663       -0.4483
l_h                   0.5628       -0.0200        0.0485       -0.2135       -0.1675        0.6917        0.8875       -0.2898        1.0000        0.6752        0.3922       -0.6470       -0.3434        0.5961        0.6248       -0.1522       -0.2912        0.6819        0.5038       -0.5090        0.6703        0.5721       -0.1370       -0.0350        0.2138        0.7221        0.8406        0.8649       -0.1053        0.8968        0.1501        0.5910        0.5659       -0.5816       -0.1610        0.0057        0.1312       -0.1837       -0.2870        0.0485        0.0963        0.2178        0.1719        0.1148        0.1701       -0.0200       -0.2135       -0.1370
w                     0.9405        0.1950        0.2642        0.2438       -0.0214        0.5010        0.5957       -0.7122        0.6752        1.0000        0.0223       -0.9751       -0.7594        0.8539        0.9513        0.0267       -0.1909        0.9474        0.2766       -0.9033        0.4598        0.4653        0.2339        0.0420       -0.1304        0.4729        0.5045        0.5689        0.2432        0.6098       -0.1551        0.9505        0.9529       -0.0433       -0.1644        0.0346        0.0128       -0.0016       -0.2026        0.2642        0.0531        0.3017        0.1157        0.1196        0.1462        0.1950        0.2438        0.2339
nu_h                 -0.0076        0.2516        0.2615        0.2459       -0.0430       -0.0215        0.0931       -0.1120        0.3922        0.0223        1.0000       -0.0302        0.0395        0.1881        0.0236        0.0608       -0.0885       -0.0006       -0.0383        0.0075       -0.1212       -0.1266        0.2518        0.0000       -0.1747       -0.0970        0.0746        0.1206        0.2744        0.1227       -0.1343        0.0048        0.0000        0.0000        0.0000        0.0000        0.0000        0.0000        0.0000        0.2615       -0.0028       -0.0003        0.0569       -0.0253        0.0216        0.2516        0.2459        0.2518
h_s                  -0.9097       -0.2359       -0.2501       -0.2525        0.0331       -0.5077       -0.5824        0.6722       -0.6470       -0.9751       -0.0302        1.0000        0.8096       -0.8310       -0.9165        0.0076        0.0658       -0.9135       -0.2479        0.9437       -0.4481       -0.4523       -0.2460       -0.0590        0.1513       -0.4417       -0.5006       -0.5505       -0.2408       -0.5888        0.0984       -0.9179       -0.9633        0.0345        0.0798       -0.0131       -0.0174        0.0257        0.1661       -0.2501       -0.1335       -0.3965       -0.1090       -0.1004       -0.1130       -0.2359       -0.2525       -0.2460
h_b                  -0.8019       -0.4484       -0.2936       -0.3734       -0.2159       -0.2909       -0.2971        0.6633       -0.3434       -0.7594        0.0395        0.8096        1.0000       -0.4712       -0.6984        0.2403       -0.4391       -0.7276       -0.1203        0.9582       -0.1623       -0.2460       -0.3977        0.0821        0.3349       -0.2277       -0.2015       -0.2707       -0.4319       -0.2675        0.1439       -0.7654       -0.8964       -0.0560       -0.1293        0.0335        0.0183       -0.0305       -0.2365       -0.2936       -0.0551       -0.4695       -0.1111       -0.0900       -0.1126       -0.4484       -0.3734       -0.3977
d                     0.7163        0.2497        0.3820        0.3633       -0.2668        0.4832        0.5135       -0.6901        0.5961        0.8539        0.1881       -0.8310       -0.4712        1.0000        0.7886        0.0797       -0.4717        0.7284        0.0678       -0.6707        0.3969        0.3161        0.3332        0.3396       -0.1854        0.2181        0.3903        0.4741        0.3900        0.5329       -0.3299        0.7495        0.7371        0.1592       -0.2367        0.1502        0.0844       -0.1403       -0.3617        0.3820        0.1019        0.2762        0.1567        0.1631        0.2169        0.2497        0.3633        0.3332
c_s                   0.9750        0.2912        0.3525        0.2698       -0.0464        0.4469        0.5555       -0.5413        0.6248        0.9513        0.0236       -0.9165       -0.6984        0.7886        1.0000        0.0459       -0.1217        0.9847        0.3070       -0.8404        0.4334        0.4004        0.2599        0.0456       -0.1244        0.4663        0.5037        0.5369        0.2357        0.5690       -0.0187        0.9909        0.9307       -0.0417       -0.0632        0.0130        0.0063       -0.0093       -0.0954        0.3525       -0.0395        0.0211       -0.0378       -0.0318       -0.0364        0.2912        0.2698        0.2599
psi_s                -0.0318       -0.3180       -0.0778       -0.0642        0.5258       -0.6456       -0.2557       -0.0406       -0.1522        0.0267        0.0608        0.0076        0.2403        0.0797        0.0459        1.0000       -0.3942       -0.0121       -0.0868        0.1391       -0.0042        0.1038       -0.1497        0.0888        0.1546       -0.0220       -0.1031       -0.1074       -0.1690       -0.0782       -0.1273       -0.0010       -0.0753        0.1524       -0.2426        0.0442       -0.0576        0.8234       -0.2232       -0.0778       -0.1038       -0.1509       -0.1354       -0.0584       -0.1266       -0.3180       -0.0642       -0.1497
x                     0.0190        0.4726        0.1152        0.1443        0.2995       -0.1699       -0.2102        0.1985       -0.2912       -0.1909       -0.0885        0.0658       -0.4391       -0.4717       -0.1217       -0.3942        1.0000       -0.0591       -0.0100       -0.2153       -0.2119       -0.1988        0.1888       -0.1559       -0.2000       -0.1092       -0.1640       -0.2029        0.1846       -0.2711        0.3004       -0.0371        0.0966       -0.0453        0.5533       -0.1189       -0.0429        0.0135        0.6885        0.1152       -0.0099        0.0588       -0.1557       -0.1965       -0.2432        0.4726        0.1443        0.1888
y                     0.9761        0.2733        0.3029        0.1907        0.0066        0.4849        0.6367       -0.5199        0.6819        0.9474       -0.0006       -0.9135       -0.7276        0.7284        0.9847       -0.0121       -0.0591        1.0000        0.4057       -0.8554        0.5176        0.4568        0.1826        0.0138       -0.0564        0.5795        0.5944        0.6241        0.1749        0.6476        0.0599        0.9855        0.9345       -0.1808       -0.0410        0.0160        0.0020       -0.0013       -0.0636        0.3029       -0.0345        0.0562       -0.0220       -0.0173       -0.0177        0.2733        0.1907        0.1826
k_e                   0.2664       -0.0922       -0.0732       -0.3820        0.0878        0.2982        0.5677        0.1058        0.5038        0.2766       -0.0383       -0.2479       -0.1203        0.0678        0.3070       -0.0868       -0.0100        0.4057        1.0000       -0.1886        0.5805        0.0076       -0.3796       -0.0279        0.4296        0.8626        0.6444        0.5991       -0.3267        0.5965        0.4270        0.2842        0.1811       -0.6389       -0.0059        0.0074       -0.0010        0.0175       -0.0109       -0.0732       -0.0150       -0.0577       -0.0237       -0.0386       -0.0095       -0.0922       -0.3820       -0.3796
h                    -0.8954       -0.3677       -0.2874       -0.3335       -0.1055       -0.4115       -0.4514        0.7015       -0.5090       -0.9033        0.0075        0.9437        0.9582       -0.6707       -0.8404        0.1391       -0.2153       -0.8554       -0.1886        1.0000       -0.3100       -0.3591       -0.3440        0.0175        0.2624       -0.3437       -0.3576       -0.4209       -0.3607       -0.4378        0.1291       -0.8788       -0.9748       -0.0147       -0.0339        0.0125        0.0018       -0.0046       -0.0522       -0.2874       -0.0961       -0.4578       -0.1158       -0.0997       -0.1186       -0.3677       -0.3335       -0.3440
l_e                   0.3535       -0.0157        0.0663       -0.2792       -0.0153        0.5036        0.9003       -0.1039        0.6703        0.4598       -0.1212       -0.4481       -0.1623        0.3969        0.4334       -0.0042       -0.2119        0.5176        0.5805       -0.3100        1.0000        0.6486       -0.3573        0.4115        0.4873        0.8266        0.9232        0.9403       -0.2246        0.9295        0.3549        0.3876        0.3606       -0.7731       -0.1180        0.1512       -0.0206       -0.0122       -0.1615        0.0663        0.0519        0.1410        0.0449        0.1196        0.0762       -0.0157       -0.2792       -0.3573
q_k                   0.3701       -0.2665       -0.1993       -0.2999        0.0600        0.4138        0.6391       -0.2117        0.5721        0.4653       -0.1266       -0.4523       -0.2460        0.3161        0.4004        0.1038       -0.1988        0.4568        0.0076       -0.3591        0.6486        1.0000       -0.4042       -0.0868        0.4135        0.5125        0.6402        0.6496       -0.2982        0.6711        0.1549        0.3844        0.4326       -0.5386       -0.1537        0.1844       -0.0313        0.0891       -0.2570       -0.1993        0.0709        0.2473        0.0936        0.1561        0.0968       -0.2665       -0.2999       -0.4042
i_e                   0.3317        0.7322        0.6181        0.7926       -0.0351       -0.0926       -0.2163       -0.4483       -0.1370        0.2339        0.2518       -0.2460       -0.3977        0.3332        0.2599       -0.1497        0.1888        0.1826       -0.3796       -0.3440       -0.3573       -0.4042        1.0000        0.3824       -0.9246       -0.5305       -0.3535       -0.2350        0.7995       -0.2811       -0.3925        0.3050        0.3360        0.5885        0.0959       -0.3105        0.0460       -0.0941        0.1805        0.6181       -0.0126        0.0251        0.0401        0.0168        0.0102        0.7322        0.7926        1.0000
nu_e                 -0.0168        0.4944        0.5114        0.3736       -0.0629       -0.0266        0.2212       -0.1455       -0.0350        0.0420        0.0000       -0.0590        0.0821        0.3396        0.0456        0.0888       -0.1559        0.0138       -0.0279        0.0175        0.4115       -0.0868        0.3824        1.0000       -0.2060       -0.0679        0.1872        0.2787        0.4192        0.2280       -0.0635        0.0080        0.0000        0.0000        0.0000        0.0000        0.0000        0.0000        0.0000        0.5114       -0.0032        0.0057       -0.0048        0.0807        0.0367        0.4944        0.3736        0.3824
lambda_e             -0.2148       -0.5840       -0.2786       -0.6709       -0.0417        0.1623        0.3333        0.4077        0.2138       -0.1304       -0.1747        0.1513        0.3349       -0.1854       -0.1244        0.1546       -0.2000       -0.0564        0.4296        0.2624        0.4873        0.4135       -0.9246       -0.2060        1.0000        0.5781        0.4564        0.3558       -0.6838        0.3968        0.3902       -0.1800       -0.2333       -0.6071       -0.2590        0.4024       -0.0434        0.0453        0.0318       -0.2786       -0.0249       -0.1006       -0.1101       -0.0680       -0.0634       -0.5840       -0.6709       -0.9246
v                     0.4160       -0.2140       -0.1637       -0.4798        0.1058        0.4655        0.8109       -0.0163        0.7221        0.4729       -0.0970       -0.4417       -0.2277        0.2181        0.4663       -0.0220       -0.1092        0.5795        0.8626       -0.3437        0.8266        0.5125       -0.5305       -0.0679        0.5781        1.0000        0.8773        0.8431       -0.4314        0.8518        0.4450        0.4386        0.3744       -0.8212       -0.0828        0.0997       -0.0167        0.0601       -0.1394       -0.1637        0.0230        0.0756        0.0270        0.0458        0.0408       -0.2140       -0.4798       -0.5305
k_B                   0.4233       -0.0306        0.0096       -0.3492       -0.0962        0.6166        0.9528       -0.0236        0.8406        0.5045        0.0746       -0.5006       -0.2015        0.3903        0.5037       -0.1031       -0.1640        0.5944        0.6444       -0.3576        0.9232        0.6402       -0.3535        0.1872        0.4564        0.8773        1.0000        0.9685       -0.3328        0.9683        0.5165        0.4580        0.4177       -0.8178       -0.0612        0.0194        0.0162       -0.1129       -0.1674        0.0096        0.0673        0.0842        0.0124       -0.0062        0.0206       -0.0306       -0.3492       -0.3535
pi_B                  0.4709        0.0400        0.1032       -0.2311       -0.0628        0.6181        0.9789       -0.1901        0.8649        0.5689        0.1206       -0.5505       -0.2707        0.4741        0.5369       -0.1074       -0.2029        0.6241        0.5991       -0.4209        0.9403        0.6496       -0.2350        0.2787        0.3558        0.8431        0.9685        1.0000       -0.1603        0.9906        0.3193        0.5001        0.4747       -0.7851       -0.1269        0.0492        0.0152       -0.0926       -0.1791        0.1032        0.0685        0.1737        0.1002        0.1263        0.1076        0.0400       -0.2311       -0.2350
i_l                   0.3115        0.8016        0.6201        0.7974        0.0638       -0.1102       -0.1598       -0.5696       -0.1053        0.2432        0.2744       -0.2408       -0.4319        0.3900        0.2357       -0.1690        0.1846        0.1749       -0.3267       -0.3607       -0.2246       -0.2982        0.7995        0.4192       -0.6838       -0.4314       -0.3328       -0.1603        1.0000       -0.1862       -0.6380        0.2831        0.3354        0.5106        0.1706        0.1762        0.0845       -0.0373        0.1800        0.6201       -0.0353        0.1263        0.1730        0.2036        0.1670        0.8016        0.7974        0.7995
l                     0.4906       -0.0193        0.0637       -0.2726       -0.0924        0.6441        0.9780       -0.2060        0.8968        0.6098        0.1227       -0.5888       -0.2675        0.5329        0.5690       -0.0782       -0.2711        0.6476        0.5965       -0.4378        0.9295        0.6711       -0.2811        0.2280        0.3968        0.8518        0.9683        0.9906       -0.1862        1.0000        0.2862        0.5249        0.4963       -0.7501       -0.1504        0.0930        0.0530       -0.0986       -0.2389        0.0637        0.0789        0.1923        0.1122        0.1284        0.1300       -0.0193       -0.2726       -0.2811
k_BL                 -0.0579       -0.0510       -0.1815       -0.4052       -0.0523        0.1572        0.3021        0.6156        0.1501       -0.1551       -0.1343        0.0984        0.1439       -0.3299       -0.0187       -0.1273        0.3004        0.0599        0.4270        0.1291        0.3549        0.1549       -0.3925       -0.0635        0.3902        0.4450        0.5165        0.3193       -0.6380        0.2862        1.0000       -0.0426       -0.0993       -0.5658        0.2810       -0.2447       -0.1194       -0.0951        0.1769       -0.1815       -0.0122       -0.3366       -0.3371       -0.4639       -0.3666       -0.0510       -0.4052       -0.3925
c                     0.9960        0.3341        0.3582        0.3081        0.0034        0.4251        0.5197       -0.5797        0.5910        0.9505        0.0048       -0.9179       -0.7654        0.7495        0.9909       -0.0010       -0.0371        0.9855        0.2842       -0.8788        0.3876        0.3844        0.3050        0.0080       -0.1800        0.4386        0.4580        0.5001        0.2831        0.5249       -0.0426        1.0000        0.9562       -0.0217       -0.0345        0.0056        0.0034        0.0018       -0.0394        0.3582       -0.0333        0.0517       -0.0200       -0.0157       -0.0184        0.3341        0.3081        0.3050
xi_z                  0.9635        0.3580        0.3237        0.3344        0.0533        0.4387        0.5024       -0.6747        0.5659        0.9529        0.0000       -0.9633       -0.8964        0.7371        0.9307       -0.0753        0.0966        0.9345        0.1811       -0.9748        0.3606        0.4326        0.3360        0.0000       -0.2333        0.3744        0.4177        0.4747        0.3354        0.4963       -0.0993        0.9562        1.0000        0.0000        0.0000        0.0000        0.0000        0.0000        0.0000        0.3237        0.0408        0.3004        0.0594        0.0544        0.0613        0.3580        0.3344        0.3360
xi_d                 -0.0082        0.2230        0.2254        0.6022       -0.1080       -0.3710       -0.7388       -0.2863       -0.5816       -0.0433        0.0000        0.0345       -0.0560        0.1592       -0.0417        0.1524       -0.0453       -0.1808       -0.6389       -0.0147       -0.7731       -0.5386        0.5885        0.0000       -0.6071       -0.8212       -0.8178       -0.7851        0.5106       -0.7501       -0.5658       -0.0217        0.0000        1.0000        0.0000        0.0000        0.0000        0.0000        0.0000        0.2254       -0.0122       -0.0205       -0.0216       -0.0412        0.0047        0.2230        0.6022        0.5885
xi_i                 -0.0153        0.4394       -0.2791        0.0810        0.1719       -0.1537       -0.1438        0.2204       -0.1610       -0.1644        0.0000        0.0798       -0.1293       -0.2367       -0.0632       -0.2426        0.5533       -0.0410       -0.0059       -0.0339       -0.1180       -0.1537        0.0959        0.0000       -0.2590       -0.0828       -0.0612       -0.1269        0.1706       -0.1504        0.2810       -0.0345        0.0000        0.0000        1.0000        0.0000        0.0000        0.0000        0.0000       -0.2791       -0.1563       -0.1442       -0.1848       -0.1948       -0.2153        0.4394        0.0810        0.0959
varepsilon_e          0.0007        0.0385        0.0463        0.0626       -0.0313        0.0141        0.0440       -0.1249        0.0057        0.0346        0.0000       -0.0131        0.0335        0.1502        0.0130        0.0442       -0.1189        0.0160        0.0074        0.0125        0.1512        0.1844       -0.3105        0.0000        0.4024        0.0997        0.0194        0.0492        0.1762        0.0930       -0.2447        0.0056        0.0000        0.0000        0.0000        1.0000        0.0000        0.0000        0.0000        0.0463        0.0136        0.0533        0.0062        0.2366        0.1295        0.0385        0.0626       -0.3105
varepsilon_h          0.0014        0.0169        0.0241       -0.3085        0.0408        0.0512        0.0258        0.1474        0.1312        0.0128        0.0000       -0.0174        0.0183        0.0844        0.0063       -0.0576       -0.0429        0.0020       -0.0010        0.0018       -0.0206       -0.0313        0.0460        0.0000       -0.0434       -0.0167        0.0162        0.0152        0.0845        0.0530       -0.1194        0.0034        0.0000        0.0000        0.0000        0.0000        1.0000        0.0000        0.0000        0.0241        0.0608        0.0083        0.1762       -0.0397        0.0898        0.0169       -0.3085        0.0460
xi_psi                0.0090       -0.1222       -0.1305       -0.0986        0.9156       -0.7727       -0.2766       -0.1105       -0.1837       -0.0016        0.0000        0.0257       -0.0305       -0.1403       -0.0093        0.8234        0.0135       -0.0013        0.0175       -0.0046       -0.0122        0.0891       -0.0941        0.0000        0.0453        0.0601       -0.1129       -0.0926       -0.0373       -0.0986       -0.0951        0.0018        0.0000        0.0000        0.0000        0.0000        0.0000        1.0000        0.0000       -0.1305       -0.1527       -0.0009       -0.0410       -0.0039       -0.0248       -0.1222       -0.0986       -0.0941
xi_p                 -0.0021        0.3708        0.5402        0.1635        0.1581       -0.1841       -0.1944        0.2221       -0.2870       -0.2026        0.0000        0.1661       -0.2365       -0.3617       -0.0954       -0.2232        0.6885       -0.0636       -0.0109       -0.0522       -0.1615       -0.2570        0.1805        0.0000        0.0318       -0.1394       -0.1674       -0.1791        0.1800       -0.2389        0.1769       -0.0394        0.0000        0.0000        0.0000        0.0000        0.0000        0.0000        1.0000        0.5402       -0.1682       -0.2008       -0.2963       -0.2396       -0.2960        0.3708        0.1635        0.1805
pi_obs                0.3583        0.6633        1.0000        0.6176       -0.1405        0.0583        0.0996       -0.2505        0.0485        0.2642        0.2615       -0.2501       -0.2936        0.3820        0.3525       -0.0778        0.1152        0.3029       -0.0732       -0.2874        0.0663       -0.1993        0.6181        0.5114       -0.2786       -0.1637        0.0096        0.1032        0.6201        0.0637       -0.1815        0.3582        0.3237        0.2254       -0.2791        0.0463        0.0241       -0.1305        0.5402        1.0000       -0.0909       -0.1770       -0.1142       -0.1143       -0.1114        0.6633        0.6176        0.6181
q_psi_obs            -0.0288       -0.0552       -0.0909       -0.0160       -0.1554        0.1941        0.1065       -0.0645        0.0963        0.0531       -0.0028       -0.1335       -0.0551        0.1019       -0.0395       -0.1038       -0.0099       -0.0345       -0.0150       -0.0961        0.0519        0.0709       -0.0126       -0.0032       -0.0249        0.0230        0.0673        0.0685       -0.0353        0.0789       -0.0122       -0.0333        0.0408       -0.0122       -0.1563        0.0136        0.0608       -0.1527       -0.1682       -0.0909        1.0000        0.3228        0.6562        0.5269        0.6069       -0.0552       -0.0160       -0.0126
y_obs                 0.0714       -0.0976       -0.1770        0.0169        0.1056        0.2446        0.2057       -0.5691        0.2178        0.3017       -0.0003       -0.3965       -0.4695        0.2762        0.0211       -0.1509        0.0588        0.0562       -0.0577       -0.4578        0.1410        0.2473        0.0251        0.0057       -0.1006        0.0756        0.0842        0.1737        0.1263        0.1923       -0.3366        0.0517        0.3004       -0.0205       -0.1442        0.0533        0.0083       -0.0009       -0.2008       -0.1770        0.3228        1.0000        0.4378        0.4355        0.4788       -0.0976        0.0169        0.0251
l_h_obs              -0.0081       -0.0373       -0.1142        0.0090        0.0345        0.1460        0.1199       -0.3437        0.1719        0.1157        0.0569       -0.1090       -0.1111        0.1567       -0.0378       -0.1354       -0.1557       -0.0220       -0.0237       -0.1158        0.0449        0.0936        0.0401       -0.0048       -0.1101        0.0270        0.0124        0.1002        0.1730        0.1122       -0.3371       -0.0200        0.0594       -0.0216       -0.1848        0.0062        0.1762       -0.0410       -0.2963       -0.1142        0.6562        0.4378        1.0000        0.5217        0.8561       -0.0373        0.0090        0.0401
l_e_obs              -0.0049       -0.0961       -0.1143        0.0329        0.0355        0.1203        0.1346       -0.3735        0.1148        0.1196       -0.0253       -0.1004       -0.0900        0.1631       -0.0318       -0.0584       -0.1965       -0.0173       -0.0386       -0.0997        0.1196        0.1561        0.0168        0.0807       -0.0680        0.0458       -0.0062        0.1263        0.2036        0.1284       -0.4639       -0.0157        0.0544       -0.0412       -0.1948        0.2366       -0.0397       -0.0039       -0.2396       -0.1143        0.5269        0.4355        0.5217        1.0000        0.6945       -0.0961        0.0329        0.0168
d_obs                -0.0064       -0.0680       -0.1114       -0.0006        0.0525        0.1444        0.1256       -0.4358        0.1701        0.1462        0.0216       -0.1130       -0.1126        0.2169       -0.0364       -0.1266       -0.2432       -0.0177       -0.0095       -0.1186        0.0762        0.0968        0.0102        0.0367       -0.0634        0.0408        0.0206        0.1076        0.1670        0.1300       -0.3666       -0.0184        0.0613        0.0047       -0.2153        0.1295        0.0898       -0.0248       -0.2960       -0.1114        0.6069        0.4788        0.8561        0.6945        1.0000       -0.0680       -0.0006        0.0102
i_d_obs               0.3590        1.0000        0.6633        0.7196        0.0421       -0.0209        0.0273       -0.2608       -0.0200        0.1950        0.2516       -0.2359       -0.4484        0.2497        0.2912       -0.3180        0.4726        0.2733       -0.0922       -0.3677       -0.0157       -0.2665        0.7322        0.4944       -0.5840       -0.2140       -0.0306        0.0400        0.8016       -0.0193       -0.0510        0.3341        0.3580        0.2230        0.4394        0.0385        0.0169       -0.1222        0.3708        0.6633       -0.0552       -0.0976       -0.0373       -0.0961       -0.0680        1.0000        0.7196        0.7322
i_h_obs               0.3302        0.7196        0.6176        1.0000       -0.1024       -0.1093       -0.2175       -0.5663       -0.2135        0.2438        0.2459       -0.2525       -0.3734        0.3633        0.2698       -0.0642        0.1443        0.1907       -0.3820       -0.3335       -0.2792       -0.2999        0.7926        0.3736       -0.6709       -0.4798       -0.3492       -0.2311        0.7974       -0.2726       -0.4052        0.3081        0.3344        0.6022        0.0810        0.0626       -0.3085       -0.0986        0.1635        0.6176       -0.0160        0.0169        0.0090        0.0329       -0.0006        0.7196        1.0000        0.7926
i_e_obs               0.3317        0.7322        0.6181        0.7926       -0.0351       -0.0926       -0.2163       -0.4483       -0.1370        0.2339        0.2518       -0.2460       -0.3977        0.3332        0.2599       -0.1497        0.1888        0.1826       -0.3796       -0.3440       -0.3573       -0.4042        1.0000        0.3824       -0.9246       -0.5305       -0.3535       -0.2350        0.7995       -0.2811       -0.3925        0.3050        0.3360        0.5885        0.0959       -0.3105        0.0460       -0.0941        0.1805        0.6181       -0.0126        0.0251        0.0401        0.0168        0.0102        0.7322        0.7926        1.0000



COEFFICIENTS OF AUTOCORRELATION
Order                1       2       3       4       5
c_b             0.9934  0.9780  0.9570  0.9326  0.9063
i_d             0.9351  0.8318  0.7296  0.6426  0.5734
pi              0.9239  0.8089  0.7005  0.6122  0.5448
i_h             0.9736  0.9255  0.8716  0.8194  0.7724
psi_b           0.8831  0.7823  0.6956  0.6220  0.5598
q_psi           0.9246  0.8551  0.7926  0.7372  0.6879
div             0.9617  0.9264  0.8943  0.8654  0.8391
lambda          0.7393  0.5800  0.4802  0.4173  0.3775
l_h             0.9409  0.8922  0.8505  0.8139  0.7813
w               0.9526  0.9093  0.8698  0.8339  0.8009
nu_h            0.9501  0.9027  0.8577  0.8149  0.7743
h_s             0.9351  0.8812  0.8337  0.7915  0.7536
h_b             0.8912  0.7973  0.7195  0.6566  0.6060
d               0.9059  0.8312  0.7682  0.7137  0.6664
c_s             0.9939  0.9793  0.9590  0.9350  0.9088
psi_s           0.9479  0.8600  0.7682  0.6842  0.6111
x               0.6997  0.4969  0.3526  0.2496  0.1766
y               0.9937  0.9791  0.9593  0.9364  0.9116
k_e             0.9999  0.9996  0.9990  0.9983  0.9973
h               0.9162  0.8498  0.7954  0.7500  0.7114
l_e             0.9714  0.9417  0.9123  0.8841  0.8577
q_k             0.9595  0.9153  0.8708  0.8280  0.7879
i_e             0.9748  0.9257  0.8686  0.8123  0.7611
nu_e            0.9531  0.9084  0.8657  0.8251  0.7864
lambda_e        0.9402  0.8508  0.7613  0.6840  0.6222
v               0.9893  0.9774  0.9653  0.9535  0.9423
k_B             0.9845  0.9634  0.9402  0.9169  0.8944
pi_B            0.9700  0.9421  0.9162  0.8923  0.8701
i_l             0.8836  0.7815  0.6978  0.6333  0.5849
l               0.9625  0.9291  0.8983  0.8698  0.8435
k_BL            0.6949  0.5371  0.4507  0.4017  0.3728
c               0.9939  0.9795  0.9596  0.9363  0.9110
xi_z            0.9639  0.9291  0.8956  0.8632  0.8321
xi_d            0.9873  0.9747  0.9623  0.9500  0.9379
xi_i            0.6054  0.3665  0.2219  0.1343  0.0813
varepsilon_e    0.6259  0.3918  0.2452  0.1535  0.0961
varepsilon_h    0.5385  0.2899  0.1561  0.0841  0.0453
xi_psi          0.9233  0.8524  0.7870  0.7266  0.6709
xi_p            0.6451  0.4162  0.2685  0.1732  0.1117
pi_obs          0.9239  0.8089  0.7005  0.6122  0.5448
q_psi_obs      -0.0387 -0.0471 -0.0462 -0.0413 -0.0354
y_obs           0.6554  0.4123  0.2535  0.1447  0.0716
l_h_obs        -0.0877 -0.0593 -0.0431 -0.0338 -0.0276
l_e_obs         0.0186 -0.0042 -0.0216 -0.0313 -0.0345
d_obs          -0.1027 -0.0625 -0.0455 -0.0375 -0.0322
i_d_obs         0.9351  0.8318  0.7296  0.6426  0.5734
i_h_obs         0.9736  0.9255  0.8716  0.8194  0.7724
i_e_obs         0.9748  0.9257  0.8686  0.8123  0.7611
Total computing time : 0h00m00s
