Starting Dynare (version 4.5.7).
Starting preprocessing of the model file ...
Found 48 equation(s).
Evaluating expressions...done
Computing static model derivatives:
 - order 1
Computing dynamic model derivatives:
 - order 1
 - order 2
Processing outputs ...
done
Preprocessing completed.

STEADY-STATE RESULTS:

c_b          		 1.98968e-17
i_d          		 -4.85723e-17
pi           		 -3.04708e-17
i_h          		 -4.16334e-17
psi_b        		 2.5388e-17
q_psi        		 -1.67253e-17
div          		 -1.96082e-17
lambda       		 1.32589e-15
l_h          		 -1.03768e-16
w            		 -1.43699e-16
nu_h         		 -4.82926e-32
h_s          		 8.6948e-17
h_b          		 -1.8654e-16
d            		 -4.99561e-17
c_s          		 -6.76237e-17
psi_s        		 2.25926e-17
x            		 1.65022e-16
y            		 -2.0268e-17
k_e          		 2.30246e-17
h            		 -4.15911e-17
l_e          		 -8.72968e-18
q_k          		 -5.97702e-17
i_e          		 -5.46548e-17
nu_e         		 0
lambda_e     		 1.89796e-15
v            		 -6.86052e-18
k_B          		 -6.3965e-17
pi_B         		 -1.27404e-16
i_l          		 -4.62944e-17
l            		 -5.14971e-17
k_BL         		 -1.2468e-17
c            		 -2.64891e-17
xi_z         		 0
xi_d         		 0
xi_i         		 5.21505e-18
varepsilon_e 		 2.85091e-18
varepsilon_h 		 -1.99027e-18
xi_psi       		 5.47413e-18
xi_p         		 7.72992e-19
pi_obs       		 0.005887
q_psi_obs    		 0.0059
y_obs        		 0.001685
l_h_obs      		 0.003758
l_e_obs      		 0.0024686
d_obs        		 0.001761
i_d_obs      		 0.04558
i_h_obs      		 0.078998
i_e_obs      		 0.08487

EIGENVALUES:
         Modulus             Real        Imaginary

               0                0                0
               0                0                0
       5.286e-17        5.286e-17                0
       1.971e-16       -1.971e-16                0
       8.323e-16       -8.323e-16                0
       1.132e-14       -1.132e-14                0
       1.189e-14        1.189e-14                0
         0.01387         -0.01387                0
          0.4405           0.4383          0.04328
          0.4405           0.4383         -0.04328
          0.5736           0.5736                0
          0.5746           0.5746                0
          0.6259           0.6259                0
          0.6298           0.6274           0.0552
          0.6298           0.6274          -0.0552
          0.6323           0.6323                0
          0.7391           0.7391                0
          0.7508           0.7508                0
          0.8925           0.8925                0
          0.9159           0.9159                0
          0.9377           0.9377                0
          0.9431           0.9431                0
          0.9652           0.9652                0
          0.9877           0.9877                0
           1.007           0.9921           0.1707
           1.007           0.9921          -0.1707
           1.025            1.025                0
           1.117            1.117                0
            2.25             2.25                0
           47.86            47.86                0
       2.162e+04       -2.162e+04                0
       1.976e+16        1.976e+16                0
       6.041e+16       -6.041e+16                0
        8.71e+16         8.71e+16                0
       2.249e+31       -2.249e+31                0
       1.217e+32        1.217e+32                0


There are 12 eigenvalue(s) larger than 1 in modulus 
for 12 forward-looking variable(s)

The rank condition is verified.


MODEL SUMMARY

  Number of variables:         48
  Number of stochastic shocks: 9
  Number of state variables:   24
  Number of jumpers:           12
  Number of static variables:  19


MATRIX OF COVARIANCE OF EXOGENOUS SHOCKS
Variables          epsilon_p     epsilon_z     epsilon_i     epsilon_d     epsilon_h     epsilon_e  epsilon_nu_h  epsilon_nu_e   epsilon_psi
epsilon_p           0.000002      0.000000      0.000000      0.000000      0.000000      0.000000      0.000000      0.000000      0.000000
epsilon_z           0.000000      0.002005      0.000000      0.000000      0.000000      0.000000      0.000000      0.000000      0.000000
epsilon_i           0.000000      0.000000      0.000058      0.000000      0.000000      0.000000      0.000000      0.000000      0.000000
epsilon_d           0.000000      0.000000      0.000000      0.000309      0.000000      0.000000      0.000000      0.000000      0.000000
epsilon_h           0.000000      0.000000      0.000000      0.000000      0.000008      0.000000      0.000000      0.000000      0.000000
epsilon_e           0.000000      0.000000      0.000000      0.000000      0.000000      0.000007      0.000000      0.000000      0.000000
epsilon_nu_h        0.000000      0.000000      0.000000      0.000000      0.000000      0.000000      0.000336      0.000000      0.000000
epsilon_nu_e        0.000000      0.000000      0.000000      0.000000      0.000000      0.000000      0.000000      0.000305      0.000000
epsilon_psi         0.000000      0.000000      0.000000      0.000000      0.000000      0.000000      0.000000      0.000000      0.000078

POLICY AND TRANSITION FUNCTIONS
                                 c_b             i_d              pi             i_h           psi_b           q_psi             div          lambda             l_h               w            nu_h             h_s             h_b               d             c_s           psi_s               x               y             k_e               h             l_e             q_k             i_e            nu_e        lambda_e               v             k_B            pi_B             i_l               l            k_BL               c            xi_z            xi_d            xi_i    varepsilon_e    varepsilon_h          xi_psi            xi_p          pi_obs       q_psi_obs           y_obs         l_h_obs         l_e_obs           d_obs         i_d_obs         i_h_obs         i_e_obs
Constant                           0               0               0               0               0               0               0               0               0               0               0               0               0               0               0               0               0               0               0               0               0               0               0               0               0               0               0               0               0               0               0               0               0               0               0               0               0               0               0        0.005887        0.005900        0.001685        0.003758        0.002469        0.001761        0.045580        0.078998        0.084870
i_d(-1)                    -0.150515        0.475738       -0.036146        0.377810        0.078979       -1.154876       -0.082238       84.244116       -0.823901       -1.549886               0       -0.194598       -0.115342       -0.765276       -0.113735       -0.070038        1.601811       -0.105423       -0.005022       -0.157348       -0.596858       -0.401733        0.377810               0      -31.765845       -0.200867       -0.163011       -0.319202        0.377810       -0.699027        0.536016       -0.131022               0               0               0               0               0               0               0       -0.036146       -1.154876       -0.105423       -0.823901       -0.596858       -0.765276        0.475738        0.377810        0.377810
l_h(-1)                            0               0               0               0               0               0               0               0               0               0               0               0               0               0               0               0               0               0               0               0               0               0               0               0               0               0               0               0               0               0               0               0               0               0               0               0               0               0               0               0               0               0       -1.000000               0               0               0               0               0
nu_h(-1)                    0.033646        0.028571        0.026877        0.085496       -0.044008        0.130527        0.054888      -38.115093        0.945043        0.438766        0.937664       -0.028382        0.071784        0.349541        0.039203        0.039026       -0.444936        0.012526       -0.002165        0.018696       -0.207708       -0.173210        0.085496               0       -3.797931       -0.086605       -0.000557        0.340032        0.085496        0.311030       -0.311587        0.036591               0               0               0               0               0               0               0        0.026877        0.130527        0.012526        0.945043       -0.207708        0.349541        0.028571        0.085496        0.085496
d(-1)                      -0.053557       -0.007970       -0.005919       -0.014043       -0.297146       -0.087169       -0.010225       38.064447       -0.110774       -0.266004               0       -0.278419        0.264437       -0.046998        0.001042        0.263507        0.273685       -0.015595        0.000020       -0.023277        0.012653        0.001632       -0.014043               0        0.673468        0.000816       -0.009647       -0.050881       -0.014043       -0.042889        0.033242       -0.024619               0               0               0               0               0               0               0       -0.005919       -0.087169       -0.015595       -0.110774        0.012653       -1.046998       -0.007970       -0.014043       -0.014043
psi_s(-1)                  -0.086949       -0.012939       -0.009610       -0.022799       -0.482417       -0.141519       -0.016601       61.797586       -0.179841       -0.431857               0       -0.452013        0.429313       -0.076301        0.001691        0.427804        0.444328       -0.025319        0.000033       -0.037790        0.020542        0.002650       -0.022799               0        1.093375        0.001325       -0.015661       -0.082606       -0.022799       -0.069630        0.053969       -0.039970               0               0               0               0               0               0               0       -0.009610       -0.141519       -0.025319       -0.179841        0.020542       -0.076301       -0.012939       -0.022799       -0.022799
k_e(-1)                     0.081860        0.008249       -0.004382        0.006422        0.058720       -0.067033       -0.003611       -0.554074       -0.023158        0.266430               0       -0.304337       -0.397689       -0.018799        0.047898       -0.052072        0.178481        0.096698        0.987346       -0.348212       -0.012984       -1.012293        0.006422               0       -0.828510        0.493853       -0.007560       -0.010782        0.006422       -0.017563        0.010003        0.063860               0               0               0               0               0               0               0       -0.004382       -0.067033        0.096698       -0.023158       -0.012984       -0.018799        0.008249        0.006422        0.006422
l_e(-1)                            0               0               0               0               0               0               0               0               0               0               0               0               0               0               0               0               0               0               0               0               0               0               0               0               0               0               0               0               0               0               0               0               0               0               0               0               0               0               0               0               0               0               0       -1.000000               0               0               0               0
nu_e(-1)                    0.045155        0.040013        0.036481        0.119988       -0.069516        0.249706        0.099203      -55.496663        0.100854        0.639538               0       -0.043309        0.132790        0.503226        0.057304        0.061646       -0.652559        0.026437       -0.001094        0.039458        0.734069       -0.087502        0.119988        0.915898       -5.516575       -0.043751        0.011374        0.611832        0.119988        0.449122       -0.437748        0.051594               0               0               0               0               0               0               0        0.036481        0.249706        0.026437        0.100854        0.734069        0.503226        0.040013        0.119988        0.119988
k_B(-1)                    -0.013932        0.011870        0.002819       -0.070528        0.011326        0.061045        0.013013       10.304437        0.187414        0.077990               0        0.002648        0.216752        0.101104        0.006323       -0.010044       -0.112071        0.069196        0.001234        0.103277        0.131837        0.098745       -0.070528               0        5.663402        0.049372        0.607860        0.074648       -0.070528        0.156847        0.451013       -0.003197               0               0               0               0               0               0               0        0.002819        0.061045        0.069196        0.187414        0.131837        0.101104        0.011870       -0.070528       -0.070528
pi_B(-1)                   -0.001074        0.002143        0.001511       -0.052969        0.050306        0.056386        0.008583        2.095934        0.123910        0.027435               0       -0.023214        0.041443        0.069229        0.004250       -0.044611       -0.029803        0.004807        0.000850        0.007175        0.092278        0.067978       -0.052969               0        4.242306        0.033989        0.408170        0.046038       -0.052969        0.106513        0.301658        0.001748               0               0               0               0               0               0               0        0.001511        0.056386        0.004807        0.123910        0.092278        0.069229        0.002143       -0.052969       -0.052969
xi_z(-1)                    0.303793        0.015317       -0.004829        0.032314        0.169323        0.817214        0.063424      -40.002445        0.305377        0.973181               0       -0.813359       -1.587964        0.245204        0.149925       -0.150154        0.358433        0.154191        0.001974       -1.177423        0.175065        0.157926        0.032314               0       -2.671637        0.078963        0.140672        0.260743        0.032314        0.233706       -0.093033        0.222243        0.943064               0               0               0               0               0               0       -0.004829        0.817214        0.154191        0.305377        0.175065        0.245204        0.015317        0.032314        0.032314
xi_d(-1)                    0.066868        0.046975        0.044983        0.010360       -0.010951       -0.073082       -0.089908      -46.690689        0.032096        0.767001               0       -0.053616        0.106570        0.690281        0.068866        0.009711       -0.774153        0.014520       -0.006063        0.021671       -0.480986       -0.485066        0.010360               0        3.858505       -0.242533       -0.049682       -0.584892        0.010360       -0.250099        0.200417        0.067926               0        0.965150               0               0               0               0               0        0.044983       -0.073082        0.014520        0.032096       -0.480986        0.690281        0.046975        0.010360        0.010360
xi_i(-1)                   -0.185920        0.440307       -0.107002        0.232185        0.657947       -2.467403       -0.254568      121.247416       -1.915010       -3.038198               0        0.501995       -1.222808       -1.603440       -0.297090       -0.583463        3.140057       -0.206804       -0.012183       -0.308663       -1.092527       -0.974663        0.232185               0      -27.483654       -0.487332       -0.323478       -1.207752        0.232185       -1.462644        1.139166       -0.244840               0               0        0.574565               0               0               0               0       -0.107002       -2.467403       -0.206804       -1.915010       -1.092527       -1.603440        0.440307        0.232185        0.232185
varepsilon_e(-1)            0.155467        0.117975        0.080314        0.502498       -0.381300        1.109392        0.219073     -271.161589        0.215364        2.687581               0        0.152668        0.738675        2.483463        0.212728        0.338134       -2.828851        0.286821        0.038542        0.428092        3.866213        3.083386       -1.699263               0      137.833610        1.541693        0.118623        1.240457        0.502498        2.223331       -2.104708        0.185815               0               0               0        0.750800               0               0               0        0.080314        1.109392        0.286821        0.215364        3.866213        2.483463        0.117975        0.502498       -1.699263
varepsilon_h(-1)            0.058477        0.042443        0.036989       -1.500324        0.924924        2.103630        0.131949      147.416287        3.380645        0.851881               0       -0.549739        0.750520        1.477527        0.117623       -0.820215       -0.872137        0.041127       -0.003405        0.061383       -0.310885       -0.272391        0.230501               0      -14.245635       -0.136195        0.320955        0.462438        0.230501        1.350304       -1.029349        0.089824               0               0               0               0        0.739062               0               0        0.036989        2.103630        0.041127        3.380645       -0.310885        1.477527        0.042443       -1.500324        0.230501
xi_psi(-1)                  0.218156       -0.001909       -0.008935        0.109036        6.059730       -6.867435       -0.264465     -180.952276       -0.654264        0.823705               0        1.395752       -1.402782       -0.458581       -0.048006        1.980473       -0.850250        0.053895        0.000669        0.080441       -0.434941        0.053542        0.109036               0      -10.525621        0.026771       -1.140899       -0.401056        0.109036       -0.533636       -0.607263        0.077090               0               0               0               0               0        0.892507               0       -0.008935       -6.867435        0.053895       -0.654264       -0.434941       -0.458581       -0.001909        0.109036        0.109036
xi_p(-1)                   -0.494042        1.091529        1.236147        0.267339        2.045503      -11.619166       -1.386374      666.066197      -11.186113      -15.073977               0        5.143417       -9.376052       -8.041176       -1.696627       -1.813937       15.628619       -1.126091       -0.068988       -1.680733       -4.454280       -5.519056        0.267339               0       79.749173       -2.759528       -2.972347       -6.938023        0.267339       -7.483605        4.511258       -1.131412               0               0               0               0               0               0        0.573627        1.236147      -11.619166       -1.126091      -11.186113       -4.454280       -8.041176        1.091529        0.267339        0.267339
c_b(-1)                     0.655525        0.031060        0.004677        0.038832       -0.098324       -0.111868        0.004838        7.148678        0.072230        0.071926               0        0.070166        0.561553        0.025199        0.000148        0.087193       -0.171294        0.201749        0.000185        0.301118       -0.022840        0.014795        0.038832               0       -2.620992        0.007397       -0.022601        0.054438        0.038832        0.019941       -0.042543        0.308175               0               0               0               0               0               0               0        0.004677       -0.111868        0.201749        0.072230       -0.022840        0.025199        0.031060        0.038832        0.038832
pi(-1)                     -0.092506        0.485597        0.511207        0.385232        0.584773       -2.015580       -0.193916       81.395329       -1.762832       -2.399809               0        0.704120       -1.442135       -1.380015       -0.260479       -0.518573        2.500333       -0.204095       -0.011694       -0.304620       -0.943351       -0.935485        0.385232               0      -10.801072       -0.467743       -0.762762       -0.893018        0.385232       -1.312117        0.549356       -0.181532               0               0               0               0               0               0               0        0.511207       -2.015580       -0.204095       -1.762832       -0.943351       -1.380015        0.485597        0.385232        0.385232
q_psi(-1)                   0.000449       -0.000896       -0.000632        0.022143       -0.021030       -0.023571       -0.003588       -0.876181       -0.051799       -0.011469               0        0.009704       -0.017325       -0.028940       -0.001777        0.018649        0.012459       -0.002009       -0.000355       -0.002999       -0.038576       -0.028417        0.022143               0       -1.773446       -0.014209       -0.170631       -0.019246        0.022143       -0.044526       -0.126104       -0.000731               0               0               0               0               0               0               0       -0.000632       -1.023571       -0.002009       -0.051799       -0.038576       -0.028940       -0.000896        0.022143        0.022143
c_s(-1)                     0.002864        0.047993        0.016177        0.056715        0.024496       -0.094576        0.007601       -7.368086        0.085994        0.296827               0        0.458785        0.254737        0.024355        0.700182       -0.021723       -0.416578        0.243131        0.000224        0.362883       -0.036805        0.017948        0.056715               0       -2.866715        0.008974       -0.029286        0.069431        0.056715        0.018455       -0.047741        0.372442               0               0               0               0               0               0               0        0.016177       -0.094576        0.243131        0.085994       -0.036805        0.024355        0.047993        0.056715        0.056715
y(-1)                       0.024108       -0.120270        0.007516       -0.097431       -0.093520        0.265475        0.017905      -11.482143        0.177312        0.319225               0       -0.020841        0.094428        0.178593        0.028538        0.082933       -0.330226        0.022335        0.001254        0.033335        0.151549        0.100293       -0.097431               0        8.065732        0.050147        0.038133        0.066715       -0.097431        0.163143       -0.125010        0.026456               0               0               0               0               0               0               0        0.007516        0.265475       -0.977665        0.177312        0.151549        0.178593       -0.120270       -0.097431       -0.097431
epsilon_p                  -0.861259        1.902854        2.154965        0.466050        3.565909      -20.255599       -2.416854     1161.147861      -19.500662      -26.278344               0        8.966477      -16.345196      -14.018118       -2.957716       -3.162221       27.245247       -1.963106       -0.120267       -2.930009       -7.765111       -9.621326        0.466050               0      139.026094       -4.810663       -5.181668      -12.095000        0.466050      -13.046109        7.864441       -1.972381               0               0               0               0               0               0        1.000000        2.154965      -20.255599       -1.963106      -19.500662       -7.765111      -14.018118        1.902854        0.466050        0.466050
epsilon_z                   0.322134        0.016241       -0.005121        0.034264        0.179545        0.866552        0.067253      -42.417519        0.323814        1.031935               0       -0.862464       -1.683835        0.260008        0.158976       -0.159219        0.380073        0.163500        0.002093       -1.248508        0.185635        0.167460        0.034264               0       -2.832932        0.083730        0.149165        0.276485        0.034264        0.247815       -0.098650        0.235660        1.000000               0               0               0               0               0               0       -0.005121        0.866552        0.163500        0.323814        0.185635        0.260008        0.016241        0.034264        0.034264
epsilon_i                  -0.323584        0.766330       -0.186230        0.404106        1.145122       -4.294382       -0.443062      211.024584       -3.332971       -5.287820               0        0.873695       -2.128232       -2.790701       -0.517069       -1.015485        5.465099       -0.359931       -0.021204       -0.537211       -1.901484       -1.696349        0.404106               0      -47.833817       -0.848174       -0.562997       -2.102026        0.404106       -2.545653        1.982657       -0.426131               0               0        1.000000               0               0               0               0       -0.186230       -4.294382       -0.359931       -3.332971       -1.901484       -2.790701        0.766330        0.404106        0.404106
epsilon_d                   0.069282        0.048671        0.046607        0.010734       -0.011346       -0.075721       -0.093154      -48.376594        0.033255        0.794696               0       -0.055552        0.110419        0.715205        0.071352        0.010062       -0.802106        0.015044       -0.006282        0.022454       -0.498354       -0.502581        0.010734               0        3.997827       -0.251291       -0.051476       -0.606011        0.010734       -0.259130        0.207654        0.070379               0        1.000000               0               0               0               0               0        0.046607       -0.075721        0.015044        0.033255       -0.498354        0.715205        0.048671        0.010734        0.010734
epsilon_h                   0.079123        0.057428        0.050049       -2.030038        1.251483        2.846350        0.178535      199.463955        4.574236        1.152651               0       -0.743833        1.015503        1.999191        0.159151       -1.109806       -1.180059        0.055647       -0.004607        0.083055       -0.420648       -0.368563        0.311883               0      -19.275283       -0.184281        0.434273        0.625709        0.311883        1.827050       -1.392777        0.121538               0               0               0               0        1.000000               0               0        0.050049        2.846350        0.055647        4.574236       -0.420648        1.999191        0.057428       -2.030038        0.311883
epsilon_e                   0.207068        0.157133        0.106971        0.669283       -0.507858        1.477612        0.291786     -361.163390        0.286846        3.579621               0        0.203341        0.983851        3.307754        0.283335        0.450365       -3.767781        0.382021        0.051335        0.570180        5.149455        4.106799       -2.263269               0      183.582247        2.053399        0.157995        1.652179        0.669283        2.961281       -2.803285        0.247489               0               0               0        1.000000               0               0               0        0.106971        1.477612        0.382021        0.286846        5.149455        3.307754        0.157133        0.669283       -2.263269
epsilon_nu_h                0.035883        0.030470        0.028664        0.091180       -0.046933        0.139205        0.058537      -40.648970        1.007869        0.467935        1.000000       -0.030269        0.076556        0.372778        0.041809        0.041620       -0.474515        0.013359       -0.002309        0.019939       -0.221516       -0.184725        0.091180               0       -4.050416       -0.092362       -0.000594        0.362637        0.091180        0.331707       -0.332301        0.039024               0               0               0               0               0               0               0        0.028664        0.139205        0.013359        1.007869       -0.221516        0.372778        0.030470        0.091180        0.091180
epsilon_nu_e                0.049301        0.043687        0.039831        0.131006       -0.075899        0.272635        0.108313      -60.592653        0.110115        0.698264               0       -0.047286        0.144984        0.549435        0.062566        0.067307       -0.712481        0.028864       -0.001194        0.043081        0.801475       -0.095537        0.131006        1.000000       -6.023136       -0.047768        0.012419        0.668013        0.131006        0.490363       -0.477944        0.056332               0               0               0               0               0               0               0        0.039831        0.272635        0.028864        0.110115        0.801475        0.549435        0.043687        0.131006        0.131006
epsilon_psi                 0.244430       -0.002138       -0.010011        0.122168        6.789557       -7.694541       -0.296316     -202.745964       -0.733063        0.922911               0        1.563854       -1.571732       -0.513812       -0.053787        2.218999       -0.952653        0.060386        0.000750        0.090129       -0.487324        0.059990        0.122168               0      -11.793315        0.029995       -1.278308       -0.449358        0.122168       -0.597907       -0.680401        0.086375               0               0               0               0               0        1.000000               0       -0.010011       -7.694541        0.060386       -0.733063       -0.487324       -0.513812       -0.002138        0.122168        0.122168


THEORETICAL MOMENTS
VARIABLE             MEAN  STD. DEV.   VARIANCE
c_b                0.0000     0.1136     0.0129
i_d               -0.0000     0.0198     0.0004
pi                -0.0000     0.0095     0.0001
i_h               -0.0000     0.0225     0.0005
psi_b              0.0000     0.1191     0.0142
q_psi             -0.0000     0.1999     0.0400
div               -0.0000     0.0176     0.0003
lambda             0.0000     5.6135    31.5117
l_h               -0.0000     0.1073     0.0115
w                 -0.0000     0.1857     0.0345
nu_h              -0.0000     0.0528     0.0028
h_s                0.0000     0.1028     0.0106
h_b               -0.0000     0.1586     0.0252
d                 -0.0000     0.0760     0.0058
c_s               -0.0000     0.0748     0.0056
psi_s              0.0000     0.0776     0.0060
x                  0.0000     0.0892     0.0080
y                 -0.0000     0.0656     0.0043
k_e                0.0000     0.0317     0.0010
h                 -0.0000     0.1166     0.0136
l_e               -0.0000     0.0843     0.0071
q_k               -0.0000     0.0651     0.0042
i_e               -0.0000     0.0227     0.0005
nu_e               0.0000     0.0435     0.0019
lambda_e           0.0000     1.4740     2.1727
v                 -0.0000     0.0451     0.0020
k_B               -0.0000     0.0881     0.0078
pi_B              -0.0000     0.0884     0.0078
i_l               -0.0000     0.0209     0.0004
l                 -0.0000     0.0841     0.0071
k_BL              -0.0000     0.0352     0.0012
c                 -0.0000     0.0917     0.0084
xi_z               0.0000     0.1346     0.0181
xi_d               0.0000     0.0672     0.0045
xi_i               0.0000     0.0093     0.0001
varepsilon_e       0.0000     0.0040     0.0000
varepsilon_h      -0.0000     0.0043     0.0000
xi_psi             0.0000     0.0196     0.0004
xi_p               0.0000     0.0019     0.0000
pi_obs             0.0059     0.0095     0.0001
q_psi_obs          0.0059     0.0952     0.0091
y_obs              0.0017     0.0109     0.0001
l_h_obs            0.0038     0.0518     0.0027
l_e_obs            0.0025     0.0322     0.0010
d_obs              0.0018     0.0411     0.0017
i_d_obs            0.0456     0.0198     0.0004
i_h_obs            0.0790     0.0225     0.0005
i_e_obs            0.0849     0.0227     0.0005



VARIANCE DECOMPOSITION (in percent)
                   epsilon_p     epsilon_z     epsilon_i     epsilon_d     epsilon_h     epsilon_e  epsilon_nu_h  epsilon_nu_e   epsilon_psi
c_b                     0.13         99.26          0.09          0.26          0.00          0.02          0.05          0.07          0.11
i_d                    27.04          5.66         23.95         24.90          0.14          0.33          7.09          9.20          1.69
pi                     39.00          6.14         10.41         25.32          0.16          0.38          7.28          9.58          1.74
i_h                    19.95          5.41          9.20         34.25         13.84          1.33          6.83          7.23          1.95
psi_b                   6.81          1.12          4.40          1.09          0.20          0.38          0.29          0.52         85.19
q_psi                   6.22         27.57          4.17          3.37          0.31          0.04          0.08          0.08         58.15
div                    10.28         35.66          5.50         29.27          0.16          0.31          1.75          5.09         11.99
lambda                 14.34         44.59         10.55          6.14          2.67          3.15          2.42          4.29         11.84
l_h                    20.31         35.23          8.52         11.37          3.09          0.04         18.93          0.07          2.44
w                      10.54         80.11          6.78          1.00          0.05          0.32          0.32          0.64          0.23
nu_h                    0.00          0.00          0.00          0.00          0.00          0.00        100.00          0.00          0.00
h_s                     7.99         85.91          2.06          0.71          0.07          0.20          0.29          0.58          2.19
h_b                    15.32         77.13          4.77          0.23          0.09          0.33          0.35          0.84          0.95
d                      24.42         36.98         13.41         10.57          1.09          2.54          3.45          6.05          1.48
c_s                     6.73         89.38          2.44          0.65          0.03          0.12          0.21          0.41          0.04
psi_s                  12.63          2.08          8.17          2.02          0.38          0.71          0.53          0.96         72.53
x                      51.72          4.84         32.31          3.68          0.24          1.53          1.51          3.08          1.09
y                       2.32         95.05          0.82          1.61          0.01          0.08          0.03          0.07          0.01
k_e                     3.24         19.59          0.79         71.92          0.02          1.14          2.44          0.41          0.44
h                       1.47         97.65          0.54          0.21          0.01          0.04          0.02          0.06          0.01
l_e                    10.75         13.68          6.41         43.71          0.08          6.06          2.73         16.17          0.41
q_k                    17.38         20.08          7.33         44.85          0.09          6.17          2.77          0.61          0.73
i_e                    19.52          5.29          9.01         33.52          0.53         16.46          6.68          7.08          1.91
nu_e                    0.00          0.00          0.00          0.00          0.00          0.00          0.00        100.00          0.00
lambda_e               16.93          3.14         24.52         21.41          0.48         25.96          3.17          2.86          1.54
v                      10.42         19.84          4.11         58.18          0.05          3.69          2.61          0.51          0.58
k_B                    13.16         23.63          1.00         53.91          0.04          0.13          1.19          4.16          2.79
pi_B                    9.79         31.10          4.80         40.36          0.08          0.43          3.29          8.79          1.36
i_l                    23.01          6.24         10.62         39.51          0.63          1.54          7.87          8.34          2.25
l                      19.03         29.67          9.32         30.89          0.75          1.73          2.56          4.73          1.33
k_BL                   15.27          4.10         25.42         29.80          2.55          6.49          4.28          8.15          3.94
c                       1.06         97.79          0.62          0.39          0.01          0.02          0.04          0.05          0.02
xi_z                    0.00        100.00          0.00          0.00          0.00          0.00          0.00          0.00          0.00
xi_d                    0.00          0.00          0.00        100.00          0.00          0.00          0.00          0.00          0.00
xi_i                    0.00          0.00        100.00          0.00          0.00          0.00          0.00          0.00          0.00
varepsilon_e            0.00          0.00          0.00          0.00          0.00        100.00          0.00          0.00          0.00
varepsilon_h            0.00          0.00          0.00          0.00        100.00          0.00          0.00          0.00          0.00
xi_psi                  0.00          0.00          0.00          0.00          0.00          0.00          0.00          0.00        100.00
xi_p                  100.00          0.00          0.00          0.00          0.00          0.00          0.00          0.00          0.00
pi_obs                 39.00          6.14         10.41         25.32          0.16          0.38          7.28          9.58          1.74
q_psi_obs              11.78         17.23         14.96          0.31          0.88          0.26          0.15          0.39         54.04
y_obs                  10.80         78.83          7.81          0.43          0.05          0.97          0.06          0.25          0.79
l_h_obs                36.75          8.47         30.67          1.15          7.48          0.12         13.33          0.28          1.76
l_e_obs                16.08          6.92         24.16          8.17          0.15         20.74          1.64         19.85          2.29
d_obs                  30.00          8.45         33.01         10.49          2.30          5.45          3.00          5.94          1.34
i_d_obs                27.04          5.66         23.95         24.90          0.14          0.33          7.09          9.20          1.69
i_h_obs                19.95          5.41          9.20         34.25         13.84          1.33          6.83          7.23          1.95
i_e_obs                19.52          5.29          9.01         33.52          0.53         16.46          6.68          7.08          1.91



MATRIX OF CORRELATIONS
Variables                c_b           i_d            pi           i_h         psi_b         q_psi           div        lambda           l_h             w          nu_h           h_s           h_b             d           c_s         psi_s             x             y           k_e             h           l_e           q_k           i_e          nu_e      lambda_e             v           k_B          pi_B           i_l             l          k_BL             c          xi_z          xi_d          xi_i  varepsilon_e  varepsilon_h        xi_psi          xi_p        pi_obs     q_psi_obs         y_obs       l_h_obs       l_e_obs         d_obs       i_d_obs       i_h_obs       i_e_obs
c_b                   1.0000        0.2210        0.2226        0.2229       -0.0155        0.4878        0.5749       -0.5725        0.5872        0.8866       -0.0100       -0.8634       -0.7311        0.6047        0.9385        0.0519        0.0086        0.9738        0.2557       -0.8707        0.3558        0.3707        0.2232       -0.0130       -0.1504        0.4402        0.4674        0.5426        0.2412        0.5334       -0.1048        0.9888        0.9608        0.0099       -0.0279       -0.0020        0.0039        0.0148       -0.0083        0.2226       -0.0245        0.1068        0.0143        0.0140        0.0179        0.2210        0.2229        0.2232
i_d                   0.2210        1.0000        0.6308        0.8728        0.0498       -0.1146       -0.2542       -0.2447       -0.2552       -0.0251        0.2533       -0.0542       -0.4297       -0.0063        0.0849       -0.2891        0.4964        0.0704       -0.2326       -0.3000       -0.4521       -0.5808        0.8493        0.2841       -0.7372       -0.5718       -0.3858       -0.2852        0.9517       -0.3959       -0.0197        0.1655        0.2253        0.4872        0.4643        0.0525        0.0301       -0.1061        0.3688        0.6308       -0.0505       -0.1022       -0.0491       -0.0930       -0.0765        1.0000        0.8728        0.8493
pi                    0.2226        0.6308        1.0000        0.6153       -0.1337       -0.0117       -0.1439       -0.1787       -0.1075        0.0959        0.2661       -0.1003       -0.2247        0.2156        0.1990       -0.0611        0.1454        0.1304       -0.1896       -0.1905       -0.2848       -0.4576        0.5934        0.3038       -0.2617       -0.4550       -0.3150       -0.1853        0.6781       -0.2188       -0.2656        0.2158        0.1879        0.5007       -0.2770        0.0600        0.0364       -0.1167        0.5748        1.0000       -0.1014       -0.1810       -0.1340       -0.1325       -0.1239        0.6308        0.6153        0.5934
i_h                   0.2229        0.8728        0.6153        1.0000        0.0111       -0.0949       -0.2282       -0.4603       -0.2406        0.0697        0.2599       -0.1047       -0.3901        0.1052        0.1082       -0.1689        0.3010        0.0765       -0.2804       -0.2983       -0.4025       -0.4831        0.7660        0.2685       -0.6420       -0.5366       -0.4367       -0.2597        0.8968       -0.3601       -0.2326        0.1767        0.2311        0.5548        0.2652        0.1154       -0.3717       -0.0738        0.2317        0.6153       -0.0112        0.0300        0.0431        0.0768        0.0380        0.8728        1.0000        0.7660
psi_b                -0.0155        0.0498       -0.1337        0.0111        1.0000       -0.7656       -0.3985       -0.1877       -0.2811       -0.1214       -0.0510        0.1694       -0.2294       -0.3576       -0.1581        0.5470        0.2776       -0.0862        0.0287       -0.0675       -0.1459       -0.0274        0.0582       -0.0684       -0.1524        0.0009       -0.2130       -0.1843        0.0333       -0.2419        0.0449       -0.0774       -0.0051       -0.0990        0.1687       -0.0528        0.0449        0.9158        0.1612       -0.1337       -0.1725        0.0726        0.0304        0.0137        0.0370        0.0498        0.0111        0.0582
q_psi                 0.4878       -0.1146       -0.0117       -0.0949       -0.7656        1.0000        0.8040       -0.2442        0.6620        0.5953       -0.0163       -0.6062       -0.2827        0.5624        0.5332       -0.5467       -0.2306        0.5471        0.1679       -0.4639        0.4799        0.4256       -0.0781        0.0029        0.1111        0.4172        0.5730        0.6162       -0.0756        0.6448       -0.1066        0.5150        0.5237       -0.1776       -0.2039        0.0163        0.0553       -0.7625       -0.2344       -0.0117        0.2381        0.2993        0.1864        0.1595        0.1881       -0.1146       -0.0949       -0.0781
div                   0.5749       -0.2542       -0.1439       -0.2282       -0.3985        0.8040        1.0000       -0.3432        0.8604        0.7055        0.1311       -0.6712       -0.2862        0.5807        0.6334       -0.1787       -0.3155        0.6857        0.3533       -0.4965        0.8312        0.6945       -0.2367        0.2246        0.2358        0.7365        0.8912        0.9638       -0.2264        0.9525       -0.0455        0.6091        0.5963       -0.5379       -0.2343        0.0542        0.0393       -0.3461       -0.3064       -0.1439        0.1725        0.3035        0.2062        0.2128        0.2065       -0.2542       -0.2282       -0.2367
lambda               -0.5725       -0.2447       -0.1787       -0.4603       -0.1877       -0.2442       -0.3432        1.0000       -0.4063       -0.7082       -0.1177        0.5921        0.5843       -0.6004       -0.4853       -0.0918        0.2522       -0.5062        0.0263        0.6502       -0.1829       -0.2281       -0.3141       -0.1411        0.2802       -0.1420       -0.0779       -0.3450       -0.4167       -0.3342        0.6037       -0.5436       -0.6265       -0.2221        0.1892       -0.1342        0.1629       -0.1667        0.2430       -0.1787       -0.1087       -0.6283       -0.4570       -0.4404       -0.5421       -0.2447       -0.4603       -0.3141
l_h                   0.5872       -0.2552       -0.1075       -0.2406       -0.2811        0.6620        0.8604       -0.4063        1.0000        0.7707        0.4343       -0.7108       -0.2119        0.7186        0.6865        0.0589       -0.4839        0.6929        0.2765       -0.4675        0.5780        0.5954       -0.1566       -0.0089        0.1654        0.6129        0.7659        0.8425       -0.1748        0.8930       -0.2169        0.6392        0.5887       -0.3186       -0.2916       -0.0084        0.1756       -0.1554       -0.4218       -0.1075        0.1388        0.2904        0.2414        0.1662        0.2388       -0.2552       -0.2406       -0.1566
w                     0.8866       -0.0251        0.0959        0.0697       -0.1214        0.5953        0.7055       -0.7082        0.7707        1.0000        0.0408       -0.9450       -0.5534        0.8544        0.9249        0.1763       -0.3664        0.9192        0.2286       -0.7953        0.5050        0.5159        0.0525        0.0644        0.0100        0.5233        0.5467        0.6674        0.0852        0.7211       -0.3547        0.9168        0.8928        0.0415       -0.2601        0.0498        0.0215        0.0053       -0.3107        0.0959        0.0953        0.3720        0.2014        0.1863        0.2367       -0.0251        0.0697        0.0525
nu_h                 -0.0100        0.2533        0.2661        0.2599       -0.0510       -0.0163        0.1311       -0.1177        0.4343        0.0408        1.0000       -0.0508        0.0574        0.1828        0.0434        0.0695       -0.0975        0.0060       -0.0629        0.0129       -0.1647       -0.1526        0.2571        0.0000       -0.1764       -0.1515        0.1000        0.1809        0.2791        0.1586       -0.1288        0.0129        0.0000        0.0000        0.0000        0.0000        0.0000        0.0000        0.0000        0.2661       -0.0021        0.0023        0.0561       -0.0269        0.0211        0.2533        0.2599        0.2571
h_s                  -0.8634       -0.0542       -0.1003       -0.1047        0.1694       -0.6062       -0.6712        0.5921       -0.7108       -0.9450       -0.0508        1.0000        0.6244       -0.8011       -0.8995       -0.1320        0.1809       -0.8893       -0.1905        0.8664       -0.4591       -0.4609       -0.0998       -0.0718        0.0434       -0.4579       -0.5359       -0.6171       -0.1246       -0.6613        0.2390       -0.8923       -0.9223       -0.0634        0.1253       -0.0289       -0.0257        0.0474        0.2434       -0.1003       -0.1977       -0.4176       -0.1287       -0.1123       -0.1193       -0.0542       -0.1047       -0.0998
h_b                  -0.7311       -0.4297       -0.2247       -0.3901       -0.2294       -0.2827       -0.2862        0.5843       -0.2119       -0.5534        0.0574        0.6244        1.0000       -0.1720       -0.5222        0.2292       -0.5198       -0.6185       -0.1177        0.9311       -0.0774       -0.1277       -0.4000        0.0889        0.3766       -0.1724       -0.1585       -0.2522       -0.4051       -0.1644       -0.0039       -0.6519       -0.8328        0.0108       -0.1917        0.0517        0.0291       -0.0399       -0.3134       -0.2247       -0.0661       -0.4350       -0.1015       -0.0628       -0.0869       -0.4297       -0.3901       -0.4000
d                     0.6047       -0.0063        0.2156        0.1052       -0.3576        0.5624        0.5807       -0.6004        0.7186        0.8544        0.1828       -0.8011       -0.1720        1.0000        0.7606        0.2377       -0.6545        0.6684        0.0281       -0.4842        0.3951        0.3467        0.0673        0.2432        0.0590        0.2636        0.3827        0.5169        0.1626        0.6306       -0.5490        0.6815        0.6053        0.3069       -0.3647        0.1587        0.1042       -0.1196       -0.4500        0.2156        0.1418        0.3151        0.2096        0.1992        0.2702       -0.0063        0.1052        0.0673
c_s                   0.9385        0.0849        0.1990        0.1082       -0.1581        0.5332        0.6334       -0.4853        0.6865        0.9249        0.0434       -0.8995       -0.5222        0.7606        1.0000        0.1902       -0.2212        0.9771        0.2663       -0.7541        0.4446        0.4194        0.0986        0.0626       -0.0019        0.4819        0.5540        0.5997        0.1237        0.6394       -0.1413        0.9795        0.8940        0.0513       -0.1163        0.0295        0.0158       -0.0120       -0.1571        0.1990       -0.0439        0.0397       -0.0383       -0.0291       -0.0343        0.0849        0.1082        0.0986
psi_s                 0.0519       -0.2891       -0.0611       -0.1689        0.5470       -0.5467       -0.1787       -0.0918        0.0589        0.1763        0.0695       -0.1320        0.2292        0.2377        0.1902        1.0000       -0.3942        0.1141       -0.0031        0.0849        0.1138        0.1879       -0.2313        0.0932        0.2592        0.1300        0.0105        0.0085       -0.2105        0.0966       -0.2046        0.1125        0.0070        0.1348       -0.2297        0.0719       -0.0612        0.8371       -0.2196       -0.0611       -0.1237       -0.1010       -0.1135       -0.0426       -0.0999       -0.2891       -0.1689       -0.2313
x                     0.0086        0.4964        0.1454        0.3010        0.2776       -0.2306       -0.3155        0.2522       -0.4839       -0.3664       -0.0975        0.1809       -0.5198       -0.6545       -0.2212       -0.3942        1.0000       -0.1183       -0.0111       -0.2478       -0.3369       -0.3342        0.3339       -0.1466       -0.3613       -0.2428       -0.2229       -0.3144        0.3005       -0.4637        0.5502       -0.0907        0.0863       -0.1248        0.5682       -0.1100       -0.0479       -0.0077        0.6830        0.1454       -0.0487       -0.0952       -0.2645       -0.2712       -0.3505        0.4964        0.3010        0.3339
y                     0.9738        0.0704        0.1304        0.0765       -0.0862        0.5471        0.6857       -0.5062        0.6929        0.9192        0.0060       -0.8893       -0.6185        0.6684        0.9771        0.1141       -0.1183        1.0000        0.3400       -0.8108        0.5024        0.4783        0.0653        0.0245        0.0012        0.5750        0.6195        0.6628        0.0857        0.6750       -0.0624        0.9902        0.9325       -0.0925       -0.0777        0.0262        0.0075       -0.0016       -0.1052        0.1304       -0.0355        0.0828       -0.0114       -0.0058       -0.0043        0.0704        0.0765        0.0653
k_e                   0.2557       -0.2326       -0.1896       -0.2804        0.0287        0.1679        0.3533        0.0263        0.2765        0.2286       -0.0629       -0.1905       -0.1177        0.0281        0.2663       -0.0031       -0.0111        0.3400        1.0000       -0.1643        0.4005        0.0128       -0.2916       -0.0223        0.2596        0.7108        0.4697        0.3926       -0.3025        0.3796        0.2686        0.2642        0.1835       -0.4261       -0.0160        0.0251       -0.0028        0.0173       -0.0223       -0.1896       -0.0202       -0.0670       -0.0279       -0.0468       -0.0124       -0.2326       -0.2804       -0.2916
h                    -0.8707       -0.3000       -0.1905       -0.2983       -0.0675       -0.4639       -0.4965        0.6502       -0.4675       -0.7953        0.0129        0.8664        0.9311       -0.4842       -0.7541        0.0849       -0.2478       -0.8108       -0.1643        1.0000       -0.2640       -0.2969       -0.3024        0.0233        0.2611       -0.3242       -0.3517       -0.4495       -0.3172       -0.4141        0.1091       -0.8336       -0.9633       -0.0227       -0.0640        0.0195        0.0066       -0.0034       -0.0867       -0.1905       -0.1346       -0.4732       -0.1250       -0.0926       -0.1113       -0.3000       -0.2983       -0.3024
l_e                   0.3558       -0.4521       -0.2848       -0.4025       -0.1459        0.4799        0.8312       -0.1829        0.5780        0.5050       -0.1647       -0.4591       -0.0774        0.3951        0.4446        0.1138       -0.3369        0.5024        0.4005       -0.2640        1.0000        0.7802       -0.5380        0.4020        0.5251        0.8299        0.8661        0.8856       -0.4451        0.8834        0.0570        0.3997        0.3685       -0.6549       -0.2471        0.2462       -0.0269       -0.0407       -0.2681       -0.2848        0.0914        0.2013        0.0834        0.1907        0.1237       -0.4521       -0.4025       -0.5380
q_k                   0.3707       -0.5808       -0.4576       -0.4831       -0.0274        0.4256        0.6945       -0.2281        0.5954        0.5159       -0.1526       -0.4609       -0.1277        0.3467        0.4194        0.1879       -0.3342        0.4783        0.0128       -0.2969        0.7802        1.0000       -0.6168       -0.0729        0.5373        0.7124        0.7154        0.7289       -0.5324        0.7722       -0.0547        0.3975        0.4064       -0.5778       -0.2651        0.2430       -0.0285        0.0723       -0.3701       -0.4576        0.1070        0.2836        0.1475        0.2253        0.1584       -0.5808       -0.4831       -0.6168
i_e                   0.2232        0.8493        0.5934        0.7660        0.0582       -0.0781       -0.2367       -0.3141       -0.1566        0.0525        0.2571       -0.0998       -0.4000        0.0673        0.0986       -0.2313        0.3339        0.0653       -0.2916       -0.3024       -0.5380       -0.6168        1.0000        0.2656       -0.9295       -0.6385       -0.4386       -0.2784        0.8566       -0.3866       -0.1741        0.1727        0.2287        0.5488        0.2623       -0.4057        0.0713       -0.0730        0.2292        0.5934       -0.0023        0.0143        0.0866       -0.0158        0.0216        0.8493        0.7660        1.0000
nu_e                 -0.0130        0.2841        0.3038        0.2685       -0.0684        0.0029        0.2246       -0.1411       -0.0089        0.0644        0.0000       -0.0718        0.0889        0.2432        0.0626        0.0932       -0.1466        0.0245       -0.0223        0.0233        0.4020       -0.0729        0.2656        1.0000       -0.1687       -0.0669        0.1812        0.2961        0.2883        0.2166       -0.0639        0.0195        0.0000        0.0000        0.0000        0.0000        0.0000        0.0000        0.0000        0.3038        0.0005        0.0124       -0.0016        0.0886        0.0379        0.2841        0.2685        0.2656
lambda_e             -0.1504       -0.7372       -0.2617       -0.6420       -0.1524        0.1111        0.2358        0.2802        0.1654        0.0100       -0.1764        0.0434        0.3766        0.0590       -0.0019        0.2592       -0.3613        0.0012        0.2596        0.2611        0.5251        0.5373       -0.9295       -0.1687        1.0000        0.5601        0.3989        0.2624       -0.7215        0.3845        0.0794       -0.0884       -0.1699       -0.4094       -0.4448        0.5094       -0.0674        0.0248       -0.0208       -0.2617       -0.0414       -0.0868       -0.1693       -0.0397       -0.0776       -0.7372       -0.6420       -0.9295
v                     0.4402       -0.5718       -0.4550       -0.5366        0.0009        0.4172        0.7365       -0.1420        0.6129        0.5233       -0.1515       -0.4579       -0.1724        0.2636        0.4819        0.1300       -0.2428        0.5750        0.7108       -0.3242        0.8299        0.7124       -0.6385       -0.0669        0.5601        1.0000        0.8329        0.7883       -0.5868        0.8096        0.1500        0.4650        0.4146       -0.7054       -0.1977        0.1885       -0.0220        0.0630       -0.2760       -0.4550        0.0611        0.1525        0.0842        0.1256        0.1027       -0.5718       -0.5366       -0.6385
k_B                   0.4674       -0.3858       -0.3150       -0.4367       -0.2130        0.5730        0.8912       -0.0779        0.7659        0.5467        0.1000       -0.5359       -0.1585        0.3827        0.5540        0.0105       -0.2229        0.6195        0.4697       -0.3517        0.8661        0.7154       -0.4386        0.1812        0.3989        0.8329        1.0000        0.9232       -0.4602        0.9175        0.3106        0.5121        0.4710       -0.6953       -0.0892        0.0283        0.0184       -0.1341       -0.2423       -0.3150        0.0591        0.0902       -0.0033       -0.0186        0.0177       -0.3858       -0.4367       -0.4386
pi_B                  0.5426       -0.2852       -0.1853       -0.2597       -0.1843        0.6162        0.9638       -0.3450        0.8425        0.6674        0.1809       -0.6171       -0.2522        0.5169        0.5997        0.0085       -0.3144        0.6628        0.3926       -0.4495        0.8856        0.7289       -0.2784        0.2961        0.2624        0.7883        0.9232        1.0000       -0.2659        0.9722       -0.0124        0.5756        0.5549       -0.6328       -0.2189        0.0644        0.0272       -0.1164       -0.3007       -0.1853        0.1217        0.2678        0.1895        0.2103        0.1892       -0.2852       -0.2597       -0.2784
i_l                   0.2412        0.9517        0.6781        0.8968        0.0333       -0.0756       -0.2264       -0.4167       -0.1748        0.0852        0.2791       -0.1246       -0.4051        0.1626        0.1237       -0.2105        0.3005        0.0857       -0.3025       -0.3172       -0.4451       -0.5324        0.8566        0.2883       -0.7215       -0.5868       -0.4602       -0.2659        1.0000       -0.3458       -0.3257        0.1941        0.2482        0.5958        0.2848        0.1240        0.0774       -0.0792        0.2488        0.6781        0.0024        0.0379        0.0915        0.0737        0.0648        0.9517        0.8968        0.8566
l                     0.5334       -0.3959       -0.2188       -0.3601       -0.2419        0.6448        0.9525       -0.3342        0.8930        0.7211        0.1586       -0.6613       -0.1644        0.6306        0.6394        0.0966       -0.4637        0.6750        0.3796       -0.4141        0.8834        0.7722       -0.3866        0.2166        0.3845        0.8096        0.9175        0.9722       -0.3458        1.0000       -0.0931        0.5875        0.5413       -0.5441       -0.3037        0.1309        0.0860       -0.1117       -0.3901       -0.2188        0.1302        0.2778        0.1846        0.2006        0.2054       -0.3959       -0.3601       -0.3866
k_BL                 -0.1048       -0.0197       -0.2656       -0.2326        0.0449       -0.1066       -0.0455        0.6037       -0.2169       -0.3547       -0.1288        0.2390       -0.0039       -0.5490       -0.1413       -0.2046        0.5502       -0.0624        0.2686        0.1091        0.0570       -0.0547       -0.1741       -0.0639        0.0794        0.1500        0.3106       -0.0124       -0.3257       -0.0931        1.0000       -0.1222       -0.1147       -0.4401        0.5025       -0.2421       -0.1593       -0.0688        0.3256       -0.2656       -0.1631       -0.4381       -0.4495       -0.5262       -0.4465       -0.0197       -0.2326       -0.1741
c                     0.9888        0.1655        0.2158        0.1767       -0.0774        0.5150        0.6091       -0.5436        0.6392        0.9168        0.0129       -0.8923       -0.6519        0.6815        0.9795        0.1125       -0.0907        0.9902        0.2642       -0.8336        0.3997        0.3975        0.1727        0.0195       -0.0884        0.4650        0.5121        0.5756        0.1941        0.5875       -0.1222        1.0000        0.9467        0.0279       -0.0666        0.0116        0.0091        0.0034       -0.0728        0.2158       -0.0332        0.0794       -0.0082       -0.0044       -0.0044        0.1655        0.1767        0.1727
xi_z                  0.9608        0.2253        0.1879        0.2311       -0.0051        0.5237        0.5963       -0.6265        0.5887        0.8928        0.0000       -0.9223       -0.8328        0.6053        0.8940        0.0070        0.0863        0.9325        0.1835       -0.9633        0.3685        0.4064        0.2287        0.0000       -0.1699        0.4146        0.4710        0.5549        0.2482        0.5413       -0.1147        0.9467        1.0000        0.0000        0.0000        0.0000        0.0000        0.0000        0.0000        0.1879        0.0626        0.3207        0.0694        0.0550        0.0638        0.2253        0.2311        0.2287
xi_d                  0.0099        0.4872        0.5007        0.5548       -0.0990       -0.1776       -0.5379       -0.2221       -0.3186        0.0415        0.0000       -0.0634        0.0108        0.3069        0.0513        0.1348       -0.1248       -0.0925       -0.4261       -0.0227       -0.6549       -0.5778        0.5488        0.0000       -0.4094       -0.7054       -0.6953       -0.6328        0.5958       -0.5441       -0.4401        0.0279        0.0000        1.0000        0.0000        0.0000        0.0000        0.0000        0.0000        0.5007       -0.0130       -0.0195       -0.0230       -0.0598        0.0198        0.4872        0.5548        0.5488
xi_i                 -0.0279        0.4643       -0.2770        0.2652        0.1687       -0.2039       -0.2343        0.1892       -0.2916       -0.2601        0.0000        0.1253       -0.1917       -0.3647       -0.1163       -0.2297        0.5682       -0.0777       -0.0160       -0.0640       -0.2471       -0.2651        0.2623        0.0000       -0.4448       -0.1977       -0.0892       -0.2189        0.2848       -0.3037        0.5025       -0.0666        0.0000        0.0000        1.0000        0.0000        0.0000        0.0000        0.0000       -0.2770       -0.1821       -0.1996       -0.2570       -0.2755       -0.2871        0.4643        0.2652        0.2623
varepsilon_e         -0.0020        0.0525        0.0600        0.1154       -0.0528        0.0163        0.0542       -0.1342       -0.0084        0.0498        0.0000       -0.0289        0.0517        0.1587        0.0295        0.0719       -0.1100        0.0262        0.0251        0.0195        0.2462        0.2430       -0.4057        0.0000        0.5094        0.1885        0.0283        0.0644        0.1240        0.1309       -0.2421        0.0116        0.0000        0.0000        0.0000        1.0000        0.0000        0.0000        0.0000        0.0600        0.0086        0.0395       -0.0043        0.1608        0.0732        0.0525        0.1154       -0.4057
varepsilon_h          0.0039        0.0301        0.0364       -0.3717        0.0449        0.0553        0.0393        0.1629        0.1756        0.0215        0.0000       -0.0257        0.0291        0.1042        0.0158       -0.0612       -0.0479        0.0075       -0.0028        0.0066       -0.0269       -0.0285        0.0713        0.0000       -0.0674       -0.0220        0.0184        0.0272        0.0774        0.0860       -0.1593        0.0091        0.0000        0.0000        0.0000        0.0000        1.0000        0.0000        0.0000        0.0364        0.0303        0.0118        0.0949       -0.0184        0.0503        0.0301       -0.3717        0.0713
xi_psi                0.0148       -0.1061       -0.1167       -0.0738        0.9158       -0.7625       -0.3461       -0.1667       -0.1554        0.0053        0.0000        0.0474       -0.0399       -0.1196       -0.0120        0.8371       -0.0077       -0.0016        0.0173       -0.0034       -0.0407        0.0723       -0.0730        0.0000        0.0248        0.0630       -0.1341       -0.1164       -0.0792       -0.1117       -0.0688        0.0034        0.0000        0.0000        0.0000        0.0000        0.0000        1.0000        0.0000       -0.1167       -0.1721       -0.0010       -0.0346       -0.0115       -0.0238       -0.1061       -0.0738       -0.0730
xi_p                 -0.0083        0.3688        0.5748        0.2317        0.1612       -0.2344       -0.3064        0.2430       -0.4218       -0.3107        0.0000        0.2434       -0.3134       -0.4500       -0.1571       -0.2196        0.6830       -0.1052       -0.0223       -0.0867       -0.2681       -0.3701        0.2292        0.0000       -0.0208       -0.2760       -0.2423       -0.3007        0.2488       -0.3901        0.3256       -0.0728        0.0000        0.0000        0.0000        0.0000        0.0000        0.0000        1.0000        0.5748       -0.2099       -0.2710       -0.3725       -0.2997       -0.3551        0.3688        0.2317        0.2292
pi_obs                0.2226        0.6308        1.0000        0.6153       -0.1337       -0.0117       -0.1439       -0.1787       -0.1075        0.0959        0.2661       -0.1003       -0.2247        0.2156        0.1990       -0.0611        0.1454        0.1304       -0.1896       -0.1905       -0.2848       -0.4576        0.5934        0.3038       -0.2617       -0.4550       -0.3150       -0.1853        0.6781       -0.2188       -0.2656        0.2158        0.1879        0.5007       -0.2770        0.0600        0.0364       -0.1167        0.5748        1.0000       -0.1014       -0.1810       -0.1340       -0.1325       -0.1239        0.6308        0.6153        0.5934
q_psi_obs            -0.0245       -0.0505       -0.1014       -0.0112       -0.1725        0.2381        0.1725       -0.1087        0.1388        0.0953       -0.0021       -0.1977       -0.0661        0.1418       -0.0439       -0.1237       -0.0487       -0.0355       -0.0202       -0.1346        0.0914        0.1070       -0.0023        0.0005       -0.0414        0.0611        0.0591        0.1217        0.0024        0.1302       -0.1631       -0.0332        0.0626       -0.0130       -0.1821        0.0086        0.0303       -0.1721       -0.2099       -0.1014        1.0000        0.4140        0.6790        0.5745        0.6575       -0.0505       -0.0112       -0.0023
y_obs                 0.1068       -0.1022       -0.1810        0.0300        0.0726        0.2993        0.3035       -0.6283        0.2904        0.3720        0.0023       -0.4176       -0.4350        0.3151        0.0397       -0.1010       -0.0952        0.0828       -0.0670       -0.4732        0.2013        0.2836        0.0143        0.0124       -0.0868        0.1525        0.0902        0.2678        0.0379        0.2778       -0.4381        0.0794        0.3207       -0.0195       -0.1996        0.0395        0.0118       -0.0010       -0.2710       -0.1810        0.4140        1.0000        0.5329        0.4927        0.5572       -0.1022        0.0300        0.0143
l_h_obs               0.0143       -0.0491       -0.1340        0.0431        0.0304        0.1864        0.2062       -0.4570        0.2414        0.2014        0.0561       -0.1287       -0.1015        0.2096       -0.0383       -0.1135       -0.2645       -0.0114       -0.0279       -0.1250        0.0834        0.1475        0.0866       -0.0016       -0.1693        0.0842       -0.0033        0.1895        0.0915        0.1846       -0.4495       -0.0082        0.0694       -0.0230       -0.2570       -0.0043        0.0949       -0.0346       -0.3725       -0.1340        0.6790        0.5329        1.0000        0.5630        0.8826       -0.0491        0.0431        0.0866
l_e_obs               0.0140       -0.0930       -0.1325        0.0768        0.0137        0.1595        0.2128       -0.4404        0.1662        0.1863       -0.0269       -0.1123       -0.0628        0.1992       -0.0291       -0.0426       -0.2712       -0.0058       -0.0468       -0.0926        0.1907        0.2253       -0.0158        0.0886       -0.0397        0.1256       -0.0186        0.2103        0.0737        0.2006       -0.5262       -0.0044        0.0550       -0.0598       -0.2755        0.1608       -0.0184       -0.0115       -0.2997       -0.1325        0.5745        0.4927        0.5630        1.0000        0.6928       -0.0930        0.0768       -0.0158
d_obs                 0.0179       -0.0765       -0.1239        0.0380        0.0370        0.1881        0.2065       -0.5421        0.2388        0.2367        0.0211       -0.1193       -0.0869        0.2702       -0.0343       -0.0999       -0.3505       -0.0043       -0.0124       -0.1113        0.1237        0.1584        0.0216        0.0379       -0.0776        0.1027        0.0177        0.1892        0.0648        0.2054       -0.4465       -0.0044        0.0638        0.0198       -0.2871        0.0732        0.0503       -0.0238       -0.3551       -0.1239        0.6575        0.5572        0.8826        0.6928        1.0000       -0.0765        0.0380        0.0216
i_d_obs               0.2210        1.0000        0.6308        0.8728        0.0498       -0.1146       -0.2542       -0.2447       -0.2552       -0.0251        0.2533       -0.0542       -0.4297       -0.0063        0.0849       -0.2891        0.4964        0.0704       -0.2326       -0.3000       -0.4521       -0.5808        0.8493        0.2841       -0.7372       -0.5718       -0.3858       -0.2852        0.9517       -0.3959       -0.0197        0.1655        0.2253        0.4872        0.4643        0.0525        0.0301       -0.1061        0.3688        0.6308       -0.0505       -0.1022       -0.0491       -0.0930       -0.0765        1.0000        0.8728        0.8493
i_h_obs               0.2229        0.8728        0.6153        1.0000        0.0111       -0.0949       -0.2282       -0.4603       -0.2406        0.0697        0.2599       -0.1047       -0.3901        0.1052        0.1082       -0.1689        0.3010        0.0765       -0.2804       -0.2983       -0.4025       -0.4831        0.7660        0.2685       -0.6420       -0.5366       -0.4367       -0.2597        0.8968       -0.3601       -0.2326        0.1767        0.2311        0.5548        0.2652        0.1154       -0.3717       -0.0738        0.2317        0.6153       -0.0112        0.0300        0.0431        0.0768        0.0380        0.8728        1.0000        0.7660
i_e_obs               0.2232        0.8493        0.5934        0.7660        0.0582       -0.0781       -0.2367       -0.3141       -0.1566        0.0525        0.2571       -0.0998       -0.4000        0.0673        0.0986       -0.2313        0.3339        0.0653       -0.2916       -0.3024       -0.5380       -0.6168        1.0000        0.2656       -0.9295       -0.6385       -0.4386       -0.2784        0.8566       -0.3866       -0.1741        0.1727        0.2287        0.5488        0.2623       -0.4057        0.0713       -0.0730        0.2292        0.5934       -0.0023        0.0143        0.0866       -0.0158        0.0216        0.8493        0.7660        1.0000



COEFFICIENTS OF AUTOCORRELATION
Order                1       2       3       4       5
c_b             0.9862  0.9566  0.9187  0.8769  0.8339
i_d             0.9209  0.7971  0.6775  0.5782  0.5013
pi              0.9034  0.7641  0.6380  0.5396  0.4674
i_h             0.9112  0.8032  0.7026  0.6184  0.5514
psi_b           0.8451  0.7194  0.6157  0.5304  0.4602
q_psi           0.8866  0.7853  0.6980  0.6237  0.5604
div             0.9097  0.8306  0.7630  0.7055  0.6564
lambda          0.6005  0.4026  0.3035  0.2537  0.2280
l_h             0.8835  0.7826  0.6985  0.6297  0.5737
w               0.8991  0.8184  0.7519  0.6961  0.6482
nu_h            0.9377  0.8792  0.8244  0.7730  0.7248
h_s             0.8958  0.8090  0.7344  0.6709  0.6170
h_b             0.8458  0.7106  0.6014  0.5168  0.4525
d               0.8540  0.7284  0.6259  0.5449  0.4817
c_s             0.9859  0.9545  0.9134  0.8677  0.8209
psi_s           0.9356  0.8287  0.7191  0.6209  0.5372
x               0.6590  0.4409  0.2949  0.1972  0.1324
y               0.9863  0.9568  0.9190  0.8774  0.8347
k_e             0.9997  0.9987  0.9973  0.9953  0.9929
h               0.8737  0.7776  0.7020  0.6413  0.5912
l_e             0.9272  0.8505  0.7795  0.7173  0.6641
q_k             0.9119  0.8214  0.7383  0.6660  0.6045
i_e             0.9141  0.8063  0.7050  0.6198  0.5515
nu_e            0.9159  0.8389  0.7683  0.7037  0.6445
lambda_e        0.8388  0.6700  0.5324  0.4309  0.3592
v               0.9551  0.9087  0.8659  0.8282  0.7958
k_B             0.9712  0.9250  0.8729  0.8213  0.7734
pi_B            0.9211  0.8527  0.7938  0.7430  0.6987
i_l             0.9416  0.8486  0.7548  0.6736  0.6075
l               0.9066  0.8159  0.7358  0.6684  0.6128
k_BL            0.6521  0.4541  0.3414  0.2778  0.2418
c               0.9870  0.9588  0.9222  0.8814  0.8392
xi_z            0.9431  0.8894  0.8387  0.7910  0.7459
xi_d            0.9652  0.9315  0.8991  0.8677  0.8375
xi_i            0.5746  0.3301  0.1897  0.1090  0.0626
varepsilon_e    0.7508  0.5637  0.4232  0.3178  0.2386
varepsilon_h    0.7391  0.5462  0.4037  0.2983  0.2205
xi_psi          0.8925  0.7966  0.7109  0.6345  0.5663
xi_p            0.5736  0.3290  0.1888  0.1083  0.0621
pi_obs          0.9034  0.7641  0.6380  0.5396  0.4674
q_psi_obs      -0.0534 -0.0617 -0.0573 -0.0485 -0.0395
y_obs           0.5742  0.3054  0.1388  0.0402 -0.0159
l_h_obs        -0.0669 -0.0721 -0.0660 -0.0547 -0.0427
l_e_obs         0.0271 -0.0388 -0.0609 -0.0622 -0.0546
d_obs          -0.0697 -0.0792 -0.0736 -0.0611 -0.0475
i_d_obs         0.9209  0.7971  0.6775  0.5782  0.5013
i_h_obs         0.9112  0.8032  0.7026  0.6184  0.5514
i_e_obs         0.9141  0.8063  0.7050  0.6198  0.5515
Total computing time : 0h00m01s
