Starting Dynare (version 4.4.3).
Starting preprocessing of the model file ...
Found 71 equation(s).
Evaluating expressions...done
Computing static model derivatives:
 - order 1
Computing dynamic model derivatives:
 - order 1
Processing outputs ...done
Preprocessing completed.
Starting MATLAB/Octave computing.

MODEL SUMMARY

  Number of variables:         71
  Number of stochastic shocks: 3
  Number of state variables:   26
  Number of jumpers:           14
  Number of static variables:  39


MATRIX OF COVARIANCE OF EXOGENOUS SHOCKS

Variables      e_i       e_a       e_g   
e_i          0.025600  0.000000  0.000000
e_a          0.000000  1.440000  0.000000
e_g          0.000000  0.000000  1.000000

POLICY AND TRANSITION FUNCTIONS
                        Y                 Y_fe              outputgap         
K(-1)                      -0.535367               0       -0.535367
R(-1)                      -1.577639               0       -1.577639
a(-1)                       0.285756        0.400484       -0.114728
Q(-1)                      -0.851735               0       -0.851735
N(-1)                       0.536846               0        0.536846
phi_e(-1)                   0.202135               0        0.202135
omega_bar_prime(-1)        -0.087056               0       -0.087056
g(-1)                       0.191119        0.170193        0.020926
Nb(-1)                      0.028579               0        0.028579
K_fe(-1)                           0       -0.395652        0.395652
R_fe(-1)                           0       -0.827191        0.827191
Q_fe(-1)                           0       -0.722776        0.722776
N_fe(-1)                           0        0.454729       -0.454729
phi_e_fe(-1)                       0        0.166228       -0.166228
omega_bar_prime_fe(-1)               0       -0.071669        0.071669
Nb_fe(-1)                          0        0.024633       -0.024633
I(-1)                       0.113983               0        0.113983
C(-1)                       0.300190               0        0.300190
phi_b(-1)                   0.000114               0        0.000114
I_fe(-1)                           0        0.089744       -0.089744
C_fe(-1)                           0        0.248550       -0.248550
phi_b_fe(-1)                       0        0.000098       -0.000098
e_i                        -1.706310               0       -1.706310
e_a                        -0.317507       -0.444982        0.127475
e_g                        -0.212355       -0.189103       -0.023252


THEORETICAL MOMENTS

VARIABLE       MEAN    STD. DEV.   VARIANCE 
Y               0.0000     2.0685     4.2785
Y_fe            0.0000     2.1121     4.4610
outputgap       0.0000     0.7080     0.5013



VARIANCE DECOMPOSITION (in percent)

             e_i    e_a    e_g  
Y            10.45  84.87   4.67
Y_fe          0.00  96.29   3.71
outputgap    89.22  10.43   0.34



MATRIX OF CORRELATIONS

Variables       Y         Y_fe    outputgap 
Y               1.0000     0.9428     0.1088
Y_fe            0.9428     1.0000    -0.2286
outputgap       0.1088    -0.2286     1.0000



COEFFICIENTS OF AUTOCORRELATION

Order          1       2       3       4       5   
Y            0.9628  0.9051  0.8381  0.7686  0.7007
Y_fe         0.9598  0.9014  0.8358  0.7692  0.7047
outputgap    0.8929  0.7778  0.6722  0.5806  0.5026
Total computing time : 0h00m05s
Note: warning(s) encountered in MATLAB/Octave code
