Starting Dynare (version 4.5.7).
Starting preprocessing of the model file ...
WARNING: simple_model.mod:9.12-10.72: Symbol G_ss declared twice.
Found 16 equation(s).
Evaluating expressions...done
Computing static model derivatives:
 - order 1
Computing dynamic model derivatives:
 - order 1
Processing outputs ...
done
Preprocessing completed.

STEADY-STATE RESULTS:

C        		 -1.32509
C_m      		 -1.10866
C_n      		 -1.66073
W        		 -0.0953102
h_m      		 -1.10866
h_n      		 -1.66073
r        		 -0.98995
lambda   		 1.11326
infl     		 0
inflstar 		 0
x_1      		 0.248073
x_2      		 0.248073
RMC      		 -0.0953102
g        		 0
Y        		 -1.10866
D        		 0




Residuals of the static equations:

Equation number 1 : 0
Equation number 2 : 0
Equation number 3 : 0
Equation number 4 : 0
Equation number 5 : 0
Equation number 6 : 0
Equation number 7 : 0
Equation number 8 : 0
Equation number 9 : 0
Equation number 10 : 0
Equation number 11 : 0
Equation number 12 : 0
Equation number 13 : 0
Equation number 14 : 0
Equation number 15 : 0
Equation number 16 : 0



MODEL SUMMARY

  Number of variables:         16
  Number of stochastic shocks: 1
  Number of state variables:   2
  Number of jumpers:           4
  Number of static variables:  10


MATRIX OF COVARIANCE OF EXOGENOUS SHOCKS
Variables         e_g
e_g          0.108900

POLICY AND TRANSITION FUNCTIONS
                                   C             C_m             C_n               W             h_m             h_n               r          lambda            infl        inflstar             x_1             x_2             RMC               g               Y               D
Constant                   -1.325087       -1.108663       -1.660731       -0.095310       -1.108663       -1.660731       -0.989950        1.113258               0               0        0.248073        0.248073       -0.095310               0       -1.108663               0
g(-1)                      -0.538311        0.459497       -2.444652        0.726037        2.883740       -2.444652        0.449410        1.048624        0.299607        0.898820        6.727654        5.828834        0.726037        0.800000        2.883740               0
D(-1)                      -0.146095        0.240557       -0.884805        0.281341        0.990557       -0.884805        0.140670        0.281341        0.093780        0.281341        1.481811        1.200470        0.281341               0        0.240557        0.750000
e_g                        -0.672889        0.574372       -3.055815        0.907547        3.604675       -3.055815        0.561763        1.310779        0.374508        1.123525        8.409567        7.286042        0.907547        1.000000        3.604675               0


THEORETICAL MOMENTS
VARIABLE         MEAN  STD. DEV.   VARIANCE
C             -1.3251     0.3701     0.1370
C_m           -1.1087     0.3159     0.0998
C_n           -1.6607     1.6807     2.8247
W             -0.0953     0.4992     0.2492
h_m           -1.1087     1.9826     3.9306
h_n           -1.6607     1.6807     2.8247
r             -0.9899     0.3090     0.0955
lambda         1.1133     0.7209     0.5197
infl           0.0000     0.2060     0.0424
inflstar       0.0000     0.6179     0.3818
x_1            0.2481     4.6253    21.3930
x_2            0.2481     4.0073    16.0586
RMC           -0.0953     0.4992     0.2492
g              0.0000     0.5500     0.3025
Y             -1.1087     1.9826     3.9306
D              0.0000     0.0000     0.0000



MATRIX OF CORRELATIONS
Variables           C       C_m       C_n         W       h_m       h_n         r    lambda      infl  inflstar       x_1       x_2       RMC         g         Y
C              1.0000   -1.0000    1.0000   -1.0000   -1.0000    1.0000   -1.0000   -1.0000   -1.0000   -1.0000   -1.0000   -1.0000   -1.0000   -1.0000   -1.0000
C_m           -1.0000    1.0000   -1.0000    1.0000    1.0000   -1.0000    1.0000    1.0000    1.0000    1.0000    1.0000    1.0000    1.0000    1.0000    1.0000
C_n            1.0000   -1.0000    1.0000   -1.0000   -1.0000    1.0000   -1.0000   -1.0000   -1.0000   -1.0000   -1.0000   -1.0000   -1.0000   -1.0000   -1.0000
W             -1.0000    1.0000   -1.0000    1.0000    1.0000   -1.0000    1.0000    1.0000    1.0000    1.0000    1.0000    1.0000    1.0000    1.0000    1.0000
h_m           -1.0000    1.0000   -1.0000    1.0000    1.0000   -1.0000    1.0000    1.0000    1.0000    1.0000    1.0000    1.0000    1.0000    1.0000    1.0000
h_n            1.0000   -1.0000    1.0000   -1.0000   -1.0000    1.0000   -1.0000   -1.0000   -1.0000   -1.0000   -1.0000   -1.0000   -1.0000   -1.0000   -1.0000
r             -1.0000    1.0000   -1.0000    1.0000    1.0000   -1.0000    1.0000    1.0000    1.0000    1.0000    1.0000    1.0000    1.0000    1.0000    1.0000
lambda        -1.0000    1.0000   -1.0000    1.0000    1.0000   -1.0000    1.0000    1.0000    1.0000    1.0000    1.0000    1.0000    1.0000    1.0000    1.0000
infl          -1.0000    1.0000   -1.0000    1.0000    1.0000   -1.0000    1.0000    1.0000    1.0000    1.0000    1.0000    1.0000    1.0000    1.0000    1.0000
inflstar      -1.0000    1.0000   -1.0000    1.0000    1.0000   -1.0000    1.0000    1.0000    1.0000    1.0000    1.0000    1.0000    1.0000    1.0000    1.0000
x_1           -1.0000    1.0000   -1.0000    1.0000    1.0000   -1.0000    1.0000    1.0000    1.0000    1.0000    1.0000    1.0000    1.0000    1.0000    1.0000
x_2           -1.0000    1.0000   -1.0000    1.0000    1.0000   -1.0000    1.0000    1.0000    1.0000    1.0000    1.0000    1.0000    1.0000    1.0000    1.0000
RMC           -1.0000    1.0000   -1.0000    1.0000    1.0000   -1.0000    1.0000    1.0000    1.0000    1.0000    1.0000    1.0000    1.0000    1.0000    1.0000
g             -1.0000    1.0000   -1.0000    1.0000    1.0000   -1.0000    1.0000    1.0000    1.0000    1.0000    1.0000    1.0000    1.0000    1.0000    1.0000
Y             -1.0000    1.0000   -1.0000    1.0000    1.0000   -1.0000    1.0000    1.0000    1.0000    1.0000    1.0000    1.0000    1.0000    1.0000    1.0000



COEFFICIENTS OF AUTOCORRELATION
Order            1       2       3       4       5
C           0.8000  0.6400  0.5120  0.4096  0.3277
C_m         0.8000  0.6400  0.5120  0.4096  0.3277
C_n         0.8000  0.6400  0.5120  0.4096  0.3277
W           0.8000  0.6400  0.5120  0.4096  0.3277
h_m         0.8000  0.6400  0.5120  0.4096  0.3277
h_n         0.8000  0.6400  0.5120  0.4096  0.3277
r           0.8000  0.6400  0.5120  0.4096  0.3277
lambda      0.8000  0.6400  0.5120  0.4096  0.3277
infl        0.8000  0.6400  0.5120  0.4096  0.3277
inflstar    0.8000  0.6400  0.5120  0.4096  0.3277
x_1         0.8000  0.6400  0.5120  0.4096  0.3277
x_2         0.8000  0.6400  0.5120  0.4096  0.3277
RMC         0.8000  0.6400  0.5120  0.4096  0.3277
g           0.8000  0.6400  0.5120  0.4096  0.3277
Y           0.8000  0.6400  0.5120  0.4096  0.3277
Total computing time : 0h00m00s
Note: 1 warning(s) encountered in the preprocessor
