Starting Dynare (version 4.5.7).
Starting preprocessing of the model file ...
Found 60 equation(s).
Evaluating expressions...done
Computing static model derivatives:
 - order 1
Computing dynamic model derivatives:
 - order 1
 - order 2
Processing outputs ...
done
Preprocessing completed.

STEADY-STATE RESULTS:

y       		 -2.5152e-17
i       		 -4.53593e-17
ext_pr  		 -1.75377e-34
c       		 -7.48716e-17
lev     		 3.9443e-31
q       		 0
Lambda  		 0
l       		 2.26605e-16
d       		 3.89523e-31
v       		 3.2828e-31
rk      		 -1.75377e-34
x       		 5.32386e-33
z       		 5.32386e-33
nn      		 -5.78586e-16
mu      		 7.48716e-17
n       		 -5.78586e-16
ne      		 -5.78586e-16
k       		 -5.78586e-16
u       		 7.53022e-17
w       		 -3.86847e-16
r       		 0
zk      		 3.43043e-16
rn      		 0
pi      		 0
yf      		 -1.36292e-16
i_f     		 1.76831e-17
ext_prf 		 8.30005e-35
cf      		 -2.98852e-16
levf    		 2.95823e-31
qf      		 0
Lambdaf 		 0
lf      		 7.17628e-17
df      		 2.90863e-31
vf      		 3.31807e-31
rkf     		 8.30005e-35
xf      		 4.38603e-33
zf      		 4.38603e-33
nnf     		 -5.15544e-16
muf     		 2.98852e-16
nf      		 -5.15544e-16
nef     		 -5.15544e-16
kf      		 -5.15544e-16
uf      		 7.53022e-17
wf      		 -1.68962e-16
rf      		 0
zkf     		 3.43043e-16
a       		 0
g       		 0
eps_p   		 1.58161e-18
eps_w   		 -2.03622e-18
eps_k   		 -1.36725e-17
eps_r   		 0
eps_x   		 0
hobsgm  		 2.26605e-16
robs    		 1.0101
piobs   		 0.64
dy      		 0.32
dc      		 0.32
dfi     		 0.32
dw      		 0.32

EIGENVALUES:
         Modulus             Real        Imaginary

        4.47e-19        -4.47e-19                0
       9.807e-18        9.807e-18                0
       6.452e-17       -6.452e-17                0
       8.036e-17       -8.036e-17                0
       8.714e-17       -8.714e-17                0
       1.646e-16       -1.646e-16                0
       1.728e-16       -1.728e-16                0
       2.911e-16       -2.911e-16                0
       2.982e-16       -2.982e-16                0
       5.348e-16       -5.348e-16                0
             0.2              0.2                0
            0.23             0.23                0
          0.2494           0.2494                0
            0.31             0.31                0
           0.354            0.354                0
          0.3943           0.3943                0
          0.8327           0.8309          0.05406
          0.8327           0.8309         -0.05406
          0.8372           0.8372                0
          0.8856           0.8856                0
          0.9195           0.9185          0.04348
          0.9195           0.9185         -0.04348
            0.94             0.94                0
            0.96             0.96                0
          0.9615           0.9615                0
          0.9679           0.9679                0
            0.99             0.99                0
            0.99             0.99                0
           1.014            1.014                0
           1.014            1.014                0
           1.036            1.036                0
           1.039            1.039          0.01172
           1.039            1.039         -0.01172
           1.147            1.147                0
           1.156            1.141           0.1868
           1.156            1.141          -0.1868
            1.39            1.384           0.1284
            1.39            1.384          -0.1284
           1.483            1.483                0
       1.879e+16       -1.879e+16                0
       1.127e+17       -1.127e+17                0
       1.754e+18       -1.754e+18                0


There are 14 eigenvalue(s) larger than 1 in modulus 
for 14 forward-looking variable(s)

The rank condition is verified.


MODEL SUMMARY

  Number of variables:         60
  Number of stochastic shocks: 7
  Number of state variables:   28
  Number of jumpers:           14
  Number of static variables:  24


MATRIX OF COVARIANCE OF EXOGENOUS SHOCKS
Variables         e_x       e_r       e_k       e_g       e_a       e_w       e_p
e_x          0.794416  0.000000  0.000000  0.000000  0.000000  0.000000  0.000000
e_r          0.000000  0.057456  0.000000  0.000000  0.000000  0.000000  0.000000
e_k          0.000000  0.000000  0.362043  0.000000  0.000000  0.000000  0.000000
e_g          0.000000  0.000000  0.000000  0.112225  0.000000  0.000000  0.000000
e_a          0.000000  0.000000  0.000000  0.000000  0.408321  0.000000  0.000000
e_w          0.000000  0.000000  0.000000  0.000000  0.000000  0.088209  0.000000
e_p          0.000000  0.000000  0.000000  0.000000  0.000000  0.000000  0.027390

POLICY AND TRANSITION FUNCTIONS
                                   y               i              pi               n          ext_pr
y(-1)                       0.312145        0.499827        0.017878        2.672109       -0.020317
c(-1)                       0.243019       -0.017376        0.002261       -0.177122       -0.008243
q(-1)                      -0.001153       -0.378522        0.000999       -5.507223        0.084079
n(-1)                       0.000290        0.095284       -0.000252        1.386308       -0.021165
k(-1)                      -0.018260       -0.438940       -0.038553       -2.279772        0.045023
rn(-1)                     -1.327480       -2.407505       -0.075232      -15.477379        0.149262
yf(-1)                     -0.312145       -0.499827       -0.017878       -2.672109        0.020317
cf(-1)                     -0.007267       -0.019480       -0.002381       -0.012588        0.007375
qf(-1)                     -0.068135       -0.116894       -0.009590       -0.495911        0.008023
nf(-1)                      0.017151        0.029425        0.002414        0.124833       -0.002020
kf(-1)                      0.066889        0.107389        0.005340        0.566700       -0.006832
rf(-1)                     -0.050984       -0.087469       -0.007176       -0.371078        0.006004
a(-1)                       0.506681        0.807472       -0.069808        2.371506       -0.065391
g(-1)                       0.143601       -0.047120        0.002963       -0.146052        0.005214
eps_p(-1)                  -0.294300       -0.453221        0.513260       -0.174836        0.063889
eps_w(-1)                   0.000522        0.011047        0.041072        0.580232        0.005717
eps_k(-1)                   2.198344        6.676299        0.206659       31.430971       -0.537901
eps_r(-1)                  -0.454538       -0.742469       -0.027791       -3.817514        0.044233
eps_x(-1)                   0.103447       -0.400285       -0.002727       -4.783334        0.029310
i(-1)                       0.180727        0.796997        0.001443       -0.568404       -0.001364
lev(-1)                     0.000004        0.001403       -0.000004        0.020419       -0.000312
w(-1)                       0.011569        0.017989        0.069132        0.965871        0.008425
pi(-1)                     -0.168423       -0.205516        0.343345        0.201422        0.018928
i_f(-1)                     0.006593        0.005647       -0.001296        0.095099        0.002579
levf(-1)                    0.000253        0.000433        0.000036        0.001839       -0.000030
e_x                        -0.104492        0.404328        0.002754        4.831651       -0.029606
e_r                        -1.976253       -3.228127       -0.120831      -16.597888        0.192317
e_k                        -2.220549       -6.743736       -0.208746      -31.748456        0.543334
e_g                        -0.149585        0.049083       -0.003086        0.152137       -0.005432
e_a                        -0.539022       -0.859013        0.074264       -2.522879        0.069565
e_w                         0.002611        0.055233        0.205358        2.901159        0.028586
e_p                        -0.949354       -1.462004        1.655676       -0.563988        0.206094


THEORETICAL MOMENTS
VARIABLE          MEAN   STD. DEV.    VARIANCE
y              -0.0000     42.2081   1781.5202
i              -0.0000     56.0048   3136.5342
pi              0.0000      0.8087      0.6539
n              -0.0000    160.7199  25830.8882
ext_pr         -0.0000      0.9785      0.9575



VARIANCE DECOMPOSITION (in percent)
             e_x     e_r     e_k     e_g     e_a     e_w     e_p
y           0.05    0.35   98.82    0.00    0.70    0.05    0.04
i           7.74    1.36   89.16    0.00    1.60    0.06    0.10
pi          0.60    1.31   75.66    0.00    1.93    4.16   16.34
n           0.72    0.38   98.81    0.00    0.05    0.04    0.00
ext_pr      1.10    1.89   95.61    0.00    1.14    0.10    0.17



MATRIX OF CORRELATIONS
Variables         y       i      pi       n  ext_pr
y            1.0000  0.1808 -0.4472  0.9341 -0.2684
i            0.1808  1.0000  0.5738 -0.0258 -0.7690
pi          -0.4472  0.5738  1.0000 -0.4800 -0.5503
n            0.9341 -0.0258 -0.4800  1.0000 -0.2509
ext_pr      -0.2684 -0.7690 -0.5503 -0.2509  1.0000



COEFFICIENTS OF AUTOCORRELATION
Order          1       2       3       4       5
y         0.9988  0.9958  0.9916  0.9863  0.9803
i         0.9927  0.9740  0.9466  0.9128  0.8744
pi        0.8985  0.8019  0.7321  0.6808  0.6399
n         0.9920  0.9847  0.9782  0.9723  0.9670
ext_pr    0.9376  0.8703  0.8000  0.7287  0.6577
Total computing time : 0h00m01s
