Starting Dynare (version 4.5.7).
Starting preprocessing of the model file ...
Found 60 equation(s).
Evaluating expressions...done
Computing static model derivatives:
 - order 1
Computing dynamic model derivatives:
 - order 1
 - order 2
Processing outputs ...
done
Preprocessing completed.

STEADY-STATE RESULTS:

y       		 -2.5152e-17
i       		 -4.53593e-17
ext_pr  		 -1.75377e-34
c       		 -7.48716e-17
lev     		 3.9443e-31
q       		 0
Lambda  		 0
l       		 2.26605e-16
d       		 3.89523e-31
v       		 3.2828e-31
rk      		 -1.75377e-34
x       		 5.32386e-33
z       		 5.32386e-33
nn      		 -5.78586e-16
mu      		 7.48716e-17
n       		 -5.78586e-16
ne      		 -5.78586e-16
k       		 -5.78586e-16
u       		 7.53022e-17
w       		 -3.86847e-16
r       		 0
zk      		 3.43043e-16
rn      		 0
pi      		 0
yf      		 -1.36292e-16
i_f     		 1.76831e-17
ext_prf 		 8.30005e-35
cf      		 -2.98852e-16
levf    		 2.95823e-31
qf      		 0
Lambdaf 		 0
lf      		 7.17628e-17
df      		 2.90863e-31
vf      		 3.31807e-31
rkf     		 8.30005e-35
xf      		 4.38603e-33
zf      		 4.38603e-33
nnf     		 -5.15544e-16
muf     		 2.98852e-16
nf      		 -5.15544e-16
nef     		 -5.15544e-16
kf      		 -5.15544e-16
uf      		 7.53022e-17
wf      		 -1.68962e-16
rf      		 0
zkf     		 3.43043e-16
a       		 0
g       		 0
eps_p   		 1.58161e-18
eps_w   		 -2.03622e-18
eps_k   		 -1.36725e-17
eps_r   		 0
eps_x   		 0
hobsgm  		 2.26605e-16
robs    		 1.0101
piobs   		 0.64
dy      		 0.32
dc      		 0.32
dfi     		 0.32
dw      		 0.32

EIGENVALUES:
         Modulus             Real        Imaginary

       3.735e-17        3.735e-17                0
       4.072e-17        4.072e-17                0
       5.528e-17        5.528e-17                0
       1.108e-16       -1.108e-16                0
       1.222e-16       -1.222e-16                0
       1.267e-16       -1.267e-16                0
       2.239e-16        2.239e-16                0
       5.777e-16       -5.777e-16                0
       1.201e-15        1.201e-15                0
        1.64e-15        -1.64e-15                0
             0.2              0.2                0
            0.23             0.23                0
          0.2528           0.2528                0
            0.31             0.31                0
          0.3542           0.3542                0
          0.3945           0.3945                0
          0.8431           0.8409          0.06051
          0.8431           0.8409         -0.06051
          0.8563           0.8551          0.04563
          0.8563           0.8551         -0.04563
          0.9055            0.904           0.0523
          0.9055            0.904          -0.0523
            0.94             0.94                0
            0.96             0.96                0
          0.9607           0.9607                0
          0.9673           0.9673                0
            0.99             0.99                0
            0.99             0.99                0
           1.014            1.014                0
           1.014            1.014                0
           1.036            1.036                0
           1.039            1.039          0.01241
           1.039            1.039         -0.01241
           1.143            1.127           0.1929
           1.143            1.127          -0.1929
           1.145            1.145                0
           1.364            1.364                0
       1.124e+16        1.124e+16                0
       1.802e+16        1.802e+16                0
       2.159e+16       -2.159e+16                0
       5.471e+16       -5.471e+16                0


There are 13 eigenvalue(s) larger than 1 in modulus 
for 13 forward-looking variable(s)

The rank condition is verified.


MODEL SUMMARY

  Number of variables:         60
  Number of stochastic shocks: 7
  Number of state variables:   28
  Number of jumpers:           13
  Number of static variables:  24


MATRIX OF COVARIANCE OF EXOGENOUS SHOCKS
Variables         e_x       e_r       e_k       e_g       e_a       e_w       e_p
e_x          0.794416  0.000000  0.000000  0.000000  0.000000  0.000000  0.000000
e_r          0.000000  0.057456  0.000000  0.000000  0.000000  0.000000  0.000000
e_k          0.000000  0.000000  0.362043  0.000000  0.000000  0.000000  0.000000
e_g          0.000000  0.000000  0.000000  0.112225  0.000000  0.000000  0.000000
e_a          0.000000  0.000000  0.000000  0.000000  0.408321  0.000000  0.000000
e_w          0.000000  0.000000  0.000000  0.000000  0.000000  0.088209  0.000000
e_p          0.000000  0.000000  0.000000  0.000000  0.000000  0.000000  0.027390

POLICY AND TRANSITION FUNCTIONS
                                   y               i              pi               n          ext_pr
y(-1)                       0.316942        0.550244        0.018563        2.811652       -0.010294
c(-1)                       0.244166       -0.014961        0.002239       -0.095955       -0.026389
lev(-1)                     0.000059        0.001879        0.000001        0.022780       -0.000444
q(-1)                      -0.015972       -0.506742       -0.000387       -6.143906        0.119761
n(-1)                       0.004021        0.127560        0.000097        1.546577       -0.030147
k(-1)                      -0.025267       -0.508838       -0.039397       -2.593811        0.062284
rn(-1)                     -1.358954       -2.717718       -0.079183      -16.546851        0.133362
yf(-1)                     -0.316942       -0.550244       -0.018563       -2.811652        0.010294
cf(-1)                     -0.011694       -0.031068       -0.002620       -0.118695        0.025983
levf(-1)                    0.000306        0.000579        0.000037        0.002495       -0.000051
qf(-1)                     -0.082602       -0.156071       -0.009974       -0.672806        0.013787
nf(-1)                      0.020793        0.039287        0.002511        0.169362       -0.003471
rf(-1)                     -0.061809       -0.116784       -0.007463       -0.503444        0.010317
a(-1)                       0.539534        0.955284       -0.067922        3.113559       -0.107312
g(-1)                       0.140765       -0.059616        0.002815       -0.208441        0.008862
eps_p(-1)                  -0.305248       -0.486896        0.513295       -0.924191        0.216290
eps_w(-1)                  -0.002325        0.000901        0.040949        0.498404        0.011108
eps_k(-1)                   2.329460        7.669418        0.216962       35.670536       -0.679056
eps_r(-1)                  -0.463641       -0.822912       -0.028795       -4.184496        0.070320
eps_x(-1)                   0.092534       -0.451922       -0.003495       -4.983744        0.039662
i(-1)                       0.182519        0.798708        0.001406       -0.507568       -0.010427
w(-1)                       0.007049        0.002365        0.068944        0.836212        0.017210
pi(-1)                     -0.171945       -0.214737        0.343330       -0.044012        0.078870
i_f(-1)                     0.003486       -0.000771       -0.001426        0.044566        0.009832
kf(-1)                      0.065558        0.113723        0.005622        0.599572       -0.012329
e_x                        -0.093469        0.456486        0.003530        5.034085       -0.040062
e_r                        -2.015829       -3.577879       -0.125196      -18.193459        0.305738
e_k                        -2.352990       -7.746887       -0.219153      -36.030845        0.685915
e_g                        -0.146630        0.062100       -0.002932        0.217126       -0.009232
e_a                        -0.573973       -1.016259        0.072258       -3.312297        0.114162
e_w                        -0.011624        0.004506        0.204746        2.492018        0.055539
e_p                        -0.984670       -1.570631        1.655791       -2.981260        0.697709


THEORETICAL MOMENTS
VARIABLE          MEAN   STD. DEV.    VARIANCE
y              -0.0000     42.3232   1791.2560
i              -0.0000     58.6591   3440.8934
pi              0.0000      0.8081      0.6531
n              -0.0000    158.9202  25255.6155
ext_pr         -0.0000      1.3804      1.9054



VARIANCE DECOMPOSITION (in percent)
             e_x     e_r     e_k     e_g     e_a     e_w     e_p
y           0.05    0.38   98.73    0.00    0.75    0.05    0.04
i           7.12    1.46   89.65    0.00    1.64    0.04    0.08
pi          0.56    1.39   75.67    0.00    1.86    4.15   16.36
n           0.73    0.38   98.78    0.00    0.07    0.04    0.00
ext_pr      0.77    1.92   94.86    0.00    1.51    0.10    0.83



MATRIX OF CORRELATIONS
Variables         y       i      pi       n  ext_pr
y            1.0000  0.1876 -0.4211  0.9128 -0.2744
i            0.1876  1.0000  0.5957 -0.0433 -0.7957
pi          -0.4211  0.5957  1.0000 -0.4558 -0.5388
n            0.9128 -0.0433 -0.4558  1.0000 -0.2471
ext_pr      -0.2744 -0.7957 -0.5388 -0.2471  1.0000



COEFFICIENTS OF AUTOCORRELATION
Order          1       2       3       4       5
y         0.9986  0.9952  0.9903  0.9843  0.9774
i         0.9913  0.9690  0.9365  0.8966  0.8516
pi        0.8969  0.7973  0.7241  0.6694  0.6253
n         0.9893  0.9796  0.9707  0.9627  0.9556
ext_pr    0.9430  0.8780  0.8065  0.7308  0.6533
Total computing time : 0h00m01s
