Starting Dynare (version 4.5.7).
Starting preprocessing of the model file ...
Substitution of Expectation operator: added 20 auxiliary variables and equations.
Substitution of endo leads >= 2: added 19 auxiliary variables and equations.
Substitution of endo lags >= 2: added 13 auxiliary variables and equations.
Substitution of exo lags: added 2 auxiliary variables and equations.
Found 143 equation(s).
Evaluating expressions...done
Computing static model derivatives:
 - order 1
Computing dynamic model derivatives:
 - order 1
Processing outputs ...
done
Preprocessing completed.




Residuals of the static equations:

Equation number 1 : 0
Equation number 2 : 0
Equation number 3 : 0.92544
Equation number 4 : -466940.1273
Equation number 5 : 0.92581
Equation number 6 : 0
Equation number 7 : 0
Equation number 8 : 0
Equation number 9 : 0
Equation number 10 : 0
Equation number 11 : 30.8578
Equation number 12 : 31.5208
Equation number 13 : 0
Equation number 14 : 0
Equation number 15 : -7.6051
Equation number 16 : -7.6563
Equation number 17 : 0
Equation number 18 : 0
Equation number 19 : 0
Equation number 20 : -253.8715
Equation number 21 : -261.2463
Equation number 22 : 0
Equation number 23 : 0
Equation number 24 : 0
Equation number 25 : 0
Equation number 26 : 0
Equation number 27 : 0
Equation number 28 : 0
Equation number 29 : 0
Equation number 30 : -261.2463
Equation number 31 : 0
Equation number 32 : -0.29691
Equation number 33 : 994.3773
Equation number 34 : 0
Equation number 35 : 0
Equation number 36 : 994.3773
Equation number 37 : 0
Equation number 38 : 0
Equation number 39 : 0
Equation number 40 : 0
Equation number 41 : 0
Equation number 42 : 0
Equation number 43 : 0
Equation number 44 : 0
Equation number 45 : 0
Equation number 46 : 0
Equation number 47 : 0
Equation number 48 : 0
Equation number 49 : 0
Equation number 50 : 0
Equation number 51 : 0
Equation number 52 : 0
Equation number 53 : 0
Equation number 54 : 0
Equation number 55 : 0
Equation number 56 : 0
Equation number 57 : 0
Equation number 58 : 0
Equation number 59 : 0
Equation number 60 : 0
Equation number 61 : 0
Equation number 62 : 0
Equation number 63 : 0
Equation number 64 : 0
Equation number 65 : 0
Equation number 66 : 0
Equation number 67 : 0
Equation number 68 : 0
Equation number 69 : 0
Equation number 70 : 0
Equation number 71 : 0
Equation number 72 : 0
Equation number 73 : 0
Equation number 74 : 0
Equation number 75 : 0
Equation number 76 : 0
Equation number 77 : 0
Equation number 78 : 0
Equation number 79 : 0
Equation number 80 : 0
Equation number 81 : 0
Equation number 82 : 0
Equation number 83 : 0
Equation number 84 : 0
Equation number 85 : 0
Equation number 86 : 0
Equation number 87 : 0
Equation number 88 : 0
Equation number 89 : 0



EIGENVALUES:
         Modulus             Real        Imaginary

               0               -0                0
               0               -0                0
               0               -0                0
       3.413e-29       -3.413e-29                0
       5.702e-20        5.702e-20                0
       1.075e-19        1.075e-19                0
       1.738e-19        1.738e-19                0
       2.968e-18        2.968e-18                0
       7.501e-18        7.501e-18                0
       1.268e-17        1.268e-17                0
       2.097e-17       -2.097e-17                0
       2.332e-17       -2.332e-17                0
       2.579e-17       -2.579e-17                0
       3.508e-17        3.508e-17                0
       4.609e-17       -4.609e-17                0
       5.061e-17       -5.061e-17                0
       5.168e-17        5.168e-17                0
       6.675e-17        6.675e-17                0
       7.468e-17       -7.468e-17                0
       1.725e-16        1.725e-16                0
        2.46e-16        -2.46e-16                0
       7.844e-14        7.844e-14                0
       2.299e-13        2.299e-13                0
       2.862e-13       -2.862e-13                0
       2.432e-12       -2.432e-12                0
       2.467e-08       -2.467e-08                0
       4.269e-06       -2.203e-06        3.657e-06
       4.269e-06       -2.203e-06       -3.657e-06
       4.431e-06        4.431e-06                0
         8.7e-05        6.774e-05        5.458e-05
         8.7e-05        6.774e-05       -5.458e-05
       8.738e-05        -5.41e-05        6.861e-05
       8.738e-05        -5.41e-05       -6.861e-05
       8.798e-05        5.546e-05         6.83e-05
       8.798e-05        5.546e-05        -6.83e-05
       8.825e-05        -6.91e-05         5.49e-05
       8.825e-05        -6.91e-05        -5.49e-05
         0.03484        -0.001775           0.0348
         0.03484        -0.001775          -0.0348
         0.03484        -0.001775           0.0348
         0.03484        -0.001775          -0.0348
         0.04074         -0.04074                0
         0.04074         -0.04074                0
          0.6623           0.6623                0
          0.7647           0.7647                0
          0.7647           0.7647                0
          0.7652           0.7652                0
            0.77           0.7668           0.0699
            0.77           0.7668          -0.0699
            0.77           0.7668           0.0699
            0.77           0.7668          -0.0699
          0.8475           0.8475                0
          0.8915           0.8915                0
          0.9102           0.9102                0
          0.9102           0.9102                0
          0.9891           0.9891                0
          0.9891           0.9891                0
          0.9983           0.9983                0
          0.9983           0.9983                0
           1.003            1.003                0
           1.003            1.003                0
           1.006            1.006                0
           1.006            1.006                0
           1.035            1.035         0.007692
           1.035            1.035        -0.007692
           1.035            1.035         0.007692
           1.035            1.035        -0.007692
           1.082             1.07           0.1648
           1.082             1.07          -0.1648
           1.082             1.07           0.1648
           1.082             1.07          -0.1648
           1.099            1.099                0
           1.099            1.099                0
           1.115            1.115                0
           1.115            1.115                0
            1.33             1.33                0
            1.33             1.33                0
           2.694            2.694                0
           2.694            2.694                0
           5.005            5.005                0
           5.005            5.005                0
       6.569e+15       -6.569e+15                0
       1.429e+17       -1.429e+17                0
       6.947e+17       -6.947e+17                0
       8.782e+17       -8.782e+17                0
       9.692e+17        9.692e+17                0
        1.24e+18        -1.24e+18                0
       1.633e+18        1.633e+18                0
       2.471e+18        2.471e+18                0
       2.546e+18        2.546e+18                0
       3.226e+18       -3.226e+18                0
       3.494e+18        3.494e+18                0
       7.757e+18        7.757e+18                0
       8.601e+18        8.601e+18                0
       8.789e+18       -8.789e+18                0
       1.034e+19        1.034e+19                0
       1.725e+19       -1.725e+19                0
       1.794e+19        1.794e+19                0
        2.75e+19        -2.75e+19                0
       2.914e+19       -2.914e+19                0
       3.524e+19       -3.524e+19                0
       4.089e+19       -4.089e+19                0
       4.625e+19        4.625e+19                0
       5.676e+19        5.676e+19                0
       6.017e+19       -6.017e+19                0
       6.625e+19        6.625e+19                0
       8.082e+19       -8.082e+19                0
       9.966e+19        9.966e+19                0
       1.501e+20       -1.501e+20                0
       1.522e+20       -1.522e+20                0
       2.398e+20       -2.398e+20                0
       3.157e+20       -3.157e+20                0
       3.405e+20       -3.405e+20                0
       7.043e+20       -7.043e+20                0
       5.186e+21       -5.186e+21                0
       5.405e+21        5.405e+21                0
       9.235e+21       -9.235e+21                0
       1.485e+22       -1.485e+22                0
       1.636e+23       -1.636e+23                0
       1.438e+25        1.438e+25                0


There are 61 eigenvalue(s) larger than 1 in modulus 
for 61 forward-looking variable(s)

The rank condition is verified.

Total computing time : 0h00m03s
