Starting Dynare (version 4.5.7).
Starting preprocessing of the model file ...
Found 60 equation(s).
Evaluating expressions...done
Computing static model derivatives:
 - order 1
Computing dynamic model derivatives:
 - order 1
 - order 2
Processing outputs ...
done
Preprocessing completed.

STEADY-STATE RESULTS:

y       		 -7.81452e-16
i       		 -1.00219e-15
ext_pr  		 3.22871e-35
c       		 -9.31706e-16
lev     		 -3.9443e-31
q       		 -1.13399e-30
Lambda  		 0
l       		 -1.03761e-15
d       		 -3.88507e-31
v       		 -3.96235e-31
rk      		 3.22871e-35
x       		 -5.74006e-33
z       		 -5.74006e-33
nn      		 4.26951e-16
mu      		 9.31706e-16
n       		 4.26951e-16
ne      		 4.26951e-16
k       		 4.26951e-16
u       		 -4.83901e-17
w       		 4.96756e-16
r       		 0
zk      		 -9.19413e-16
rn      		 1.11022e-16
pi      		 1.11022e-16
yf      		 3.52146e-16
i_f     		 -2.21895e-16
ext_prf 		 -1.4906e-34
cf      		 7.70819e-16
levf    		 -5.91646e-31
qf      		 -1.97215e-31
Lambdaf 		 0
lf      		 -2.13405e-16
df      		 -5.82555e-31
vf      		 -6.08119e-31
rkf     		 -1.4906e-34
xf      		 -8.0502e-33
zf      		 -8.0502e-33
nnf     		 1.20724e-15
muf     		 -7.70819e-16
nf      		 1.20724e-15
nef     		 1.20724e-15
kf      		 1.20724e-15
uf      		 -4.83901e-17
wf      		 4.52845e-16
rf      		 0
zkf     		 -9.19413e-16
a       		 0
g       		 0
eps_p   		 0
eps_w   		 1.0197e-17
eps_k   		 3.66446e-17
eps_r   		 0
eps_x   		 0
emp     		 -1.03761e-15
robs    		 1.0101
piobs   		 0.63
dy      		 0.3
dc      		 0.3
dfi     		 0.3
dw      		 0.3

EIGENVALUES:
         Modulus             Real        Imaginary

       3.114e-17        3.114e-17                0
        4.95e-17         4.95e-17                0
       4.956e-17       -4.956e-17                0
       9.476e-17        9.476e-17                0
       1.365e-16       -1.365e-16                0
       1.632e-16       -1.632e-16                0
       1.696e-16       -1.696e-16                0
       3.254e-16       -3.254e-16                0
       4.345e-16       -4.345e-16                0
       4.569e-16       -4.569e-16                0
          0.1484           0.1484                0
            0.24             0.24                0
          0.4634           0.4634                0
            0.58             0.58                0
          0.6321           0.6321                0
            0.72             0.72                0
             0.8              0.8                0
          0.8255           0.8216          0.08019
          0.8255           0.8216         -0.08019
            0.87           0.8684          0.05296
            0.87           0.8684         -0.05296
          0.8899           0.8881          0.05735
          0.8899           0.8881         -0.05735
             0.9              0.9                0
            0.92             0.92                0
           0.959            0.959                0
          0.9643           0.9643                0
            0.97             0.97                0
            0.99             0.99                0
           1.014            1.014                0
           1.014            1.014                0
           1.038            1.038                0
           1.044            1.044         0.009562
           1.044            1.044        -0.009562
           1.132            1.123           0.1425
           1.132            1.123          -0.1425
           1.206            1.206                0
           1.263            1.263                0
           1.336            1.336                0
       7.212e+15       -7.212e+15                0
       7.883e+15       -7.883e+15                0
       4.468e+16        4.468e+16                0
       9.043e+16        9.043e+16                0
       2.398e+17        2.398e+17                0


There are 15 eigenvalue(s) larger than 1 in modulus 
for 15 forward-looking variable(s)

The rank condition is verified.


MODEL SUMMARY

  Number of variables:         60
  Number of stochastic shocks: 7
  Number of state variables:   29
  Number of jumpers:           15
  Number of static variables:  23


MATRIX OF COVARIANCE OF EXOGENOUS SHOCKS
Variables         e_x       e_r       e_k       e_g       e_a       e_w       e_p
e_x          4.452100  0.000000  0.000000  0.000000  0.000000  0.000000  0.000000
e_r          0.000000  0.012100  0.000000  0.000000  0.000000  0.000000  0.000000
e_k          0.000000  0.000000  0.028900  0.000000  0.000000  0.000000  0.000000
e_g          0.000000  0.000000  0.000000  2.160900  0.000000  0.000000  0.000000
e_a          0.000000  0.000000  0.000000  0.000000  0.921600  0.000000  0.000000
e_w          0.000000  0.000000  0.000000  0.000000  0.000000  0.014400  0.000000
e_p          0.000000  0.000000  0.000000  0.000000  0.000000  0.000000  0.008100

POLICY AND TRANSITION FUNCTIONS
                                   y               i              pi               n          ext_pr
y(-1)                       0.144763        0.314757        0.022416        1.959208       -0.024497
c(-1)                       0.340919       -0.035249        0.007887       -0.187273        0.003707
lev(-1)                     0.000291        0.001922        0.000012        0.024271       -0.000494
q(-1)                      -0.078463       -0.518275       -0.003167       -6.546225        0.133161
n(-1)                       0.019751        0.130463        0.000797        1.647851       -0.033520
rn(-1)                     -1.669195       -3.889489       -0.251746      -26.694567        0.372165
yf(-1)                     -0.144763       -0.314757       -0.022416       -1.959208        0.024497
cf(-1)                     -0.012106       -0.033349       -0.006698       -0.166430        0.015482
levf(-1)                    0.000239        0.000547        0.000076        0.003163       -0.000064
qf(-1)                     -0.064425       -0.147398       -0.020493       -0.853111        0.017362
nf(-1)                      0.016217        0.037104        0.005159        0.214750       -0.004370
rf(-1)                     -0.048207       -0.110294       -0.015335       -0.638362        0.012991
a(-1)                       0.356942        0.777798       -0.099861        3.045479       -0.157969
g(-1)                       0.154454       -0.050606        0.004825       -0.199132        0.013230
eps_p(-1)                  -0.508999       -1.112353        1.107910       -2.996428        0.487258
eps_w(-1)                  -0.473398       -0.694565        1.134479        8.464803        0.259586
eps_k(-1)                   2.683564        7.762661        0.486206       45.547803       -0.874782
eps_r(-1)                  -0.565609       -1.245181       -0.091024       -7.737315        0.157453
eps_x(-1)                   0.070657       -0.206101       -0.013196       -3.814294        0.006522
i(-1)                       0.196517        0.810157        0.002424       -0.465995        0.002130
k(-1)                      -0.052660       -0.539749       -0.083108       -3.285526        0.057627
w(-1)                      -0.030965       -0.055335        0.108931        0.609076        0.044798
pi(-1)                     -0.054331       -0.079560        0.170501        0.137087        0.028779
i_f(-1)                    -0.000120       -0.003387       -0.002374        0.000621        0.005057
kf(-1)                      0.051427        0.115685        0.014097        0.699209       -0.015477
e_x                        -0.072842        0.212475        0.013605        3.932262       -0.006724
e_r                        -2.356703       -5.188256       -0.379266      -32.238814        0.656055
e_k                        -2.710670       -7.841072       -0.491118      -46.007882        0.883619
e_g                        -0.167885        0.055007       -0.005244        0.216448       -0.014381
e_a                        -0.396603       -0.864220        0.110957       -3.383866        0.175521
e_w                        -0.657497       -0.964674        1.575665       11.756671        0.360537
e_p                        -0.877585       -1.917851        1.910190       -5.166255        0.840099


THEORETICAL MOMENTS
VARIABLE         MEAN  STD. DEV.   VARIANCE
y             -0.0000    12.3362   152.1829
i             -0.0000    28.8660   833.2481
pi             0.0000     0.6761     0.4571
n              0.0000    51.9271  2696.4198
ext_pr         0.0000     0.5561     0.3093



VARIANCE DECOMPOSITION (in percent)
             e_x     e_r     e_k     e_g     e_a     e_w     e_p
y           1.69    1.58   83.83    0.09    9.28    3.34    0.18
i          58.98    2.29   29.58    0.07    7.64    1.29    0.14
pi         19.29    2.31   19.64    0.03    5.28   43.92    9.53
n          27.38    2.40   67.53    0.01    1.16    1.50    0.02
ext_pr     14.93    6.52   47.97    0.38   22.32    5.48    2.40



MATRIX OF CORRELATIONS
Variables         y       i      pi       n  ext_pr
y            1.0000 -0.0554 -0.3495  0.7038 -0.2688
i           -0.0554  1.0000  0.4513  0.1717 -0.6642
pi          -0.3495  0.4513  1.0000  0.0805 -0.1329
n            0.7038  0.1717  0.0805  1.0000 -0.4826
ext_pr      -0.2688 -0.6642 -0.1329 -0.4826  1.0000



COEFFICIENTS OF AUTOCORRELATION
Order          1       2       3       4       5
y         0.9966  0.9886  0.9776  0.9645  0.9504
i         0.9948  0.9813  0.9614  0.9369  0.9089
pi        0.8858  0.7632  0.6587  0.5722  0.5011
n         0.9700  0.9422  0.9164  0.8923  0.8699
ext_pr    0.8814  0.7850  0.7020  0.6279  0.5604
Total computing time : 0h00m01s
