Starting Dynare (version 4.5.7).
Starting preprocessing of the model file ...
Found 60 equation(s).
Evaluating expressions...done
Computing static model derivatives:
 - order 1
Computing dynamic model derivatives:
 - order 1
 - order 2
Processing outputs ...
done
Preprocessing completed.

STEADY-STATE RESULTS:

y       		 -7.81452e-16
i       		 -1.00219e-15
ext_pr  		 3.22871e-35
c       		 -9.31706e-16
lev     		 -3.9443e-31
q       		 -1.13399e-30
Lambda  		 0
l       		 -1.03761e-15
d       		 -3.88507e-31
v       		 -3.96235e-31
rk      		 3.22871e-35
x       		 -5.74006e-33
z       		 -5.74006e-33
nn      		 4.26951e-16
mu      		 9.31706e-16
n       		 4.26951e-16
ne      		 4.26951e-16
k       		 4.26951e-16
u       		 -4.83901e-17
w       		 4.96756e-16
r       		 0
zk      		 -9.19413e-16
rn      		 1.11022e-16
pi      		 1.11022e-16
yf      		 3.52146e-16
i_f     		 -2.21895e-16
ext_prf 		 -1.4906e-34
cf      		 7.70819e-16
levf    		 -5.91646e-31
qf      		 -1.97215e-31
Lambdaf 		 0
lf      		 -2.13405e-16
df      		 -5.82555e-31
vf      		 -6.08119e-31
rkf     		 -1.4906e-34
xf      		 -8.0502e-33
zf      		 -8.0502e-33
nnf     		 1.20724e-15
muf     		 -7.70819e-16
nf      		 1.20724e-15
nef     		 1.20724e-15
kf      		 1.20724e-15
uf      		 -4.83901e-17
wf      		 4.52845e-16
rf      		 0
zkf     		 -9.19413e-16
a       		 0
g       		 0
eps_p   		 0
eps_w   		 1.0197e-17
eps_k   		 3.66446e-17
eps_r   		 0
eps_x   		 0
emp     		 -1.03761e-15
robs    		 1.0101
piobs   		 0.63
dy      		 0.3
dc      		 0.3
dfi     		 0.3
dw      		 0.3

EIGENVALUES:
         Modulus             Real        Imaginary

       4.048e-19       -4.048e-19                0
       7.615e-18        7.615e-18                0
       1.526e-17        1.526e-17                0
       2.449e-17        2.449e-17                0
       3.643e-17        3.643e-17                0
       6.734e-17        6.734e-17                0
       6.768e-17       -6.768e-17                0
       1.063e-16        1.063e-16                0
       1.589e-16        1.589e-16                0
       3.044e-16       -3.044e-16                0
          0.1484           0.1484                0
            0.24             0.24                0
           0.456            0.456                0
            0.58             0.58                0
          0.6322           0.6322                0
            0.72             0.72                0
             0.8              0.8                0
           0.823           0.8188          0.08356
           0.823           0.8188         -0.08356
          0.8756           0.8753           0.0252
          0.8756           0.8753          -0.0252
             0.9              0.9                0
          0.9006           0.8994          0.04628
          0.9006           0.8994         -0.04628
            0.92             0.92                0
          0.9606           0.9606                0
          0.9651           0.9651                0
            0.97             0.97                0
            0.99             0.99                0
           1.014            1.014                0
           1.014            1.014                0
           1.038            1.038                0
           1.044            1.044         0.009127
           1.044            1.044        -0.009127
           1.136            1.127             0.14
           1.136            1.127            -0.14
           1.214            1.214                0
           1.263            1.263                0
            1.38            1.376           0.1058
            1.38            1.376          -0.1058
           1.474            1.474                0
       2.098e+17       -2.098e+17                0
       3.029e+17        3.029e+17                0
       7.436e+17       -7.436e+17                0


There are 15 eigenvalue(s) larger than 1 in modulus 
for 15 forward-looking variable(s)

The rank condition is verified.


MODEL SUMMARY

  Number of variables:         60
  Number of stochastic shocks: 7
  Number of state variables:   29
  Number of jumpers:           15
  Number of static variables:  23


MATRIX OF COVARIANCE OF EXOGENOUS SHOCKS
Variables         e_x       e_r       e_k       e_g       e_a       e_w       e_p
e_x          4.452100  0.000000  0.000000  0.000000  0.000000  0.000000  0.000000
e_r          0.000000  0.012100  0.000000  0.000000  0.000000  0.000000  0.000000
e_k          0.000000  0.000000  0.028900  0.000000  0.000000  0.000000  0.000000
e_g          0.000000  0.000000  0.000000  2.160900  0.000000  0.000000  0.000000
e_a          0.000000  0.000000  0.000000  0.000000  0.921600  0.000000  0.000000
e_w          0.000000  0.000000  0.000000  0.000000  0.000000  0.014400  0.000000
e_p          0.000000  0.000000  0.000000  0.000000  0.000000  0.000000  0.008100

POLICY AND TRANSITION FUNCTIONS
                                   y               i              pi               n          ext_pr
y(-1)                       0.139508        0.287861        0.021911        1.805540       -0.016279
c(-1)                       0.341713       -0.031775        0.007928       -0.153552        0.000266
q(-1)                      -0.052489       -0.390465       -0.000890       -5.749584        0.087948
n(-1)                       0.013213        0.098290        0.000224        1.447317       -0.022139
k(-1)                      -0.040614       -0.477429       -0.081777       -2.967450        0.045273
rn(-1)                     -1.591303       -3.494632       -0.244430      -24.388901        0.246918
yf(-1)                     -0.139508       -0.287861       -0.021911       -1.805540        0.016279
cf(-1)                     -0.008156       -0.022424       -0.006059       -0.071042        0.005305
qf(-1)                     -0.053661       -0.115982       -0.019345       -0.663693        0.008529
nf(-1)                      0.013508        0.029196        0.004870        0.167068       -0.002147
kf(-1)                      0.050157        0.106941        0.013739        0.630575       -0.008293
rf(-1)                     -0.040153       -0.086786       -0.014475       -0.496625        0.006382
a(-1)                       0.323178        0.659020       -0.102745        2.021905       -0.072355
g(-1)                       0.157646       -0.039240        0.005080       -0.107349        0.006042
eps_p(-1)                  -0.495030       -1.068920        1.106750       -1.291755        0.157320
eps_w(-1)                  -0.399065       -0.442408        1.136906       10.724890        0.175767
eps_k(-1)                   2.530670        7.077224        0.476394       41.121578       -0.619410
eps_r(-1)                  -0.543444       -1.134652       -0.089099       -6.953121        0.080142
eps_x(-1)                   0.079902       -0.167782       -0.011348       -3.649542        0.001540
i(-1)                       0.197590        0.816200        0.002562       -0.436463        0.000812
lev(-1)                     0.000195        0.001448        0.000003        0.021318       -0.000326
w(-1)                      -0.025192       -0.037153        0.108925        0.882222        0.016886
pi(-1)                     -0.053108       -0.076845        0.170421        0.244129        0.006656
i_f(-1)                     0.002118        0.001992       -0.001991        0.042434        0.001402
levf(-1)                    0.000199        0.000430        0.000072        0.002461       -0.000032
e_x                        -0.082373        0.172971        0.011699        3.762415       -0.001587
e_r                        -2.264349       -4.727716       -0.371247      -28.971336        0.333925
e_k                        -2.556233       -7.148711       -0.481206      -41.536947        0.625667
e_g                        -0.171355        0.042652       -0.005521        0.116684       -0.006567
e_a                        -0.359087       -0.732245        0.114161       -2.246561        0.080395
e_w                        -0.554256       -0.614456        1.579037       14.895681        0.244121
e_p                        -0.853501       -1.842966        1.908189       -2.227164        0.271242


THEORETICAL MOMENTS
VARIABLE         MEAN  STD. DEV.   VARIANCE
y             -0.0000    12.3081   151.4904
i             -0.0000    28.3631   804.4633
pi             0.0000     0.6797     0.4619
n              0.0000    51.9107  2694.7233
ext_pr         0.0000     0.4005     0.1604



VARIANCE DECOMPOSITION (in percent)
             e_x     e_r     e_k     e_g     e_a     e_w     e_p
y           1.97    1.45   84.10    0.10    8.70    3.49    0.19
i          59.72    2.04   29.20    0.06    7.22    1.59    0.17
pi         19.85    2.21   19.49    0.04    5.65   43.36    9.40
n          27.42    2.38   67.90    0.01    0.77    1.51    0.01
ext_pr     22.34    6.26   55.21    0.19   10.66    4.84    0.50



MATRIX OF CORRELATIONS
Variables         y       i      pi       n  ext_pr
y            1.0000 -0.0750 -0.3544  0.6989 -0.2469
i           -0.0750  1.0000  0.4596  0.1702 -0.7234
pi          -0.3544  0.4596  1.0000  0.0881 -0.2760
n            0.6989  0.1702  0.0881  1.0000 -0.5051
ext_pr      -0.2469 -0.7234 -0.2760 -0.5051  1.0000



COEFFICIENTS OF AUTOCORRELATION
Order          1       2       3       4       5
y         0.9968  0.9895  0.9793  0.9672  0.9540
i         0.9954  0.9835  0.9659  0.9438  0.9186
pi        0.8867  0.7651  0.6616  0.5762  0.5062
n         0.9750  0.9513  0.9289  0.9078  0.8878
ext_pr    0.9310  0.8666  0.8047  0.7448  0.6869
Total computing time : 0h00m01s
