 
STEADY-STATE RESULTS:
 
p                		 0
y                		 0
lambdda          		 0
w                		 0
R                		 0
z                		 0
lambddap         		 0
pit              		 0
b                		 0
ystar            		 0
lambddastar      		 0
wstar            		 0
Rstar            		 0
inflgap          		 0
realR            		 0
outpgap          		 0
 
 
 
 
Residuals of the static equations:
 
Equation number 1 : 0
Equation number 2 : 0
Equation number 3 : 0
Equation number 4 : 0
Equation number 5 : 0
Equation number 6 : 0
Equation number 7 : 0
Equation number 8 : 0
Equation number 9 : 0
Equation number 10 : 0
Equation number 11 : 0
Equation number 12 : 0
Equation number 13 : 0
Equation number 14 : 0
Equation number 15 : 0
Equation number 16 : 0
 
 
 
MODEL SUMMARY
 
  Number of variables:         18
  Number of stochastic shocks: 5
  Number of state variables:   10
  Number of jumpers:           5
  Number of static variables:  6


MATRIX OF COVARIANCE OF EXOGENOUS SHOCKS

Variables       Rs         zs     lambddaps     pits        bs    
Rs            0.000000   0.000000   0.000000   0.000000   0.000000
zs            0.000000   0.000000   0.000000   0.000000   0.000000
lambddaps     0.000000   0.000000   0.000000   0.000000   0.000000
pits          0.000000   0.000000   0.000000   1.000000   0.000000
bs            0.000000   0.000000   0.000000   0.000000   0.000000
 
POLICY AND TRANSITION FUNCTIONS
                        inflgap         realR           
R(-1)                      -0.015252        0.621875
z(-1)                      -0.000158       -0.000586
lambddap(-1)                1.435345       -1.315466
pit(-1)                     0.366368       -1.312479
b(-1)                       0.005041        0.026531
p(-2)                      -0.006387        0.102834
p(-3)                      -0.002860        0.116616
p(-1)                      -0.010403        0.092508
y(-1)                       0.000341        0.064990
ystar(-1)                   0.001559       -0.042086
Rs                         -0.021664        0.883345
zs                         -0.000600       -0.002219
lambddaps                   2.400242       -2.199776
pits                        0.368209       -1.319075
bs                          0.007212        0.037955


THEORETICAL MOMENTS

VARIABLE      MEAN    STD. DEV.   VARIANCE 
inflgap        0.0000     3.2389    10.4904
realR          0.0000     1.8443     3.4015
 


VARIANCE DECOMPOSITION (in percent)

              Rs         zs     lambddaps     pits        bs    
inflgap         0.00       0.00       0.00     100.00       0.00
realR           0.00       0.00       0.00     100.00       0.00
 


MATRIX OF CORRELATIONS

Variables   inflgap   realR  
inflgap       1.0000  -0.2733
realR        -0.2733   1.0000
 


COEFFICIENTS OF AUTOCORRELATION

Order        1       2       3       4       5   
inflgap    0.9935  0.9875  0.9819  0.9767  0.9716
realR      0.6907  0.4095  0.2007  0.0957  0.0469
Total computing time : 0h00m01s
