Starting Dynare (version 4.5.3).
Starting preprocessing of the model file ...
Substitution of endo lags >= 2: added 5 auxiliary variables and equations.
Found 61 equation(s).
Evaluating expressions...done
Computing static model derivatives:
 - order 1
Computing dynamic model derivatives:
 - order 1
 - order 2
Processing outputs ...
done
Preprocessing completed.

MODEL SUMMARY

  Number of variables:         61
  Number of stochastic shocks: 11
  Number of state variables:   22
  Number of jumpers:           21
  Number of static variables:  24


MATRIX OF COVARIANCE OF EXOGENOUS SHOCKS
Variables          eps_z     eps_phi  eps_lambda      eps_mu    eps_zeta       eps_m      eps_bu      eps_br      eps_Gz       eps_T       eps_B
eps_z           0.000000    0.000000    0.000000    0.000000    0.000000    0.000000    0.000000    0.000000    0.000000    0.000000    0.000000
eps_phi         0.000000    0.000000    0.000000    0.000000    0.000000    0.000000    0.000000    0.000000    0.000000    0.000000    0.000000
eps_lambda      0.000000    0.000000    0.000000    0.000000    0.000000    0.000000    0.000000    0.000000    0.000000    0.000000    0.000000
eps_mu          0.000000    0.000000    0.000000    0.000000    0.000000    0.000000    0.000000    0.000000    0.000000    0.000000    0.000000
eps_zeta        0.000000    0.000000    0.000000    0.000000    0.000000    0.000000    0.000000    0.000000    0.000000    0.000000    0.000000
eps_m           0.000000    0.000000    0.000000    0.000000    0.000000    0.003906    0.000000    0.000000    0.000000    0.000000    0.000000
eps_bu          0.000000    0.000000    0.000000    0.000000    0.000000    0.000000    0.000000    0.000000    0.000000    0.000000    0.000000
eps_br          0.000000    0.000000    0.000000    0.000000    0.000000    0.000000    0.000000    0.000000    0.000000    0.000000    0.000000
eps_Gz          0.000000    0.000000    0.000000    0.000000    0.000000    0.000000    0.000000    0.000000    0.000000    0.000000    0.000000
eps_T           0.000000    0.000000    0.000000    0.000000    0.000000    0.000000    0.000000    0.000000    0.000000    0.000000    0.000000
eps_B           0.000000    0.000000    0.000000    0.000000    0.000000    0.000000    0.000000    0.000000    0.000000    0.000000    0.000000

POLICY AND TRANSITION FUNCTIONS
                                  dy               y            infl             FFR        bondrate        riskprem
r(-1)                      -3.306190       -0.826548       -0.264611        3.029060        0.141075       -0.012186
wz(-1)                      0.037886        0.009471        0.102875        0.096124        0.027626        0.000476
Kz(-1)                      0.326682        0.081670       -0.377847       -0.331319       -0.092950       -0.002968
Yz(-1)                     -3.866890        0.033277        0.057522        0.058969        0.009396        0.000601
mu(-1)                      0.308642        0.077161        0.103124        0.108983        0.058499       -0.000202
psi(-1)                    -0.000440       -0.000110        0.001266        0.001140        0.000343        0.000006
Bz(-1)                     -0.300635       -0.075159        0.142246        0.116442       -0.000860       -0.001839
BzL(-1)                    -0.256850       -0.064213        0.121529        0.099484       -0.000735       -0.001571
Gz(-1)                      0.570218        0.142555        0.034442        0.058192        0.013442        0.000121
shock_zeta(-1)             -0.499661       -0.124915       -0.034312       -0.054781        1.301067        0.355759
BLMVz(-1)                   0.022275        0.005569       -0.012792       -0.010694        0.010268        0.002984
Yz(-2)                      0.151668        0.037917        0.045098        0.048439        0.003669        0.000579
Yz(-3)                      0.162361        0.040590        0.033198        0.038023       -0.002101        0.000567
Yz(-4)                      0.163707        0.040927        0.022161       -0.158645       -0.007731        0.000564
z(-2)                      -0.326067       -0.081517       -0.055358        0.120621        0.009832       -0.001130
z(-3)                      -0.163707       -0.040927       -0.022161        0.158645        0.007731       -0.000564
Iz(-1)                      0.946878        0.236719        0.043815        0.084361        0.025396       -0.000106
z(-1)                      -0.677671       -0.169418       -0.133121        0.059580        0.012094       -0.001100
bu(-1)                     -0.203257       -0.050814        0.130501        0.110213        0.022436        0.001360
br(-1)                     -0.080781       -0.020195        0.047541        0.039836        0.008458        0.000449
Czu(-1)                     1.458593        0.364648        0.114400        0.172973        0.042678        0.000468
Czr(-1)                     0.083973        0.020993        0.006586        0.009958        0.002457        0.000027
eps_z                      -1.398154       -0.349538       -0.228424       -0.088128        0.041478        0.004266
eps_phi                    -0.000867       -0.000217        0.002494        0.002247        0.000676        0.000012
eps_lambda                 -0.001582       -0.000396        0.002911        0.002596        0.000066               0
eps_mu                      0.363579        0.090895        0.121479        0.128382        0.068912       -0.000239
eps_zeta                   -0.530088       -0.132522       -0.036401       -0.058117        1.380295        0.377423
eps_m                      -3.509113       -0.877278       -0.475023        3.400605        0.165716       -0.012080
eps_bu                     -0.211417       -0.052854        0.135741        0.114638        0.023337        0.001415
eps_br                     -0.084024       -0.021006        0.049450        0.041436        0.008797        0.000467
eps_Gz                      0.761205        0.190301        0.045978        0.077683        0.017944        0.000162
eps_T                       0.000987        0.000247       -0.000467       -0.000382        0.000003        0.000006
eps_B                       0.021779        0.005445       -0.012637       -0.010575        0.010627        0.003081


THEORETICAL MOMENTS
VARIABLE         MEAN  STD. DEV.   VARIANCE
dy             0.0000     0.2978     0.0887
y                 NaN        NaN        NaN
infl           0.0000     0.0349     0.0012
FFR            0.0000     0.2920     0.0853
bondrate       0.0000     0.0670     0.0045
riskprem       0.0000     0.0063     0.0000



VARIANCE DECOMPOSITION (in percent)
                 eps_z     eps_phi  eps_lambda      eps_mu    eps_zeta       eps_m      eps_bu      eps_br      eps_Gz       eps_T       eps_B
dy                0.00        0.00        0.00        0.00        0.00      100.00        0.00        0.00        0.00        0.00        0.00
infl              0.00        0.00        0.00        0.00        0.00      100.00        0.00        0.00        0.00        0.00        0.00
FFR               0.00        0.00        0.00        0.00        0.00      100.00        0.00        0.00        0.00        0.00        0.00
bondrate          0.00        0.00        0.00        0.00        0.00      100.00        0.00        0.00        0.00        0.00        0.00
riskprem          0.00        0.00        0.00        0.00        0.00      100.00        0.00        0.00        0.00        0.00        0.00



MATRIX OF CORRELATIONS
Variables          dy      infl       FFR  bondrate  riskprem
dy             1.0000    0.9692   -0.9600   -0.0055    0.3307
infl           0.9692    1.0000   -0.9356   -0.0214    0.3191
FFR           -0.9600   -0.9356    1.0000    0.2739   -0.0685
bondrate      -0.0055   -0.0214    0.2739    1.0000    0.9391
riskprem       0.3307    0.3191   -0.0685    0.9391    1.0000



COEFFICIENTS OF AUTOCORRELATION
Order            1       2       3       4       5
dy          0.6763  0.4577  0.3118  0.2152  0.1509
infl        0.5216  0.2767  0.1515  0.0879  0.0558
FFR         0.6801  0.4295  0.2445  0.1290  0.0579
bondrate    0.9778  0.9576  0.9401  0.9254  0.9126
riskprem    0.9927  0.9848  0.9765  0.9681  0.9596
Total computing time : 0h00m01s
