Starting Dynare (version 4.5.6).
Starting preprocessing of the model file ...
Found 15 equation(s).
Evaluating expressions...done
Computing static model derivatives:
 - order 1
Computing dynamic model derivatives:
 - order 1
Processing outputs ...
done
Preprocessing completed.

--------------------------------------------------------
MODEL SIMULATION:

Iter: 1,	 err. = 0.054404, 	 time = 0.434
Iter: 2,	 err. = 0.014271, 	 time = 0.758
Iter: 3,	 err. = 0.00045944, 	 time = 0.343
Iter: 4,	 err. = 5.4773e-07, 	 time = 0.356

Total time of simulation: 3.751
--------------------------------------------------------

Perfect foresight solution found.

Total computing time : 0h00m04s
