Starting Dynare (version 4.5.7).
Starting preprocessing of the model file ...
Found 17 equation(s).
Evaluating expressions...done
Computing static model derivatives:
 - order 1
Computing dynamic model derivatives:
 - order 1
 - order 2
Processing outputs ...
done
Preprocessing completed.

MODEL SUMMARY

  Number of variables:         17
  Number of stochastic shocks: 6
  Number of state variables:   8
  Number of jumpers:           4
  Number of static variables:  7


MATRIX OF COVARIANCE OF EXOGENOUS SHOCKS
Variables       eps_z    eps_nu    eps_mu     eps_a     eps_g     eps_m
eps_z        0.000196  0.000000  0.000000  0.000000  0.000000  0.000000
eps_nu       0.000000  0.000231  0.000000  0.000000  0.000000  0.000000
eps_mu       0.000000  0.000000  0.000353  0.000000  0.000000  0.000000
eps_a        0.000000  0.000000  0.000000  0.000019  0.000000  0.000000
eps_g        0.000000  0.000000  0.000000  0.000000  1.000000  0.000000
eps_m        0.000000  0.000000  0.000000  0.000000  0.000000  0.000030

POLICY AND TRANSITION FUNCTIONS
                                   c               y               m             pit              RR               R
nu(-1)                      0.174419        0.139535       -4.728198        0.162791        0.162791        0.244186
mu(-1)                     -0.116279       -0.093023       -1.764535        0.058140        0.058140        0.087209
a(-1)                       0.523256        0.418605        7.940407       -0.261628       -0.261628       -0.392442
g(-1)                      -0.406977        0.174419       -6.175872        0.203488        0.203488        0.305233
z(-1)                              0               0       -0.250000               0               0               0
eps_z                              0               0       -0.500000               0               0               0
eps_nu                      0.348837        0.279070       -9.456395        0.325581        0.325581        0.488372
eps_mu                     -0.232558       -0.186047       -3.529070        0.116279        0.116279        0.174419
eps_a                       1.046512        0.837209       15.880814       -0.523256       -0.523256       -0.784884
eps_g                      -0.813953        0.348837      -12.351744        0.406977        0.406977        0.610465
eps_m                      -0.257832       -0.206265       -5.156633       -0.494779        0.257832        0.257832


THEORETICAL MOMENTS
VARIABLE         MEAN  STD. DEV.   VARIANCE
c              0.0000     0.9399     0.8835
y              0.0000     0.4029     0.1623
m              0.0000    14.2640   203.4616
pit            0.0000     0.4700     0.2209
RR             0.0000     0.4700     0.2209
R              0.0000     0.7050     0.4970



VARIANCE DECOMPOSITION (in percent)
        eps_z  eps_nu  eps_mu   eps_a   eps_g   eps_m
c        0.00    0.00    0.00    0.00   99.99    0.00
y        0.00    0.01    0.01    0.01   99.96    0.00
m        0.00    0.01    0.00    0.00   99.98    0.00
pit      0.00    0.01    0.00    0.00   99.98    0.00
RR       0.00    0.01    0.00    0.00   99.98    0.00
R        0.00    0.01    0.00    0.00   99.98    0.00



MATRIX OF CORRELATIONS
Variables         c       y       m     pit      RR       R
c            1.0000 -0.9996  0.9998 -0.9998 -0.9998 -0.9998
y           -0.9996  1.0000 -0.9997  0.9997  0.9997  0.9997
m            0.9998 -0.9997  1.0000 -1.0000 -1.0000 -1.0000
pit         -0.9998  0.9997 -1.0000  1.0000  1.0000  1.0000
RR          -0.9998  0.9997 -1.0000  1.0000  1.0000  1.0000
R           -0.9998  0.9997 -1.0000  1.0000  1.0000  1.0000



COEFFICIENTS OF AUTOCORRELATION
Order         1       2       3       4       5
c        0.5000  0.2500  0.1250  0.0625  0.0312
y        0.5000  0.2500  0.1250  0.0625  0.0312
m        0.5000  0.2500  0.1250  0.0625  0.0312
pit      0.5000  0.2500  0.1250  0.0625  0.0312
RR       0.5000  0.2500  0.1250  0.0625  0.0312
R        0.5000  0.2500  0.1250  0.0625  0.0312
Total computing time : 0h00m00s
