Starting Dynare (version 4.5.7).
Starting preprocessing of the model file ...
Found 17 equation(s).
Evaluating expressions...done
Computing static model derivatives:
 - order 1
Computing dynamic model derivatives:
 - order 1
 - order 2
Processing outputs ...
done
Preprocessing completed.

MODEL SUMMARY

  Number of variables:         17
  Number of stochastic shocks: 6
  Number of state variables:   8
  Number of jumpers:           4
  Number of static variables:  7


MATRIX OF COVARIANCE OF EXOGENOUS SHOCKS
Variables       eps_z    eps_nu    eps_mu     eps_a     eps_g     eps_m
eps_z        0.000196  0.000000  0.000000  0.000000  0.000000  0.000000
eps_nu       0.000000  0.000231  0.000000  0.000000  0.000000  0.000000
eps_mu       0.000000  0.000000  0.000353  0.000000  0.000000  0.000000
eps_a        0.000000  0.000000  0.000000  0.000019  0.000000  0.000000
eps_g        0.000000  0.000000  0.000000  0.000000  1.000000  0.000000
eps_m        0.000000  0.000000  0.000000  0.000000  0.000000  0.000030

POLICY AND TRANSITION FUNCTIONS
                                   c               y               m             pit              RR               R
m(-1)                       0.082258        0.065806        0.970957       -0.056340        0.006815       -0.047889
nu(-1)                      0.144428        0.115543        0.673807       -0.036562        0.025165       -0.031078
mu(-1)                     -0.127658       -0.102126        0.250765       -0.018280        0.007730       -0.015538
a(-1)                       0.574460        0.459568       -1.128444        0.082259       -0.034786        0.069920
g(-1)                      -0.446802        0.142558        0.877679       -0.063979        0.027055       -0.054382
z(-1)                       0.041129        0.032903        0.235479       -0.028170        0.003407       -0.023944
eps_z                       0.082258        0.065806        0.470957       -0.056340        0.006815       -0.047889
eps_nu                      0.288856        0.231085        1.347614       -0.073124        0.050330       -0.062156
eps_mu                     -0.255315       -0.204252        0.501531       -0.036559        0.015460       -0.031075
eps_a                       1.148919        0.919135       -2.256888        0.164517       -0.069571        0.139840
eps_g                      -0.893604        0.285117        1.755358       -0.127958        0.054111       -0.108764
eps_m                      -0.507111       -0.405688        3.835143       -1.399004        0.026917       -0.189153


THEORETICAL MOMENTS
VARIABLE         MEAN  STD. DEV.   VARIANCE
c              0.0000     1.4604     2.1329
y              0.0000     1.0447     1.0914
m              0.0000    14.3967   207.2660
pit            0.0000     0.8441     0.7126
RR             0.0000     0.1233     0.0152
R              0.0000     0.7175     0.5148



VARIANCE DECOMPOSITION (in percent)
        eps_z  eps_nu  eps_mu   eps_a   eps_g   eps_m
c        0.00    0.01    0.00    0.00   99.98    0.00
y        0.00    0.01    0.00    0.00   99.97    0.00
m        0.00    0.01    0.00    0.00   99.98    0.00
pit      0.00    0.01    0.00    0.00   99.97    0.01
RR       0.00    0.02    0.00    0.00   99.97    0.00
R        0.00    0.01    0.00    0.00   99.98    0.00



MATRIX OF CORRELATIONS
Variables         c       y       m     pit      RR       R
c            1.0000  0.4601  0.6096 -0.5820  0.2665 -0.5820
y            0.4601  1.0000  0.9842 -0.9897  0.9783 -0.9897
m            0.6096  0.9842  1.0000 -0.9994  0.9265 -0.9994
pit         -0.5820 -0.9897 -0.9994  1.0000 -0.9388  1.0000
RR           0.2665  0.9783  0.9265 -0.9388  1.0000 -0.9388
R           -0.5820 -0.9897 -0.9994  1.0000 -0.9388  1.0000



COEFFICIENTS OF AUTOCORRELATION
Order         1       2       3       4       5
c        0.7048  0.5512  0.4686  0.4218  0.3929
y        0.9618  0.9293  0.9000  0.8728  0.8468
m        0.9902  0.9711  0.9477  0.9226  0.8970
pit      0.9871  0.9665  0.9425  0.9172  0.8915
RR       0.8930  0.8281  0.7846  0.7520  0.7253
R        0.9872  0.9666  0.9426  0.9172  0.8916
Total computing time : 0h00m01s
